ARM GAS  C:\Users\49542\AppData\Local\Temp\cci7b0cB.s 			page 1


   1              		.cpu cortex-m4
   2              		.eabi_attribute 27, 1
   3              		.eabi_attribute 28, 1
   4              		.eabi_attribute 20, 1
   5              		.eabi_attribute 21, 1
   6              		.eabi_attribute 23, 3
   7              		.eabi_attribute 24, 1
   8              		.eabi_attribute 25, 1
   9              		.eabi_attribute 26, 1
  10              		.eabi_attribute 30, 1
  11              		.eabi_attribute 34, 1
  12              		.eabi_attribute 18, 4
  13              		.file	"gd32f30x_dbg.c"
  14              		.text
  15              	.Ltext0:
  16              		.cfi_sections	.debug_frame
  17              		.section	.text.dbg_deinit,"ax",%progbits
  18              		.align	1
  19              		.global	dbg_deinit
  20              		.syntax unified
  21              		.thumb
  22              		.thumb_func
  23              		.fpu fpv4-sp-d16
  25              	dbg_deinit:
  26              	.LFB116:
  27              		.file 1 "C:/Users/49542/Desktop/GD32F30x_Demo_Suites_V2.0.0/GD32F30x_Demo_Suites_V2.0.0/GD32F30x_F
   1:C:/Users/49542/Desktop/GD32F30x_Demo_Suites_V2.0.0/GD32F30x_Demo_Suites_V2.0.0/GD32F30x_Firmware_Library/GD32F30x_standard_peripheral/Source\gd32f30x_dbg.c **** /*!
   2:C:/Users/49542/Desktop/GD32F30x_Demo_Suites_V2.0.0/GD32F30x_Demo_Suites_V2.0.0/GD32F30x_Firmware_Library/GD32F30x_standard_peripheral/Source\gd32f30x_dbg.c ****     \file  gd32f30x_dbg.c
   3:C:/Users/49542/Desktop/GD32F30x_Demo_Suites_V2.0.0/GD32F30x_Demo_Suites_V2.0.0/GD32F30x_Firmware_Library/GD32F30x_standard_peripheral/Source\gd32f30x_dbg.c ****     \brief DBG driver
   4:C:/Users/49542/Desktop/GD32F30x_Demo_Suites_V2.0.0/GD32F30x_Demo_Suites_V2.0.0/GD32F30x_Firmware_Library/GD32F30x_standard_peripheral/Source\gd32f30x_dbg.c **** 
   5:C:/Users/49542/Desktop/GD32F30x_Demo_Suites_V2.0.0/GD32F30x_Demo_Suites_V2.0.0/GD32F30x_Firmware_Library/GD32F30x_standard_peripheral/Source\gd32f30x_dbg.c ****     \version 2017-02-10, V1.0.0, firmware for GD32F30x
   6:C:/Users/49542/Desktop/GD32F30x_Demo_Suites_V2.0.0/GD32F30x_Demo_Suites_V2.0.0/GD32F30x_Firmware_Library/GD32F30x_standard_peripheral/Source\gd32f30x_dbg.c ****     \version 2018-10-10, V1.1.0, firmware for GD32F30x
   7:C:/Users/49542/Desktop/GD32F30x_Demo_Suites_V2.0.0/GD32F30x_Demo_Suites_V2.0.0/GD32F30x_Firmware_Library/GD32F30x_standard_peripheral/Source\gd32f30x_dbg.c ****     \version 2018-12-25, V2.0.0, firmware for GD32F30x
   8:C:/Users/49542/Desktop/GD32F30x_Demo_Suites_V2.0.0/GD32F30x_Demo_Suites_V2.0.0/GD32F30x_Firmware_Library/GD32F30x_standard_peripheral/Source\gd32f30x_dbg.c **** */
   9:C:/Users/49542/Desktop/GD32F30x_Demo_Suites_V2.0.0/GD32F30x_Demo_Suites_V2.0.0/GD32F30x_Firmware_Library/GD32F30x_standard_peripheral/Source\gd32f30x_dbg.c **** 
  10:C:/Users/49542/Desktop/GD32F30x_Demo_Suites_V2.0.0/GD32F30x_Demo_Suites_V2.0.0/GD32F30x_Firmware_Library/GD32F30x_standard_peripheral/Source\gd32f30x_dbg.c **** /*
  11:C:/Users/49542/Desktop/GD32F30x_Demo_Suites_V2.0.0/GD32F30x_Demo_Suites_V2.0.0/GD32F30x_Firmware_Library/GD32F30x_standard_peripheral/Source\gd32f30x_dbg.c ****     Copyright (c) 2018, GigaDevice Semiconductor Inc.
  12:C:/Users/49542/Desktop/GD32F30x_Demo_Suites_V2.0.0/GD32F30x_Demo_Suites_V2.0.0/GD32F30x_Firmware_Library/GD32F30x_standard_peripheral/Source\gd32f30x_dbg.c **** 
  13:C:/Users/49542/Desktop/GD32F30x_Demo_Suites_V2.0.0/GD32F30x_Demo_Suites_V2.0.0/GD32F30x_Firmware_Library/GD32F30x_standard_peripheral/Source\gd32f30x_dbg.c ****     All rights reserved.
  14:C:/Users/49542/Desktop/GD32F30x_Demo_Suites_V2.0.0/GD32F30x_Demo_Suites_V2.0.0/GD32F30x_Firmware_Library/GD32F30x_standard_peripheral/Source\gd32f30x_dbg.c **** 
  15:C:/Users/49542/Desktop/GD32F30x_Demo_Suites_V2.0.0/GD32F30x_Demo_Suites_V2.0.0/GD32F30x_Firmware_Library/GD32F30x_standard_peripheral/Source\gd32f30x_dbg.c ****     Redistribution and use in source and binary forms, with or without modification, 
  16:C:/Users/49542/Desktop/GD32F30x_Demo_Suites_V2.0.0/GD32F30x_Demo_Suites_V2.0.0/GD32F30x_Firmware_Library/GD32F30x_standard_peripheral/Source\gd32f30x_dbg.c **** are permitted provided that the following conditions are met:
  17:C:/Users/49542/Desktop/GD32F30x_Demo_Suites_V2.0.0/GD32F30x_Demo_Suites_V2.0.0/GD32F30x_Firmware_Library/GD32F30x_standard_peripheral/Source\gd32f30x_dbg.c **** 
  18:C:/Users/49542/Desktop/GD32F30x_Demo_Suites_V2.0.0/GD32F30x_Demo_Suites_V2.0.0/GD32F30x_Firmware_Library/GD32F30x_standard_peripheral/Source\gd32f30x_dbg.c ****     1. Redistributions of source code must retain the above copyright notice, this 
  19:C:/Users/49542/Desktop/GD32F30x_Demo_Suites_V2.0.0/GD32F30x_Demo_Suites_V2.0.0/GD32F30x_Firmware_Library/GD32F30x_standard_peripheral/Source\gd32f30x_dbg.c ****        list of conditions and the following disclaimer.
  20:C:/Users/49542/Desktop/GD32F30x_Demo_Suites_V2.0.0/GD32F30x_Demo_Suites_V2.0.0/GD32F30x_Firmware_Library/GD32F30x_standard_peripheral/Source\gd32f30x_dbg.c ****     2. Redistributions in binary form must reproduce the above copyright notice, 
  21:C:/Users/49542/Desktop/GD32F30x_Demo_Suites_V2.0.0/GD32F30x_Demo_Suites_V2.0.0/GD32F30x_Firmware_Library/GD32F30x_standard_peripheral/Source\gd32f30x_dbg.c ****        this list of conditions and the following disclaimer in the documentation 
  22:C:/Users/49542/Desktop/GD32F30x_Demo_Suites_V2.0.0/GD32F30x_Demo_Suites_V2.0.0/GD32F30x_Firmware_Library/GD32F30x_standard_peripheral/Source\gd32f30x_dbg.c ****        and/or other materials provided with the distribution.
  23:C:/Users/49542/Desktop/GD32F30x_Demo_Suites_V2.0.0/GD32F30x_Demo_Suites_V2.0.0/GD32F30x_Firmware_Library/GD32F30x_standard_peripheral/Source\gd32f30x_dbg.c ****     3. Neither the name of the copyright holder nor the names of its contributors 
  24:C:/Users/49542/Desktop/GD32F30x_Demo_Suites_V2.0.0/GD32F30x_Demo_Suites_V2.0.0/GD32F30x_Firmware_Library/GD32F30x_standard_peripheral/Source\gd32f30x_dbg.c ****        may be used to endorse or promote products derived from this software without 
  25:C:/Users/49542/Desktop/GD32F30x_Demo_Suites_V2.0.0/GD32F30x_Demo_Suites_V2.0.0/GD32F30x_Firmware_Library/GD32F30x_standard_peripheral/Source\gd32f30x_dbg.c ****        specific prior written permission.
  26:C:/Users/49542/Desktop/GD32F30x_Demo_Suites_V2.0.0/GD32F30x_Demo_Suites_V2.0.0/GD32F30x_Firmware_Library/GD32F30x_standard_peripheral/Source\gd32f30x_dbg.c **** 
  27:C:/Users/49542/Desktop/GD32F30x_Demo_Suites_V2.0.0/GD32F30x_Demo_Suites_V2.0.0/GD32F30x_Firmware_Library/GD32F30x_standard_peripheral/Source\gd32f30x_dbg.c ****     THIS SOFTWARE IS PROVIDED BY THE COPYRIGHT HOLDERS AND CONTRIBUTORS "AS IS" 
  28:C:/Users/49542/Desktop/GD32F30x_Demo_Suites_V2.0.0/GD32F30x_Demo_Suites_V2.0.0/GD32F30x_Firmware_Library/GD32F30x_standard_peripheral/Source\gd32f30x_dbg.c **** AND ANY EXPRESS OR IMPLIED WARRANTIES, INCLUDING, BUT NOT LIMITED TO, THE IMPLIED 
  29:C:/Users/49542/Desktop/GD32F30x_Demo_Suites_V2.0.0/GD32F30x_Demo_Suites_V2.0.0/GD32F30x_Firmware_Library/GD32F30x_standard_peripheral/Source\gd32f30x_dbg.c **** WARRANTIES OF MERCHANTABILITY AND FITNESS FOR A PARTICULAR PURPOSE ARE DISCLAIMED. 
  30:C:/Users/49542/Desktop/GD32F30x_Demo_Suites_V2.0.0/GD32F30x_Demo_Suites_V2.0.0/GD32F30x_Firmware_Library/GD32F30x_standard_peripheral/Source\gd32f30x_dbg.c **** IN NO EVENT SHALL THE COPYRIGHT HOLDER OR CONTRIBUTORS BE LIABLE FOR ANY DIRECT, 
  31:C:/Users/49542/Desktop/GD32F30x_Demo_Suites_V2.0.0/GD32F30x_Demo_Suites_V2.0.0/GD32F30x_Firmware_Library/GD32F30x_standard_peripheral/Source\gd32f30x_dbg.c **** INDIRECT, INCIDENTAL, SPECIAL, EXEMPLARY, OR CONSEQUENTIAL DAMAGES (INCLUDING, BUT 
ARM GAS  C:\Users\49542\AppData\Local\Temp\cci7b0cB.s 			page 2


  32:C:/Users/49542/Desktop/GD32F30x_Demo_Suites_V2.0.0/GD32F30x_Demo_Suites_V2.0.0/GD32F30x_Firmware_Library/GD32F30x_standard_peripheral/Source\gd32f30x_dbg.c **** NOT LIMITED TO, PROCUREMENT OF SUBSTITUTE GOODS OR SERVICES; LOSS OF USE, DATA, OR 
  33:C:/Users/49542/Desktop/GD32F30x_Demo_Suites_V2.0.0/GD32F30x_Demo_Suites_V2.0.0/GD32F30x_Firmware_Library/GD32F30x_standard_peripheral/Source\gd32f30x_dbg.c **** PROFITS; OR BUSINESS INTERRUPTION) HOWEVER CAUSED AND ON ANY THEORY OF LIABILITY, 
  34:C:/Users/49542/Desktop/GD32F30x_Demo_Suites_V2.0.0/GD32F30x_Demo_Suites_V2.0.0/GD32F30x_Firmware_Library/GD32F30x_standard_peripheral/Source\gd32f30x_dbg.c **** WHETHER IN CONTRACT, STRICT LIABILITY, OR TORT (INCLUDING NEGLIGENCE OR OTHERWISE) 
  35:C:/Users/49542/Desktop/GD32F30x_Demo_Suites_V2.0.0/GD32F30x_Demo_Suites_V2.0.0/GD32F30x_Firmware_Library/GD32F30x_standard_peripheral/Source\gd32f30x_dbg.c **** ARISING IN ANY WAY OUT OF THE USE OF THIS SOFTWARE, EVEN IF ADVISED OF THE POSSIBILITY 
  36:C:/Users/49542/Desktop/GD32F30x_Demo_Suites_V2.0.0/GD32F30x_Demo_Suites_V2.0.0/GD32F30x_Firmware_Library/GD32F30x_standard_peripheral/Source\gd32f30x_dbg.c **** OF SUCH DAMAGE.
  37:C:/Users/49542/Desktop/GD32F30x_Demo_Suites_V2.0.0/GD32F30x_Demo_Suites_V2.0.0/GD32F30x_Firmware_Library/GD32F30x_standard_peripheral/Source\gd32f30x_dbg.c **** */
  38:C:/Users/49542/Desktop/GD32F30x_Demo_Suites_V2.0.0/GD32F30x_Demo_Suites_V2.0.0/GD32F30x_Firmware_Library/GD32F30x_standard_peripheral/Source\gd32f30x_dbg.c **** 
  39:C:/Users/49542/Desktop/GD32F30x_Demo_Suites_V2.0.0/GD32F30x_Demo_Suites_V2.0.0/GD32F30x_Firmware_Library/GD32F30x_standard_peripheral/Source\gd32f30x_dbg.c **** #include "gd32f30x_dbg.h"
  40:C:/Users/49542/Desktop/GD32F30x_Demo_Suites_V2.0.0/GD32F30x_Demo_Suites_V2.0.0/GD32F30x_Firmware_Library/GD32F30x_standard_peripheral/Source\gd32f30x_dbg.c **** 
  41:C:/Users/49542/Desktop/GD32F30x_Demo_Suites_V2.0.0/GD32F30x_Demo_Suites_V2.0.0/GD32F30x_Firmware_Library/GD32F30x_standard_peripheral/Source\gd32f30x_dbg.c **** #define DBG_RESET_VAL       0x00000000U
  42:C:/Users/49542/Desktop/GD32F30x_Demo_Suites_V2.0.0/GD32F30x_Demo_Suites_V2.0.0/GD32F30x_Firmware_Library/GD32F30x_standard_peripheral/Source\gd32f30x_dbg.c **** 
  43:C:/Users/49542/Desktop/GD32F30x_Demo_Suites_V2.0.0/GD32F30x_Demo_Suites_V2.0.0/GD32F30x_Firmware_Library/GD32F30x_standard_peripheral/Source\gd32f30x_dbg.c **** /*!
  44:C:/Users/49542/Desktop/GD32F30x_Demo_Suites_V2.0.0/GD32F30x_Demo_Suites_V2.0.0/GD32F30x_Firmware_Library/GD32F30x_standard_peripheral/Source\gd32f30x_dbg.c ****     \brief      deinitialize the DBG
  45:C:/Users/49542/Desktop/GD32F30x_Demo_Suites_V2.0.0/GD32F30x_Demo_Suites_V2.0.0/GD32F30x_Firmware_Library/GD32F30x_standard_peripheral/Source\gd32f30x_dbg.c ****     \param[in]  none
  46:C:/Users/49542/Desktop/GD32F30x_Demo_Suites_V2.0.0/GD32F30x_Demo_Suites_V2.0.0/GD32F30x_Firmware_Library/GD32F30x_standard_peripheral/Source\gd32f30x_dbg.c ****     \param[out] none
  47:C:/Users/49542/Desktop/GD32F30x_Demo_Suites_V2.0.0/GD32F30x_Demo_Suites_V2.0.0/GD32F30x_Firmware_Library/GD32F30x_standard_peripheral/Source\gd32f30x_dbg.c ****     \retval     none
  48:C:/Users/49542/Desktop/GD32F30x_Demo_Suites_V2.0.0/GD32F30x_Demo_Suites_V2.0.0/GD32F30x_Firmware_Library/GD32F30x_standard_peripheral/Source\gd32f30x_dbg.c **** */
  49:C:/Users/49542/Desktop/GD32F30x_Demo_Suites_V2.0.0/GD32F30x_Demo_Suites_V2.0.0/GD32F30x_Firmware_Library/GD32F30x_standard_peripheral/Source\gd32f30x_dbg.c **** void dbg_deinit(void)
  50:C:/Users/49542/Desktop/GD32F30x_Demo_Suites_V2.0.0/GD32F30x_Demo_Suites_V2.0.0/GD32F30x_Firmware_Library/GD32F30x_standard_peripheral/Source\gd32f30x_dbg.c **** {
  28              		.loc 1 50 0
  29              		.cfi_startproc
  30              		@ args = 0, pretend = 0, frame = 0
  31              		@ frame_needed = 0, uses_anonymous_args = 0
  32              		@ link register save eliminated.
  51:C:/Users/49542/Desktop/GD32F30x_Demo_Suites_V2.0.0/GD32F30x_Demo_Suites_V2.0.0/GD32F30x_Firmware_Library/GD32F30x_standard_peripheral/Source\gd32f30x_dbg.c ****     DBG_CTL0 = DBG_RESET_VAL;
  33              		.loc 1 51 0
  34 0000 014B     		ldr	r3, .L2
  35 0002 0022     		movs	r2, #0
  36 0004 1A60     		str	r2, [r3]
  52:C:/Users/49542/Desktop/GD32F30x_Demo_Suites_V2.0.0/GD32F30x_Demo_Suites_V2.0.0/GD32F30x_Firmware_Library/GD32F30x_standard_peripheral/Source\gd32f30x_dbg.c **** }
  37              		.loc 1 52 0
  38 0006 7047     		bx	lr
  39              	.L3:
  40              		.align	2
  41              	.L2:
  42 0008 042004E0 		.word	-536600572
  43              		.cfi_endproc
  44              	.LFE116:
  46              		.section	.text.dbg_id_get,"ax",%progbits
  47              		.align	1
  48              		.global	dbg_id_get
  49              		.syntax unified
  50              		.thumb
  51              		.thumb_func
  52              		.fpu fpv4-sp-d16
  54              	dbg_id_get:
  55              	.LFB117:
  53:C:/Users/49542/Desktop/GD32F30x_Demo_Suites_V2.0.0/GD32F30x_Demo_Suites_V2.0.0/GD32F30x_Firmware_Library/GD32F30x_standard_peripheral/Source\gd32f30x_dbg.c **** 
  54:C:/Users/49542/Desktop/GD32F30x_Demo_Suites_V2.0.0/GD32F30x_Demo_Suites_V2.0.0/GD32F30x_Firmware_Library/GD32F30x_standard_peripheral/Source\gd32f30x_dbg.c **** /*!
  55:C:/Users/49542/Desktop/GD32F30x_Demo_Suites_V2.0.0/GD32F30x_Demo_Suites_V2.0.0/GD32F30x_Firmware_Library/GD32F30x_standard_peripheral/Source\gd32f30x_dbg.c ****     \brief      read DBG_ID code register
  56:C:/Users/49542/Desktop/GD32F30x_Demo_Suites_V2.0.0/GD32F30x_Demo_Suites_V2.0.0/GD32F30x_Firmware_Library/GD32F30x_standard_peripheral/Source\gd32f30x_dbg.c ****     \param[in]  none
  57:C:/Users/49542/Desktop/GD32F30x_Demo_Suites_V2.0.0/GD32F30x_Demo_Suites_V2.0.0/GD32F30x_Firmware_Library/GD32F30x_standard_peripheral/Source\gd32f30x_dbg.c ****     \param[out] none
  58:C:/Users/49542/Desktop/GD32F30x_Demo_Suites_V2.0.0/GD32F30x_Demo_Suites_V2.0.0/GD32F30x_Firmware_Library/GD32F30x_standard_peripheral/Source\gd32f30x_dbg.c ****     \retval     DBG_ID code
  59:C:/Users/49542/Desktop/GD32F30x_Demo_Suites_V2.0.0/GD32F30x_Demo_Suites_V2.0.0/GD32F30x_Firmware_Library/GD32F30x_standard_peripheral/Source\gd32f30x_dbg.c **** */
  60:C:/Users/49542/Desktop/GD32F30x_Demo_Suites_V2.0.0/GD32F30x_Demo_Suites_V2.0.0/GD32F30x_Firmware_Library/GD32F30x_standard_peripheral/Source\gd32f30x_dbg.c **** uint32_t dbg_id_get(void)
  61:C:/Users/49542/Desktop/GD32F30x_Demo_Suites_V2.0.0/GD32F30x_Demo_Suites_V2.0.0/GD32F30x_Firmware_Library/GD32F30x_standard_peripheral/Source\gd32f30x_dbg.c **** {
  56              		.loc 1 61 0
ARM GAS  C:\Users\49542\AppData\Local\Temp\cci7b0cB.s 			page 3


  57              		.cfi_startproc
  58              		@ args = 0, pretend = 0, frame = 0
  59              		@ frame_needed = 0, uses_anonymous_args = 0
  60              		@ link register save eliminated.
  62:C:/Users/49542/Desktop/GD32F30x_Demo_Suites_V2.0.0/GD32F30x_Demo_Suites_V2.0.0/GD32F30x_Firmware_Library/GD32F30x_standard_peripheral/Source\gd32f30x_dbg.c ****     return DBG_ID;
  61              		.loc 1 62 0
  62 0000 014B     		ldr	r3, .L5
  63 0002 1868     		ldr	r0, [r3]
  63:C:/Users/49542/Desktop/GD32F30x_Demo_Suites_V2.0.0/GD32F30x_Demo_Suites_V2.0.0/GD32F30x_Firmware_Library/GD32F30x_standard_peripheral/Source\gd32f30x_dbg.c **** }
  64              		.loc 1 63 0
  65 0004 7047     		bx	lr
  66              	.L6:
  67 0006 00BF     		.align	2
  68              	.L5:
  69 0008 002004E0 		.word	-536600576
  70              		.cfi_endproc
  71              	.LFE117:
  73              		.section	.text.dbg_low_power_enable,"ax",%progbits
  74              		.align	1
  75              		.global	dbg_low_power_enable
  76              		.syntax unified
  77              		.thumb
  78              		.thumb_func
  79              		.fpu fpv4-sp-d16
  81              	dbg_low_power_enable:
  82              	.LFB118:
  64:C:/Users/49542/Desktop/GD32F30x_Demo_Suites_V2.0.0/GD32F30x_Demo_Suites_V2.0.0/GD32F30x_Firmware_Library/GD32F30x_standard_peripheral/Source\gd32f30x_dbg.c **** 
  65:C:/Users/49542/Desktop/GD32F30x_Demo_Suites_V2.0.0/GD32F30x_Demo_Suites_V2.0.0/GD32F30x_Firmware_Library/GD32F30x_standard_peripheral/Source\gd32f30x_dbg.c **** /*!
  66:C:/Users/49542/Desktop/GD32F30x_Demo_Suites_V2.0.0/GD32F30x_Demo_Suites_V2.0.0/GD32F30x_Firmware_Library/GD32F30x_standard_peripheral/Source\gd32f30x_dbg.c ****     \brief      enable low power behavior when the mcu is in debug mode
  67:C:/Users/49542/Desktop/GD32F30x_Demo_Suites_V2.0.0/GD32F30x_Demo_Suites_V2.0.0/GD32F30x_Firmware_Library/GD32F30x_standard_peripheral/Source\gd32f30x_dbg.c ****     \param[in]  dbg_low_power:
  68:C:/Users/49542/Desktop/GD32F30x_Demo_Suites_V2.0.0/GD32F30x_Demo_Suites_V2.0.0/GD32F30x_Firmware_Library/GD32F30x_standard_peripheral/Source\gd32f30x_dbg.c ****                 this parameter can be any combination of the following values:
  69:C:/Users/49542/Desktop/GD32F30x_Demo_Suites_V2.0.0/GD32F30x_Demo_Suites_V2.0.0/GD32F30x_Firmware_Library/GD32F30x_standard_peripheral/Source\gd32f30x_dbg.c ****       \arg        DBG_LOW_POWER_SLEEP: keep debugger connection during sleep mode
  70:C:/Users/49542/Desktop/GD32F30x_Demo_Suites_V2.0.0/GD32F30x_Demo_Suites_V2.0.0/GD32F30x_Firmware_Library/GD32F30x_standard_peripheral/Source\gd32f30x_dbg.c ****       \arg        DBG_LOW_POWER_DEEPSLEEP: keep debugger connection during deepsleep mode
  71:C:/Users/49542/Desktop/GD32F30x_Demo_Suites_V2.0.0/GD32F30x_Demo_Suites_V2.0.0/GD32F30x_Firmware_Library/GD32F30x_standard_peripheral/Source\gd32f30x_dbg.c ****       \arg        DBG_LOW_POWER_STANDBY: keep debugger connection during standby mode
  72:C:/Users/49542/Desktop/GD32F30x_Demo_Suites_V2.0.0/GD32F30x_Demo_Suites_V2.0.0/GD32F30x_Firmware_Library/GD32F30x_standard_peripheral/Source\gd32f30x_dbg.c ****     \param[out] none
  73:C:/Users/49542/Desktop/GD32F30x_Demo_Suites_V2.0.0/GD32F30x_Demo_Suites_V2.0.0/GD32F30x_Firmware_Library/GD32F30x_standard_peripheral/Source\gd32f30x_dbg.c ****     \retval     none
  74:C:/Users/49542/Desktop/GD32F30x_Demo_Suites_V2.0.0/GD32F30x_Demo_Suites_V2.0.0/GD32F30x_Firmware_Library/GD32F30x_standard_peripheral/Source\gd32f30x_dbg.c **** */
  75:C:/Users/49542/Desktop/GD32F30x_Demo_Suites_V2.0.0/GD32F30x_Demo_Suites_V2.0.0/GD32F30x_Firmware_Library/GD32F30x_standard_peripheral/Source\gd32f30x_dbg.c **** void dbg_low_power_enable(uint32_t dbg_low_power)
  76:C:/Users/49542/Desktop/GD32F30x_Demo_Suites_V2.0.0/GD32F30x_Demo_Suites_V2.0.0/GD32F30x_Firmware_Library/GD32F30x_standard_peripheral/Source\gd32f30x_dbg.c **** {
  83              		.loc 1 76 0
  84              		.cfi_startproc
  85              		@ args = 0, pretend = 0, frame = 0
  86              		@ frame_needed = 0, uses_anonymous_args = 0
  87              		@ link register save eliminated.
  88              	.LVL0:
  77:C:/Users/49542/Desktop/GD32F30x_Demo_Suites_V2.0.0/GD32F30x_Demo_Suites_V2.0.0/GD32F30x_Firmware_Library/GD32F30x_standard_peripheral/Source\gd32f30x_dbg.c ****     DBG_CTL0 |= dbg_low_power;
  89              		.loc 1 77 0
  90 0000 024A     		ldr	r2, .L8
  91 0002 1368     		ldr	r3, [r2]
  92 0004 1843     		orrs	r0, r0, r3
  93              	.LVL1:
  94 0006 1060     		str	r0, [r2]
  78:C:/Users/49542/Desktop/GD32F30x_Demo_Suites_V2.0.0/GD32F30x_Demo_Suites_V2.0.0/GD32F30x_Firmware_Library/GD32F30x_standard_peripheral/Source\gd32f30x_dbg.c **** }
  95              		.loc 1 78 0
  96 0008 7047     		bx	lr
  97              	.L9:
  98 000a 00BF     		.align	2
ARM GAS  C:\Users\49542\AppData\Local\Temp\cci7b0cB.s 			page 4


  99              	.L8:
 100 000c 042004E0 		.word	-536600572
 101              		.cfi_endproc
 102              	.LFE118:
 104              		.section	.text.dbg_low_power_disable,"ax",%progbits
 105              		.align	1
 106              		.global	dbg_low_power_disable
 107              		.syntax unified
 108              		.thumb
 109              		.thumb_func
 110              		.fpu fpv4-sp-d16
 112              	dbg_low_power_disable:
 113              	.LFB119:
  79:C:/Users/49542/Desktop/GD32F30x_Demo_Suites_V2.0.0/GD32F30x_Demo_Suites_V2.0.0/GD32F30x_Firmware_Library/GD32F30x_standard_peripheral/Source\gd32f30x_dbg.c **** 
  80:C:/Users/49542/Desktop/GD32F30x_Demo_Suites_V2.0.0/GD32F30x_Demo_Suites_V2.0.0/GD32F30x_Firmware_Library/GD32F30x_standard_peripheral/Source\gd32f30x_dbg.c **** /*!
  81:C:/Users/49542/Desktop/GD32F30x_Demo_Suites_V2.0.0/GD32F30x_Demo_Suites_V2.0.0/GD32F30x_Firmware_Library/GD32F30x_standard_peripheral/Source\gd32f30x_dbg.c ****     \brief      disable low power behavior when the mcu is in debug mode
  82:C:/Users/49542/Desktop/GD32F30x_Demo_Suites_V2.0.0/GD32F30x_Demo_Suites_V2.0.0/GD32F30x_Firmware_Library/GD32F30x_standard_peripheral/Source\gd32f30x_dbg.c ****     \param[in]  dbg_low_power:
  83:C:/Users/49542/Desktop/GD32F30x_Demo_Suites_V2.0.0/GD32F30x_Demo_Suites_V2.0.0/GD32F30x_Firmware_Library/GD32F30x_standard_peripheral/Source\gd32f30x_dbg.c ****                 this parameter can be any combination of the following values:
  84:C:/Users/49542/Desktop/GD32F30x_Demo_Suites_V2.0.0/GD32F30x_Demo_Suites_V2.0.0/GD32F30x_Firmware_Library/GD32F30x_standard_peripheral/Source\gd32f30x_dbg.c ****       \arg        DBG_LOW_POWER_SLEEP: donot keep debugger connection during sleep mode
  85:C:/Users/49542/Desktop/GD32F30x_Demo_Suites_V2.0.0/GD32F30x_Demo_Suites_V2.0.0/GD32F30x_Firmware_Library/GD32F30x_standard_peripheral/Source\gd32f30x_dbg.c ****       \arg        DBG_LOW_POWER_DEEPSLEEP: donot keep debugger connection during deepsleep mode
  86:C:/Users/49542/Desktop/GD32F30x_Demo_Suites_V2.0.0/GD32F30x_Demo_Suites_V2.0.0/GD32F30x_Firmware_Library/GD32F30x_standard_peripheral/Source\gd32f30x_dbg.c ****       \arg        DBG_LOW_POWER_STANDBY: donot keep debugger connection during standby mode
  87:C:/Users/49542/Desktop/GD32F30x_Demo_Suites_V2.0.0/GD32F30x_Demo_Suites_V2.0.0/GD32F30x_Firmware_Library/GD32F30x_standard_peripheral/Source\gd32f30x_dbg.c ****     \param[out] none
  88:C:/Users/49542/Desktop/GD32F30x_Demo_Suites_V2.0.0/GD32F30x_Demo_Suites_V2.0.0/GD32F30x_Firmware_Library/GD32F30x_standard_peripheral/Source\gd32f30x_dbg.c ****     \retval     none
  89:C:/Users/49542/Desktop/GD32F30x_Demo_Suites_V2.0.0/GD32F30x_Demo_Suites_V2.0.0/GD32F30x_Firmware_Library/GD32F30x_standard_peripheral/Source\gd32f30x_dbg.c **** */
  90:C:/Users/49542/Desktop/GD32F30x_Demo_Suites_V2.0.0/GD32F30x_Demo_Suites_V2.0.0/GD32F30x_Firmware_Library/GD32F30x_standard_peripheral/Source\gd32f30x_dbg.c **** void dbg_low_power_disable(uint32_t dbg_low_power)
  91:C:/Users/49542/Desktop/GD32F30x_Demo_Suites_V2.0.0/GD32F30x_Demo_Suites_V2.0.0/GD32F30x_Firmware_Library/GD32F30x_standard_peripheral/Source\gd32f30x_dbg.c **** {
 114              		.loc 1 91 0
 115              		.cfi_startproc
 116              		@ args = 0, pretend = 0, frame = 0
 117              		@ frame_needed = 0, uses_anonymous_args = 0
 118              		@ link register save eliminated.
 119              	.LVL2:
  92:C:/Users/49542/Desktop/GD32F30x_Demo_Suites_V2.0.0/GD32F30x_Demo_Suites_V2.0.0/GD32F30x_Firmware_Library/GD32F30x_standard_peripheral/Source\gd32f30x_dbg.c ****     DBG_CTL0 &= ~dbg_low_power;
 120              		.loc 1 92 0
 121 0000 024A     		ldr	r2, .L11
 122 0002 1368     		ldr	r3, [r2]
 123 0004 23EA0000 		bic	r0, r3, r0
 124              	.LVL3:
 125 0008 1060     		str	r0, [r2]
  93:C:/Users/49542/Desktop/GD32F30x_Demo_Suites_V2.0.0/GD32F30x_Demo_Suites_V2.0.0/GD32F30x_Firmware_Library/GD32F30x_standard_peripheral/Source\gd32f30x_dbg.c **** }
 126              		.loc 1 93 0
 127 000a 7047     		bx	lr
 128              	.L12:
 129              		.align	2
 130              	.L11:
 131 000c 042004E0 		.word	-536600572
 132              		.cfi_endproc
 133              	.LFE119:
 135              		.section	.text.dbg_periph_enable,"ax",%progbits
 136              		.align	1
 137              		.global	dbg_periph_enable
 138              		.syntax unified
 139              		.thumb
 140              		.thumb_func
 141              		.fpu fpv4-sp-d16
 143              	dbg_periph_enable:
 144              	.LFB120:
ARM GAS  C:\Users\49542\AppData\Local\Temp\cci7b0cB.s 			page 5


  94:C:/Users/49542/Desktop/GD32F30x_Demo_Suites_V2.0.0/GD32F30x_Demo_Suites_V2.0.0/GD32F30x_Firmware_Library/GD32F30x_standard_peripheral/Source\gd32f30x_dbg.c **** 
  95:C:/Users/49542/Desktop/GD32F30x_Demo_Suites_V2.0.0/GD32F30x_Demo_Suites_V2.0.0/GD32F30x_Firmware_Library/GD32F30x_standard_peripheral/Source\gd32f30x_dbg.c **** /*!
  96:C:/Users/49542/Desktop/GD32F30x_Demo_Suites_V2.0.0/GD32F30x_Demo_Suites_V2.0.0/GD32F30x_Firmware_Library/GD32F30x_standard_peripheral/Source\gd32f30x_dbg.c ****     \brief      enable peripheral behavior when the mcu is in debug mode
  97:C:/Users/49542/Desktop/GD32F30x_Demo_Suites_V2.0.0/GD32F30x_Demo_Suites_V2.0.0/GD32F30x_Firmware_Library/GD32F30x_standard_peripheral/Source\gd32f30x_dbg.c ****     \param[in]  dbg_periph: refer to dbg_periph_enum
  98:C:/Users/49542/Desktop/GD32F30x_Demo_Suites_V2.0.0/GD32F30x_Demo_Suites_V2.0.0/GD32F30x_Firmware_Library/GD32F30x_standard_peripheral/Source\gd32f30x_dbg.c ****                 only one parameter can be selected which is shown as below:
  99:C:/Users/49542/Desktop/GD32F30x_Demo_Suites_V2.0.0/GD32F30x_Demo_Suites_V2.0.0/GD32F30x_Firmware_Library/GD32F30x_standard_peripheral/Source\gd32f30x_dbg.c ****       \arg        DBG_FWDGT_HOLD : debug FWDGT kept when core is halted
 100:C:/Users/49542/Desktop/GD32F30x_Demo_Suites_V2.0.0/GD32F30x_Demo_Suites_V2.0.0/GD32F30x_Firmware_Library/GD32F30x_standard_peripheral/Source\gd32f30x_dbg.c ****       \arg        DBG_WWDGT_HOLD : debug WWDGT kept when core is halted
 101:C:/Users/49542/Desktop/GD32F30x_Demo_Suites_V2.0.0/GD32F30x_Demo_Suites_V2.0.0/GD32F30x_Firmware_Library/GD32F30x_standard_peripheral/Source\gd32f30x_dbg.c ****       \arg        DBG_CANx_HOLD (x=0,1,CAN1 is only available for CL series): hold CANx counter whe
 102:C:/Users/49542/Desktop/GD32F30x_Demo_Suites_V2.0.0/GD32F30x_Demo_Suites_V2.0.0/GD32F30x_Firmware_Library/GD32F30x_standard_peripheral/Source\gd32f30x_dbg.c ****       \arg        DBG_I2Cx_HOLD (x=0,1): hold I2Cx smbus when core is halted
 103:C:/Users/49542/Desktop/GD32F30x_Demo_Suites_V2.0.0/GD32F30x_Demo_Suites_V2.0.0/GD32F30x_Firmware_Library/GD32F30x_standard_peripheral/Source\gd32f30x_dbg.c ****       \arg        DBG_TIMERx_HOLD (x=0,1,2,3,4,5,6,7,8,9,10,11,12,13,TIMER8..13 are not available f
 104:C:/Users/49542/Desktop/GD32F30x_Demo_Suites_V2.0.0/GD32F30x_Demo_Suites_V2.0.0/GD32F30x_Firmware_Library/GD32F30x_standard_peripheral/Source\gd32f30x_dbg.c ****     \param[out] none
 105:C:/Users/49542/Desktop/GD32F30x_Demo_Suites_V2.0.0/GD32F30x_Demo_Suites_V2.0.0/GD32F30x_Firmware_Library/GD32F30x_standard_peripheral/Source\gd32f30x_dbg.c ****     \retval     none
 106:C:/Users/49542/Desktop/GD32F30x_Demo_Suites_V2.0.0/GD32F30x_Demo_Suites_V2.0.0/GD32F30x_Firmware_Library/GD32F30x_standard_peripheral/Source\gd32f30x_dbg.c **** */
 107:C:/Users/49542/Desktop/GD32F30x_Demo_Suites_V2.0.0/GD32F30x_Demo_Suites_V2.0.0/GD32F30x_Firmware_Library/GD32F30x_standard_peripheral/Source\gd32f30x_dbg.c **** void dbg_periph_enable(dbg_periph_enum dbg_periph)
 108:C:/Users/49542/Desktop/GD32F30x_Demo_Suites_V2.0.0/GD32F30x_Demo_Suites_V2.0.0/GD32F30x_Firmware_Library/GD32F30x_standard_peripheral/Source\gd32f30x_dbg.c **** {
 145              		.loc 1 108 0
 146              		.cfi_startproc
 147              		@ args = 0, pretend = 0, frame = 0
 148              		@ frame_needed = 0, uses_anonymous_args = 0
 149              		@ link register save eliminated.
 150              	.LVL4:
 109:C:/Users/49542/Desktop/GD32F30x_Demo_Suites_V2.0.0/GD32F30x_Demo_Suites_V2.0.0/GD32F30x_Firmware_Library/GD32F30x_standard_peripheral/Source\gd32f30x_dbg.c ****     DBG_REG_VAL(dbg_periph) |= BIT(DBG_BIT_POS(dbg_periph));
 151              		.loc 1 109 0
 152 0000 8309     		lsrs	r3, r0, #6
 153 0002 03F16043 		add	r3, r3, #-536870912
 154 0006 03F58423 		add	r3, r3, #270336
 155 000a 1A68     		ldr	r2, [r3]
 156 000c 00F01F00 		and	r0, r0, #31
 157              	.LVL5:
 158 0010 0121     		movs	r1, #1
 159 0012 01FA00F0 		lsl	r0, r1, r0
 160 0016 1043     		orrs	r0, r0, r2
 161 0018 1860     		str	r0, [r3]
 110:C:/Users/49542/Desktop/GD32F30x_Demo_Suites_V2.0.0/GD32F30x_Demo_Suites_V2.0.0/GD32F30x_Firmware_Library/GD32F30x_standard_peripheral/Source\gd32f30x_dbg.c **** }
 162              		.loc 1 110 0
 163 001a 7047     		bx	lr
 164              		.cfi_endproc
 165              	.LFE120:
 167              		.section	.text.dbg_periph_disable,"ax",%progbits
 168              		.align	1
 169              		.global	dbg_periph_disable
 170              		.syntax unified
 171              		.thumb
 172              		.thumb_func
 173              		.fpu fpv4-sp-d16
 175              	dbg_periph_disable:
 176              	.LFB121:
 111:C:/Users/49542/Desktop/GD32F30x_Demo_Suites_V2.0.0/GD32F30x_Demo_Suites_V2.0.0/GD32F30x_Firmware_Library/GD32F30x_standard_peripheral/Source\gd32f30x_dbg.c **** 
 112:C:/Users/49542/Desktop/GD32F30x_Demo_Suites_V2.0.0/GD32F30x_Demo_Suites_V2.0.0/GD32F30x_Firmware_Library/GD32F30x_standard_peripheral/Source\gd32f30x_dbg.c **** /*!
 113:C:/Users/49542/Desktop/GD32F30x_Demo_Suites_V2.0.0/GD32F30x_Demo_Suites_V2.0.0/GD32F30x_Firmware_Library/GD32F30x_standard_peripheral/Source\gd32f30x_dbg.c ****     \brief      disable peripheral behavior when the mcu is in debug mode
 114:C:/Users/49542/Desktop/GD32F30x_Demo_Suites_V2.0.0/GD32F30x_Demo_Suites_V2.0.0/GD32F30x_Firmware_Library/GD32F30x_standard_peripheral/Source\gd32f30x_dbg.c ****     \param[in]  dbg_periph: refer to dbg_periph_enum
 115:C:/Users/49542/Desktop/GD32F30x_Demo_Suites_V2.0.0/GD32F30x_Demo_Suites_V2.0.0/GD32F30x_Firmware_Library/GD32F30x_standard_peripheral/Source\gd32f30x_dbg.c ****                 only one parameter can be selected which is shown as below:
 116:C:/Users/49542/Desktop/GD32F30x_Demo_Suites_V2.0.0/GD32F30x_Demo_Suites_V2.0.0/GD32F30x_Firmware_Library/GD32F30x_standard_peripheral/Source\gd32f30x_dbg.c ****       \arg        DBG_FWDGT_HOLD : debug FWDGT kept when core is halted
 117:C:/Users/49542/Desktop/GD32F30x_Demo_Suites_V2.0.0/GD32F30x_Demo_Suites_V2.0.0/GD32F30x_Firmware_Library/GD32F30x_standard_peripheral/Source\gd32f30x_dbg.c ****       \arg        DBG_WWDGT_HOLD : debug WWDGT kept when core is halted
 118:C:/Users/49542/Desktop/GD32F30x_Demo_Suites_V2.0.0/GD32F30x_Demo_Suites_V2.0.0/GD32F30x_Firmware_Library/GD32F30x_standard_peripheral/Source\gd32f30x_dbg.c ****       \arg        DBG_CANx_HOLD (x=0,1,CAN1 is only available for CL series): hold CAN0 counter whe
 119:C:/Users/49542/Desktop/GD32F30x_Demo_Suites_V2.0.0/GD32F30x_Demo_Suites_V2.0.0/GD32F30x_Firmware_Library/GD32F30x_standard_peripheral/Source\gd32f30x_dbg.c ****       \arg        DBG_I2Cx_HOLD (x=0,1): hold I2Cx smbus when core is halted
 120:C:/Users/49542/Desktop/GD32F30x_Demo_Suites_V2.0.0/GD32F30x_Demo_Suites_V2.0.0/GD32F30x_Firmware_Library/GD32F30x_standard_peripheral/Source\gd32f30x_dbg.c ****       \arg        DBG_TIMERx_HOLD (x=0,1,2,3,4,5,6,7,8,9,10,11,12,13,TIMER8..13 are not available f
ARM GAS  C:\Users\49542\AppData\Local\Temp\cci7b0cB.s 			page 6


 121:C:/Users/49542/Desktop/GD32F30x_Demo_Suites_V2.0.0/GD32F30x_Demo_Suites_V2.0.0/GD32F30x_Firmware_Library/GD32F30x_standard_peripheral/Source\gd32f30x_dbg.c ****     \param[out] none
 122:C:/Users/49542/Desktop/GD32F30x_Demo_Suites_V2.0.0/GD32F30x_Demo_Suites_V2.0.0/GD32F30x_Firmware_Library/GD32F30x_standard_peripheral/Source\gd32f30x_dbg.c ****     \retval     none
 123:C:/Users/49542/Desktop/GD32F30x_Demo_Suites_V2.0.0/GD32F30x_Demo_Suites_V2.0.0/GD32F30x_Firmware_Library/GD32F30x_standard_peripheral/Source\gd32f30x_dbg.c **** */
 124:C:/Users/49542/Desktop/GD32F30x_Demo_Suites_V2.0.0/GD32F30x_Demo_Suites_V2.0.0/GD32F30x_Firmware_Library/GD32F30x_standard_peripheral/Source\gd32f30x_dbg.c **** void dbg_periph_disable(dbg_periph_enum dbg_periph)
 125:C:/Users/49542/Desktop/GD32F30x_Demo_Suites_V2.0.0/GD32F30x_Demo_Suites_V2.0.0/GD32F30x_Firmware_Library/GD32F30x_standard_peripheral/Source\gd32f30x_dbg.c **** {
 177              		.loc 1 125 0
 178              		.cfi_startproc
 179              		@ args = 0, pretend = 0, frame = 0
 180              		@ frame_needed = 0, uses_anonymous_args = 0
 181              		@ link register save eliminated.
 182              	.LVL6:
 126:C:/Users/49542/Desktop/GD32F30x_Demo_Suites_V2.0.0/GD32F30x_Demo_Suites_V2.0.0/GD32F30x_Firmware_Library/GD32F30x_standard_peripheral/Source\gd32f30x_dbg.c ****     DBG_REG_VAL(dbg_periph) &= ~BIT(DBG_BIT_POS(dbg_periph));
 183              		.loc 1 126 0
 184 0000 8309     		lsrs	r3, r0, #6
 185 0002 03F16043 		add	r3, r3, #-536870912
 186 0006 03F58423 		add	r3, r3, #270336
 187 000a 1A68     		ldr	r2, [r3]
 188 000c 00F01F00 		and	r0, r0, #31
 189              	.LVL7:
 190 0010 0121     		movs	r1, #1
 191 0012 01FA00F0 		lsl	r0, r1, r0
 192 0016 22EA0000 		bic	r0, r2, r0
 193 001a 1860     		str	r0, [r3]
 127:C:/Users/49542/Desktop/GD32F30x_Demo_Suites_V2.0.0/GD32F30x_Demo_Suites_V2.0.0/GD32F30x_Firmware_Library/GD32F30x_standard_peripheral/Source\gd32f30x_dbg.c **** }
 194              		.loc 1 127 0
 195 001c 7047     		bx	lr
 196              		.cfi_endproc
 197              	.LFE121:
 199              		.section	.text.dbg_trace_pin_enable,"ax",%progbits
 200              		.align	1
 201              		.global	dbg_trace_pin_enable
 202              		.syntax unified
 203              		.thumb
 204              		.thumb_func
 205              		.fpu fpv4-sp-d16
 207              	dbg_trace_pin_enable:
 208              	.LFB122:
 128:C:/Users/49542/Desktop/GD32F30x_Demo_Suites_V2.0.0/GD32F30x_Demo_Suites_V2.0.0/GD32F30x_Firmware_Library/GD32F30x_standard_peripheral/Source\gd32f30x_dbg.c **** 
 129:C:/Users/49542/Desktop/GD32F30x_Demo_Suites_V2.0.0/GD32F30x_Demo_Suites_V2.0.0/GD32F30x_Firmware_Library/GD32F30x_standard_peripheral/Source\gd32f30x_dbg.c **** /*!
 130:C:/Users/49542/Desktop/GD32F30x_Demo_Suites_V2.0.0/GD32F30x_Demo_Suites_V2.0.0/GD32F30x_Firmware_Library/GD32F30x_standard_peripheral/Source\gd32f30x_dbg.c ****     \brief      enable trace pin assignment
 131:C:/Users/49542/Desktop/GD32F30x_Demo_Suites_V2.0.0/GD32F30x_Demo_Suites_V2.0.0/GD32F30x_Firmware_Library/GD32F30x_standard_peripheral/Source\gd32f30x_dbg.c ****     \param[in]  none
 132:C:/Users/49542/Desktop/GD32F30x_Demo_Suites_V2.0.0/GD32F30x_Demo_Suites_V2.0.0/GD32F30x_Firmware_Library/GD32F30x_standard_peripheral/Source\gd32f30x_dbg.c ****     \param[out] none
 133:C:/Users/49542/Desktop/GD32F30x_Demo_Suites_V2.0.0/GD32F30x_Demo_Suites_V2.0.0/GD32F30x_Firmware_Library/GD32F30x_standard_peripheral/Source\gd32f30x_dbg.c ****     \retval     none
 134:C:/Users/49542/Desktop/GD32F30x_Demo_Suites_V2.0.0/GD32F30x_Demo_Suites_V2.0.0/GD32F30x_Firmware_Library/GD32F30x_standard_peripheral/Source\gd32f30x_dbg.c **** */
 135:C:/Users/49542/Desktop/GD32F30x_Demo_Suites_V2.0.0/GD32F30x_Demo_Suites_V2.0.0/GD32F30x_Firmware_Library/GD32F30x_standard_peripheral/Source\gd32f30x_dbg.c **** void dbg_trace_pin_enable(void)
 136:C:/Users/49542/Desktop/GD32F30x_Demo_Suites_V2.0.0/GD32F30x_Demo_Suites_V2.0.0/GD32F30x_Firmware_Library/GD32F30x_standard_peripheral/Source\gd32f30x_dbg.c **** {
 209              		.loc 1 136 0
 210              		.cfi_startproc
 211              		@ args = 0, pretend = 0, frame = 0
 212              		@ frame_needed = 0, uses_anonymous_args = 0
 213              		@ link register save eliminated.
 137:C:/Users/49542/Desktop/GD32F30x_Demo_Suites_V2.0.0/GD32F30x_Demo_Suites_V2.0.0/GD32F30x_Firmware_Library/GD32F30x_standard_peripheral/Source\gd32f30x_dbg.c ****     DBG_CTL0 |= DBG_CTL0_TRACE_IOEN;
 214              		.loc 1 137 0
 215 0000 024A     		ldr	r2, .L16
 216 0002 1368     		ldr	r3, [r2]
 217 0004 43F02003 		orr	r3, r3, #32
 218 0008 1360     		str	r3, [r2]
ARM GAS  C:\Users\49542\AppData\Local\Temp\cci7b0cB.s 			page 7


 138:C:/Users/49542/Desktop/GD32F30x_Demo_Suites_V2.0.0/GD32F30x_Demo_Suites_V2.0.0/GD32F30x_Firmware_Library/GD32F30x_standard_peripheral/Source\gd32f30x_dbg.c **** }
 219              		.loc 1 138 0
 220 000a 7047     		bx	lr
 221              	.L17:
 222              		.align	2
 223              	.L16:
 224 000c 042004E0 		.word	-536600572
 225              		.cfi_endproc
 226              	.LFE122:
 228              		.section	.text.dbg_trace_pin_disable,"ax",%progbits
 229              		.align	1
 230              		.global	dbg_trace_pin_disable
 231              		.syntax unified
 232              		.thumb
 233              		.thumb_func
 234              		.fpu fpv4-sp-d16
 236              	dbg_trace_pin_disable:
 237              	.LFB123:
 139:C:/Users/49542/Desktop/GD32F30x_Demo_Suites_V2.0.0/GD32F30x_Demo_Suites_V2.0.0/GD32F30x_Firmware_Library/GD32F30x_standard_peripheral/Source\gd32f30x_dbg.c **** 
 140:C:/Users/49542/Desktop/GD32F30x_Demo_Suites_V2.0.0/GD32F30x_Demo_Suites_V2.0.0/GD32F30x_Firmware_Library/GD32F30x_standard_peripheral/Source\gd32f30x_dbg.c **** /*!
 141:C:/Users/49542/Desktop/GD32F30x_Demo_Suites_V2.0.0/GD32F30x_Demo_Suites_V2.0.0/GD32F30x_Firmware_Library/GD32F30x_standard_peripheral/Source\gd32f30x_dbg.c ****     \brief      disable trace pin assignment
 142:C:/Users/49542/Desktop/GD32F30x_Demo_Suites_V2.0.0/GD32F30x_Demo_Suites_V2.0.0/GD32F30x_Firmware_Library/GD32F30x_standard_peripheral/Source\gd32f30x_dbg.c ****     \param[in]  none
 143:C:/Users/49542/Desktop/GD32F30x_Demo_Suites_V2.0.0/GD32F30x_Demo_Suites_V2.0.0/GD32F30x_Firmware_Library/GD32F30x_standard_peripheral/Source\gd32f30x_dbg.c ****     \param[out] none
 144:C:/Users/49542/Desktop/GD32F30x_Demo_Suites_V2.0.0/GD32F30x_Demo_Suites_V2.0.0/GD32F30x_Firmware_Library/GD32F30x_standard_peripheral/Source\gd32f30x_dbg.c ****     \retval     none
 145:C:/Users/49542/Desktop/GD32F30x_Demo_Suites_V2.0.0/GD32F30x_Demo_Suites_V2.0.0/GD32F30x_Firmware_Library/GD32F30x_standard_peripheral/Source\gd32f30x_dbg.c **** */
 146:C:/Users/49542/Desktop/GD32F30x_Demo_Suites_V2.0.0/GD32F30x_Demo_Suites_V2.0.0/GD32F30x_Firmware_Library/GD32F30x_standard_peripheral/Source\gd32f30x_dbg.c **** void dbg_trace_pin_disable(void)
 147:C:/Users/49542/Desktop/GD32F30x_Demo_Suites_V2.0.0/GD32F30x_Demo_Suites_V2.0.0/GD32F30x_Firmware_Library/GD32F30x_standard_peripheral/Source\gd32f30x_dbg.c **** {
 238              		.loc 1 147 0
 239              		.cfi_startproc
 240              		@ args = 0, pretend = 0, frame = 0
 241              		@ frame_needed = 0, uses_anonymous_args = 0
 242              		@ link register save eliminated.
 148:C:/Users/49542/Desktop/GD32F30x_Demo_Suites_V2.0.0/GD32F30x_Demo_Suites_V2.0.0/GD32F30x_Firmware_Library/GD32F30x_standard_peripheral/Source\gd32f30x_dbg.c ****     DBG_CTL0 &= ~DBG_CTL0_TRACE_IOEN;
 243              		.loc 1 148 0
 244 0000 024A     		ldr	r2, .L19
 245 0002 1368     		ldr	r3, [r2]
 246 0004 23F02003 		bic	r3, r3, #32
 247 0008 1360     		str	r3, [r2]
 149:C:/Users/49542/Desktop/GD32F30x_Demo_Suites_V2.0.0/GD32F30x_Demo_Suites_V2.0.0/GD32F30x_Firmware_Library/GD32F30x_standard_peripheral/Source\gd32f30x_dbg.c **** }
 248              		.loc 1 149 0
 249 000a 7047     		bx	lr
 250              	.L20:
 251              		.align	2
 252              	.L19:
 253 000c 042004E0 		.word	-536600572
 254              		.cfi_endproc
 255              	.LFE123:
 257              		.section	.text.dbg_trace_pin_mode_set,"ax",%progbits
 258              		.align	1
 259              		.global	dbg_trace_pin_mode_set
 260              		.syntax unified
 261              		.thumb
 262              		.thumb_func
 263              		.fpu fpv4-sp-d16
 265              	dbg_trace_pin_mode_set:
 266              	.LFB124:
 150:C:/Users/49542/Desktop/GD32F30x_Demo_Suites_V2.0.0/GD32F30x_Demo_Suites_V2.0.0/GD32F30x_Firmware_Library/GD32F30x_standard_peripheral/Source\gd32f30x_dbg.c **** 
ARM GAS  C:\Users\49542\AppData\Local\Temp\cci7b0cB.s 			page 8


 151:C:/Users/49542/Desktop/GD32F30x_Demo_Suites_V2.0.0/GD32F30x_Demo_Suites_V2.0.0/GD32F30x_Firmware_Library/GD32F30x_standard_peripheral/Source\gd32f30x_dbg.c **** /*!
 152:C:/Users/49542/Desktop/GD32F30x_Demo_Suites_V2.0.0/GD32F30x_Demo_Suites_V2.0.0/GD32F30x_Firmware_Library/GD32F30x_standard_peripheral/Source\gd32f30x_dbg.c ****     \brief      trace pin mode selection 
 153:C:/Users/49542/Desktop/GD32F30x_Demo_Suites_V2.0.0/GD32F30x_Demo_Suites_V2.0.0/GD32F30x_Firmware_Library/GD32F30x_standard_peripheral/Source\gd32f30x_dbg.c ****     \param[in]  trace_mode:
 154:C:/Users/49542/Desktop/GD32F30x_Demo_Suites_V2.0.0/GD32F30x_Demo_Suites_V2.0.0/GD32F30x_Firmware_Library/GD32F30x_standard_peripheral/Source\gd32f30x_dbg.c ****       \arg        TRACE_MODE_ASYNC: trace pin used for async mode 
 155:C:/Users/49542/Desktop/GD32F30x_Demo_Suites_V2.0.0/GD32F30x_Demo_Suites_V2.0.0/GD32F30x_Firmware_Library/GD32F30x_standard_peripheral/Source\gd32f30x_dbg.c ****       \arg        TRACE_MODE_SYNC_DATASIZE_1: trace pin used for sync mode and data size is 1
 156:C:/Users/49542/Desktop/GD32F30x_Demo_Suites_V2.0.0/GD32F30x_Demo_Suites_V2.0.0/GD32F30x_Firmware_Library/GD32F30x_standard_peripheral/Source\gd32f30x_dbg.c ****       \arg        TRACE_MODE_SYNC_DATASIZE_2: trace pin used for sync mode and data size is 2
 157:C:/Users/49542/Desktop/GD32F30x_Demo_Suites_V2.0.0/GD32F30x_Demo_Suites_V2.0.0/GD32F30x_Firmware_Library/GD32F30x_standard_peripheral/Source\gd32f30x_dbg.c ****       \arg        TRACE_MODE_SYNC_DATASIZE_4: trace pin used for sync mode and data size is 4
 158:C:/Users/49542/Desktop/GD32F30x_Demo_Suites_V2.0.0/GD32F30x_Demo_Suites_V2.0.0/GD32F30x_Firmware_Library/GD32F30x_standard_peripheral/Source\gd32f30x_dbg.c ****     \param[out] none
 159:C:/Users/49542/Desktop/GD32F30x_Demo_Suites_V2.0.0/GD32F30x_Demo_Suites_V2.0.0/GD32F30x_Firmware_Library/GD32F30x_standard_peripheral/Source\gd32f30x_dbg.c ****     \retval     none
 160:C:/Users/49542/Desktop/GD32F30x_Demo_Suites_V2.0.0/GD32F30x_Demo_Suites_V2.0.0/GD32F30x_Firmware_Library/GD32F30x_standard_peripheral/Source\gd32f30x_dbg.c **** */
 161:C:/Users/49542/Desktop/GD32F30x_Demo_Suites_V2.0.0/GD32F30x_Demo_Suites_V2.0.0/GD32F30x_Firmware_Library/GD32F30x_standard_peripheral/Source\gd32f30x_dbg.c **** void dbg_trace_pin_mode_set(uint32_t trace_mode)
 162:C:/Users/49542/Desktop/GD32F30x_Demo_Suites_V2.0.0/GD32F30x_Demo_Suites_V2.0.0/GD32F30x_Firmware_Library/GD32F30x_standard_peripheral/Source\gd32f30x_dbg.c **** {
 267              		.loc 1 162 0
 268              		.cfi_startproc
 269              		@ args = 0, pretend = 0, frame = 0
 270              		@ frame_needed = 0, uses_anonymous_args = 0
 271              		@ link register save eliminated.
 272              	.LVL8:
 163:C:/Users/49542/Desktop/GD32F30x_Demo_Suites_V2.0.0/GD32F30x_Demo_Suites_V2.0.0/GD32F30x_Firmware_Library/GD32F30x_standard_peripheral/Source\gd32f30x_dbg.c ****     DBG_CTL0 &= ~DBG_CTL0_TRACE_MODE;
 273              		.loc 1 163 0
 274 0000 044B     		ldr	r3, .L22
 275 0002 1A68     		ldr	r2, [r3]
 276 0004 22F0C002 		bic	r2, r2, #192
 277 0008 1A60     		str	r2, [r3]
 164:C:/Users/49542/Desktop/GD32F30x_Demo_Suites_V2.0.0/GD32F30x_Demo_Suites_V2.0.0/GD32F30x_Firmware_Library/GD32F30x_standard_peripheral/Source\gd32f30x_dbg.c ****     DBG_CTL0 |= trace_mode;
 278              		.loc 1 164 0
 279 000a 1A68     		ldr	r2, [r3]
 280 000c 1043     		orrs	r0, r0, r2
 281              	.LVL9:
 282 000e 1860     		str	r0, [r3]
 165:C:/Users/49542/Desktop/GD32F30x_Demo_Suites_V2.0.0/GD32F30x_Demo_Suites_V2.0.0/GD32F30x_Firmware_Library/GD32F30x_standard_peripheral/Source\gd32f30x_dbg.c **** }
 283              		.loc 1 165 0
 284 0010 7047     		bx	lr
 285              	.L23:
 286 0012 00BF     		.align	2
 287              	.L22:
 288 0014 042004E0 		.word	-536600572
 289              		.cfi_endproc
 290              	.LFE124:
 292              		.text
 293              	.Letext0:
 294              		.file 2 "c:\\users\\49542\\opensourcetools\\gnu tools arm embedded\\7 2018-q2-update\\arm-none-eab
 295              		.file 3 "c:\\users\\49542\\opensourcetools\\gnu tools arm embedded\\7 2018-q2-update\\arm-none-eab
 296              		.file 4 "C:/Users/49542/Desktop/GD32F30x_Demo_Suites_V2.0.0/GD32F30x_Demo_Suites_V2.0.0/GD32F30x_F
 297              		.file 5 "C:/Users/49542/Desktop/GD32F30x_Demo_Suites_V2.0.0/GD32F30x_Demo_Suites_V2.0.0/GD32F30x_F
 298              		.file 6 "c:\\users\\49542\\opensourcetools\\gnu tools arm embedded\\7 2018-q2-update\\arm-none-eab
 299              		.file 7 "c:\\users\\49542\\opensourcetools\\gnu tools arm embedded\\7 2018-q2-update\\arm-none-eab
 300              		.file 8 "c:\\users\\49542\\opensourcetools\\gnu tools arm embedded\\7 2018-q2-update\\lib\\gcc\\ar
 301              		.file 9 "c:\\users\\49542\\opensourcetools\\gnu tools arm embedded\\7 2018-q2-update\\arm-none-eab
 302              		.file 10 "c:\\users\\49542\\opensourcetools\\gnu tools arm embedded\\7 2018-q2-update\\arm-none-ea
 303              		.file 11 "C:/Users/49542/Desktop/GD32F30x_Demo_Suites_V2.0.0/GD32F30x_Demo_Suites_V2.0.0/GD32F30x_
ARM GAS  C:\Users\49542\AppData\Local\Temp\cci7b0cB.s 			page 9


DEFINED SYMBOLS
                            *ABS*:00000000 gd32f30x_dbg.c
C:\Users\49542\AppData\Local\Temp\cci7b0cB.s:18     .text.dbg_deinit:00000000 $t
C:\Users\49542\AppData\Local\Temp\cci7b0cB.s:25     .text.dbg_deinit:00000000 dbg_deinit
C:\Users\49542\AppData\Local\Temp\cci7b0cB.s:42     .text.dbg_deinit:00000008 $d
C:\Users\49542\AppData\Local\Temp\cci7b0cB.s:47     .text.dbg_id_get:00000000 $t
C:\Users\49542\AppData\Local\Temp\cci7b0cB.s:54     .text.dbg_id_get:00000000 dbg_id_get
C:\Users\49542\AppData\Local\Temp\cci7b0cB.s:69     .text.dbg_id_get:00000008 $d
C:\Users\49542\AppData\Local\Temp\cci7b0cB.s:74     .text.dbg_low_power_enable:00000000 $t
C:\Users\49542\AppData\Local\Temp\cci7b0cB.s:81     .text.dbg_low_power_enable:00000000 dbg_low_power_enable
C:\Users\49542\AppData\Local\Temp\cci7b0cB.s:100    .text.dbg_low_power_enable:0000000c $d
C:\Users\49542\AppData\Local\Temp\cci7b0cB.s:105    .text.dbg_low_power_disable:00000000 $t
C:\Users\49542\AppData\Local\Temp\cci7b0cB.s:112    .text.dbg_low_power_disable:00000000 dbg_low_power_disable
C:\Users\49542\AppData\Local\Temp\cci7b0cB.s:131    .text.dbg_low_power_disable:0000000c $d
C:\Users\49542\AppData\Local\Temp\cci7b0cB.s:136    .text.dbg_periph_enable:00000000 $t
C:\Users\49542\AppData\Local\Temp\cci7b0cB.s:143    .text.dbg_periph_enable:00000000 dbg_periph_enable
C:\Users\49542\AppData\Local\Temp\cci7b0cB.s:168    .text.dbg_periph_disable:00000000 $t
C:\Users\49542\AppData\Local\Temp\cci7b0cB.s:175    .text.dbg_periph_disable:00000000 dbg_periph_disable
C:\Users\49542\AppData\Local\Temp\cci7b0cB.s:200    .text.dbg_trace_pin_enable:00000000 $t
C:\Users\49542\AppData\Local\Temp\cci7b0cB.s:207    .text.dbg_trace_pin_enable:00000000 dbg_trace_pin_enable
C:\Users\49542\AppData\Local\Temp\cci7b0cB.s:224    .text.dbg_trace_pin_enable:0000000c $d
C:\Users\49542\AppData\Local\Temp\cci7b0cB.s:229    .text.dbg_trace_pin_disable:00000000 $t
C:\Users\49542\AppData\Local\Temp\cci7b0cB.s:236    .text.dbg_trace_pin_disable:00000000 dbg_trace_pin_disable
C:\Users\49542\AppData\Local\Temp\cci7b0cB.s:253    .text.dbg_trace_pin_disable:0000000c $d
C:\Users\49542\AppData\Local\Temp\cci7b0cB.s:258    .text.dbg_trace_pin_mode_set:00000000 $t
C:\Users\49542\AppData\Local\Temp\cci7b0cB.s:265    .text.dbg_trace_pin_mode_set:00000000 dbg_trace_pin_mode_set
C:\Users\49542\AppData\Local\Temp\cci7b0cB.s:288    .text.dbg_trace_pin_mode_set:00000014 $d

NO UNDEFINED SYMBOLS
