ARM GAS  C:\Users\49542\AppData\Local\Temp\cc6QACCa.s 			page 1


   1              		.cpu cortex-m4
   2              		.eabi_attribute 27, 1
   3              		.eabi_attribute 28, 1
   4              		.eabi_attribute 20, 1
   5              		.eabi_attribute 21, 1
   6              		.eabi_attribute 23, 3
   7              		.eabi_attribute 24, 1
   8              		.eabi_attribute 25, 1
   9              		.eabi_attribute 26, 1
  10              		.eabi_attribute 30, 1
  11              		.eabi_attribute 34, 1
  12              		.eabi_attribute 18, 4
  13              		.file	"gd32f30x_it.c"
  14              		.text
  15              	.Ltext0:
  16              		.cfi_sections	.debug_frame
  17              		.section	.text.NMI_Handler,"ax",%progbits
  18              		.align	1
  19              		.global	NMI_Handler
  20              		.syntax unified
  21              		.thumb
  22              		.thumb_func
  23              		.fpu fpv4-sp-d16
  25              	NMI_Handler:
  26              	.LFB116:
  27              		.file 1 "C:/Users/49542/Desktop/GD32F30x_Demo_Suites_V2.0.0/GD32F30x_Demo_Suites_V2.0.0/BearPi-IoT
   1:C:/Users/49542/Desktop/GD32F30x_Demo_Suites_V2.0.0/GD32F30x_Demo_Suites_V2.0.0/BearPi-IoT_GD32F303_Demo_Suites/Projects/12_SDMMC\gd32f30x_it.c **** /*!
   2:C:/Users/49542/Desktop/GD32F30x_Demo_Suites_V2.0.0/GD32F30x_Demo_Suites_V2.0.0/BearPi-IoT_GD32F303_Demo_Suites/Projects/12_SDMMC\gd32f30x_it.c ****     \file  gd32f30x_it.c
   3:C:/Users/49542/Desktop/GD32F30x_Demo_Suites_V2.0.0/GD32F30x_Demo_Suites_V2.0.0/BearPi-IoT_GD32F303_Demo_Suites/Projects/12_SDMMC\gd32f30x_it.c ****     \brief interrupt service routines
   4:C:/Users/49542/Desktop/GD32F30x_Demo_Suites_V2.0.0/GD32F30x_Demo_Suites_V2.0.0/BearPi-IoT_GD32F303_Demo_Suites/Projects/12_SDMMC\gd32f30x_it.c **** 
   5:C:/Users/49542/Desktop/GD32F30x_Demo_Suites_V2.0.0/GD32F30x_Demo_Suites_V2.0.0/BearPi-IoT_GD32F303_Demo_Suites/Projects/12_SDMMC\gd32f30x_it.c ****     \version 2019-10-30, V1.0.0, demo for BearPi-IoT_GD32F30x
   6:C:/Users/49542/Desktop/GD32F30x_Demo_Suites_V2.0.0/GD32F30x_Demo_Suites_V2.0.0/BearPi-IoT_GD32F303_Demo_Suites/Projects/12_SDMMC\gd32f30x_it.c **** 
   7:C:/Users/49542/Desktop/GD32F30x_Demo_Suites_V2.0.0/GD32F30x_Demo_Suites_V2.0.0/BearPi-IoT_GD32F303_Demo_Suites/Projects/12_SDMMC\gd32f30x_it.c **** */
   8:C:/Users/49542/Desktop/GD32F30x_Demo_Suites_V2.0.0/GD32F30x_Demo_Suites_V2.0.0/BearPi-IoT_GD32F303_Demo_Suites/Projects/12_SDMMC\gd32f30x_it.c **** 
   9:C:/Users/49542/Desktop/GD32F30x_Demo_Suites_V2.0.0/GD32F30x_Demo_Suites_V2.0.0/BearPi-IoT_GD32F303_Demo_Suites/Projects/12_SDMMC\gd32f30x_it.c **** /*
  10:C:/Users/49542/Desktop/GD32F30x_Demo_Suites_V2.0.0/GD32F30x_Demo_Suites_V2.0.0/BearPi-IoT_GD32F303_Demo_Suites/Projects/12_SDMMC\gd32f30x_it.c ****     Copyright (c) 2019, BearPi LIMITED.
  11:C:/Users/49542/Desktop/GD32F30x_Demo_Suites_V2.0.0/GD32F30x_Demo_Suites_V2.0.0/BearPi-IoT_GD32F303_Demo_Suites/Projects/12_SDMMC\gd32f30x_it.c **** 
  12:C:/Users/49542/Desktop/GD32F30x_Demo_Suites_V2.0.0/GD32F30x_Demo_Suites_V2.0.0/BearPi-IoT_GD32F303_Demo_Suites/Projects/12_SDMMC\gd32f30x_it.c ****     All rights reserved.
  13:C:/Users/49542/Desktop/GD32F30x_Demo_Suites_V2.0.0/GD32F30x_Demo_Suites_V2.0.0/BearPi-IoT_GD32F303_Demo_Suites/Projects/12_SDMMC\gd32f30x_it.c **** 
  14:C:/Users/49542/Desktop/GD32F30x_Demo_Suites_V2.0.0/GD32F30x_Demo_Suites_V2.0.0/BearPi-IoT_GD32F303_Demo_Suites/Projects/12_SDMMC\gd32f30x_it.c ****     Redistribution and use in source and binary forms, with or without modification, 
  15:C:/Users/49542/Desktop/GD32F30x_Demo_Suites_V2.0.0/GD32F30x_Demo_Suites_V2.0.0/BearPi-IoT_GD32F303_Demo_Suites/Projects/12_SDMMC\gd32f30x_it.c **** are permitted provided that the following conditions are met:
  16:C:/Users/49542/Desktop/GD32F30x_Demo_Suites_V2.0.0/GD32F30x_Demo_Suites_V2.0.0/BearPi-IoT_GD32F303_Demo_Suites/Projects/12_SDMMC\gd32f30x_it.c **** 
  17:C:/Users/49542/Desktop/GD32F30x_Demo_Suites_V2.0.0/GD32F30x_Demo_Suites_V2.0.0/BearPi-IoT_GD32F303_Demo_Suites/Projects/12_SDMMC\gd32f30x_it.c ****     1. Redistributions of source code must retain the above copyright notice, this 
  18:C:/Users/49542/Desktop/GD32F30x_Demo_Suites_V2.0.0/GD32F30x_Demo_Suites_V2.0.0/BearPi-IoT_GD32F303_Demo_Suites/Projects/12_SDMMC\gd32f30x_it.c ****        list of conditions and the following disclaimer.
  19:C:/Users/49542/Desktop/GD32F30x_Demo_Suites_V2.0.0/GD32F30x_Demo_Suites_V2.0.0/BearPi-IoT_GD32F303_Demo_Suites/Projects/12_SDMMC\gd32f30x_it.c ****     2. Redistributions in binary form must reproduce the above copyright notice, 
  20:C:/Users/49542/Desktop/GD32F30x_Demo_Suites_V2.0.0/GD32F30x_Demo_Suites_V2.0.0/BearPi-IoT_GD32F303_Demo_Suites/Projects/12_SDMMC\gd32f30x_it.c ****        this list of conditions and the following disclaimer in the documentation 
  21:C:/Users/49542/Desktop/GD32F30x_Demo_Suites_V2.0.0/GD32F30x_Demo_Suites_V2.0.0/BearPi-IoT_GD32F303_Demo_Suites/Projects/12_SDMMC\gd32f30x_it.c ****        and/or other materials provided with the distribution.
  22:C:/Users/49542/Desktop/GD32F30x_Demo_Suites_V2.0.0/GD32F30x_Demo_Suites_V2.0.0/BearPi-IoT_GD32F303_Demo_Suites/Projects/12_SDMMC\gd32f30x_it.c ****     3. Neither the name of the copyright holder nor the names of its contributors 
  23:C:/Users/49542/Desktop/GD32F30x_Demo_Suites_V2.0.0/GD32F30x_Demo_Suites_V2.0.0/BearPi-IoT_GD32F303_Demo_Suites/Projects/12_SDMMC\gd32f30x_it.c ****        may be used to endorse or promote products derived from this software without 
  24:C:/Users/49542/Desktop/GD32F30x_Demo_Suites_V2.0.0/GD32F30x_Demo_Suites_V2.0.0/BearPi-IoT_GD32F303_Demo_Suites/Projects/12_SDMMC\gd32f30x_it.c ****        specific prior written permission.
  25:C:/Users/49542/Desktop/GD32F30x_Demo_Suites_V2.0.0/GD32F30x_Demo_Suites_V2.0.0/BearPi-IoT_GD32F303_Demo_Suites/Projects/12_SDMMC\gd32f30x_it.c **** 
  26:C:/Users/49542/Desktop/GD32F30x_Demo_Suites_V2.0.0/GD32F30x_Demo_Suites_V2.0.0/BearPi-IoT_GD32F303_Demo_Suites/Projects/12_SDMMC\gd32f30x_it.c ****     THIS SOFTWARE IS PROVIDED BY THE COPYRIGHT HOLDERS AND CONTRIBUTORS "AS IS" 
  27:C:/Users/49542/Desktop/GD32F30x_Demo_Suites_V2.0.0/GD32F30x_Demo_Suites_V2.0.0/BearPi-IoT_GD32F303_Demo_Suites/Projects/12_SDMMC\gd32f30x_it.c **** AND ANY EXPRESS OR IMPLIED WARRANTIES, INCLUDING, BUT NOT LIMITED TO, THE IMPLIED 
  28:C:/Users/49542/Desktop/GD32F30x_Demo_Suites_V2.0.0/GD32F30x_Demo_Suites_V2.0.0/BearPi-IoT_GD32F303_Demo_Suites/Projects/12_SDMMC\gd32f30x_it.c **** WARRANTIES OF MERCHANTABILITY AND FITNESS FOR A PARTICULAR PURPOSE ARE DISCLAIMED. 
  29:C:/Users/49542/Desktop/GD32F30x_Demo_Suites_V2.0.0/GD32F30x_Demo_Suites_V2.0.0/BearPi-IoT_GD32F303_Demo_Suites/Projects/12_SDMMC\gd32f30x_it.c **** IN NO EVENT SHALL THE COPYRIGHT HOLDER OR CONTRIBUTORS BE LIABLE FOR ANY DIRECT, 
  30:C:/Users/49542/Desktop/GD32F30x_Demo_Suites_V2.0.0/GD32F30x_Demo_Suites_V2.0.0/BearPi-IoT_GD32F303_Demo_Suites/Projects/12_SDMMC\gd32f30x_it.c **** INDIRECT, INCIDENTAL, SPECIAL, EXEMPLARY, OR CONSEQUENTIAL DAMAGES (INCLUDING, BUT 
  31:C:/Users/49542/Desktop/GD32F30x_Demo_Suites_V2.0.0/GD32F30x_Demo_Suites_V2.0.0/BearPi-IoT_GD32F303_Demo_Suites/Projects/12_SDMMC\gd32f30x_it.c **** NOT LIMITED TO, PROCUREMENT OF SUBSTITUTE GOODS OR SERVICES; LOSS OF USE, DATA, OR 
ARM GAS  C:\Users\49542\AppData\Local\Temp\cc6QACCa.s 			page 2


  32:C:/Users/49542/Desktop/GD32F30x_Demo_Suites_V2.0.0/GD32F30x_Demo_Suites_V2.0.0/BearPi-IoT_GD32F303_Demo_Suites/Projects/12_SDMMC\gd32f30x_it.c **** PROFITS; OR BUSINESS INTERRUPTION) HOWEVER CAUSED AND ON ANY THEORY OF LIABILITY, 
  33:C:/Users/49542/Desktop/GD32F30x_Demo_Suites_V2.0.0/GD32F30x_Demo_Suites_V2.0.0/BearPi-IoT_GD32F303_Demo_Suites/Projects/12_SDMMC\gd32f30x_it.c **** WHETHER IN CONTRACT, STRICT LIABILITY, OR TORT (INCLUDING NEGLIGENCE OR OTHERWISE) 
  34:C:/Users/49542/Desktop/GD32F30x_Demo_Suites_V2.0.0/GD32F30x_Demo_Suites_V2.0.0/BearPi-IoT_GD32F303_Demo_Suites/Projects/12_SDMMC\gd32f30x_it.c **** ARISING IN ANY WAY OUT OF THE USE OF THIS SOFTWARE, EVEN IF ADVISED OF THE POSSIBILITY 
  35:C:/Users/49542/Desktop/GD32F30x_Demo_Suites_V2.0.0/GD32F30x_Demo_Suites_V2.0.0/BearPi-IoT_GD32F303_Demo_Suites/Projects/12_SDMMC\gd32f30x_it.c **** OF SUCH DAMAGE.
  36:C:/Users/49542/Desktop/GD32F30x_Demo_Suites_V2.0.0/GD32F30x_Demo_Suites_V2.0.0/BearPi-IoT_GD32F303_Demo_Suites/Projects/12_SDMMC\gd32f30x_it.c **** */
  37:C:/Users/49542/Desktop/GD32F30x_Demo_Suites_V2.0.0/GD32F30x_Demo_Suites_V2.0.0/BearPi-IoT_GD32F303_Demo_Suites/Projects/12_SDMMC\gd32f30x_it.c **** 
  38:C:/Users/49542/Desktop/GD32F30x_Demo_Suites_V2.0.0/GD32F30x_Demo_Suites_V2.0.0/BearPi-IoT_GD32F303_Demo_Suites/Projects/12_SDMMC\gd32f30x_it.c **** #include "gd32f30x_it.h"
  39:C:/Users/49542/Desktop/GD32F30x_Demo_Suites_V2.0.0/GD32F30x_Demo_Suites_V2.0.0/BearPi-IoT_GD32F303_Demo_Suites/Projects/12_SDMMC\gd32f30x_it.c **** #include "sdcard.h"
  40:C:/Users/49542/Desktop/GD32F30x_Demo_Suites_V2.0.0/GD32F30x_Demo_Suites_V2.0.0/BearPi-IoT_GD32F303_Demo_Suites/Projects/12_SDMMC\gd32f30x_it.c **** #include "systick.h"
  41:C:/Users/49542/Desktop/GD32F30x_Demo_Suites_V2.0.0/GD32F30x_Demo_Suites_V2.0.0/BearPi-IoT_GD32F303_Demo_Suites/Projects/12_SDMMC\gd32f30x_it.c **** 
  42:C:/Users/49542/Desktop/GD32F30x_Demo_Suites_V2.0.0/GD32F30x_Demo_Suites_V2.0.0/BearPi-IoT_GD32F303_Demo_Suites/Projects/12_SDMMC\gd32f30x_it.c **** /*!
  43:C:/Users/49542/Desktop/GD32F30x_Demo_Suites_V2.0.0/GD32F30x_Demo_Suites_V2.0.0/BearPi-IoT_GD32F303_Demo_Suites/Projects/12_SDMMC\gd32f30x_it.c ****     \brief      this function handles NMI exception
  44:C:/Users/49542/Desktop/GD32F30x_Demo_Suites_V2.0.0/GD32F30x_Demo_Suites_V2.0.0/BearPi-IoT_GD32F303_Demo_Suites/Projects/12_SDMMC\gd32f30x_it.c ****     \param[in]  none
  45:C:/Users/49542/Desktop/GD32F30x_Demo_Suites_V2.0.0/GD32F30x_Demo_Suites_V2.0.0/BearPi-IoT_GD32F303_Demo_Suites/Projects/12_SDMMC\gd32f30x_it.c ****     \param[out] none
  46:C:/Users/49542/Desktop/GD32F30x_Demo_Suites_V2.0.0/GD32F30x_Demo_Suites_V2.0.0/BearPi-IoT_GD32F303_Demo_Suites/Projects/12_SDMMC\gd32f30x_it.c ****     \retval     none
  47:C:/Users/49542/Desktop/GD32F30x_Demo_Suites_V2.0.0/GD32F30x_Demo_Suites_V2.0.0/BearPi-IoT_GD32F303_Demo_Suites/Projects/12_SDMMC\gd32f30x_it.c **** */
  48:C:/Users/49542/Desktop/GD32F30x_Demo_Suites_V2.0.0/GD32F30x_Demo_Suites_V2.0.0/BearPi-IoT_GD32F303_Demo_Suites/Projects/12_SDMMC\gd32f30x_it.c **** void NMI_Handler(void)
  49:C:/Users/49542/Desktop/GD32F30x_Demo_Suites_V2.0.0/GD32F30x_Demo_Suites_V2.0.0/BearPi-IoT_GD32F303_Demo_Suites/Projects/12_SDMMC\gd32f30x_it.c **** {
  28              		.loc 1 49 0
  29              		.cfi_startproc
  30              		@ args = 0, pretend = 0, frame = 0
  31              		@ frame_needed = 0, uses_anonymous_args = 0
  32              		@ link register save eliminated.
  50:C:/Users/49542/Desktop/GD32F30x_Demo_Suites_V2.0.0/GD32F30x_Demo_Suites_V2.0.0/BearPi-IoT_GD32F303_Demo_Suites/Projects/12_SDMMC\gd32f30x_it.c **** }
  33              		.loc 1 50 0
  34 0000 7047     		bx	lr
  35              		.cfi_endproc
  36              	.LFE116:
  38              		.section	.text.HardFault_Handler,"ax",%progbits
  39              		.align	1
  40              		.global	HardFault_Handler
  41              		.syntax unified
  42              		.thumb
  43              		.thumb_func
  44              		.fpu fpv4-sp-d16
  46              	HardFault_Handler:
  47              	.LFB117:
  51:C:/Users/49542/Desktop/GD32F30x_Demo_Suites_V2.0.0/GD32F30x_Demo_Suites_V2.0.0/BearPi-IoT_GD32F303_Demo_Suites/Projects/12_SDMMC\gd32f30x_it.c **** 
  52:C:/Users/49542/Desktop/GD32F30x_Demo_Suites_V2.0.0/GD32F30x_Demo_Suites_V2.0.0/BearPi-IoT_GD32F303_Demo_Suites/Projects/12_SDMMC\gd32f30x_it.c **** /*!
  53:C:/Users/49542/Desktop/GD32F30x_Demo_Suites_V2.0.0/GD32F30x_Demo_Suites_V2.0.0/BearPi-IoT_GD32F303_Demo_Suites/Projects/12_SDMMC\gd32f30x_it.c ****     \brief      this function handles HardFault exception
  54:C:/Users/49542/Desktop/GD32F30x_Demo_Suites_V2.0.0/GD32F30x_Demo_Suites_V2.0.0/BearPi-IoT_GD32F303_Demo_Suites/Projects/12_SDMMC\gd32f30x_it.c ****     \param[in]  none
  55:C:/Users/49542/Desktop/GD32F30x_Demo_Suites_V2.0.0/GD32F30x_Demo_Suites_V2.0.0/BearPi-IoT_GD32F303_Demo_Suites/Projects/12_SDMMC\gd32f30x_it.c ****     \param[out] none
  56:C:/Users/49542/Desktop/GD32F30x_Demo_Suites_V2.0.0/GD32F30x_Demo_Suites_V2.0.0/BearPi-IoT_GD32F303_Demo_Suites/Projects/12_SDMMC\gd32f30x_it.c ****     \retval     none
  57:C:/Users/49542/Desktop/GD32F30x_Demo_Suites_V2.0.0/GD32F30x_Demo_Suites_V2.0.0/BearPi-IoT_GD32F303_Demo_Suites/Projects/12_SDMMC\gd32f30x_it.c **** */
  58:C:/Users/49542/Desktop/GD32F30x_Demo_Suites_V2.0.0/GD32F30x_Demo_Suites_V2.0.0/BearPi-IoT_GD32F303_Demo_Suites/Projects/12_SDMMC\gd32f30x_it.c **** void HardFault_Handler(void)
  59:C:/Users/49542/Desktop/GD32F30x_Demo_Suites_V2.0.0/GD32F30x_Demo_Suites_V2.0.0/BearPi-IoT_GD32F303_Demo_Suites/Projects/12_SDMMC\gd32f30x_it.c **** {
  48              		.loc 1 59 0
  49              		.cfi_startproc
  50              		@ Volatile: function does not return.
  51              		@ args = 0, pretend = 0, frame = 0
  52              		@ frame_needed = 0, uses_anonymous_args = 0
  53              		@ link register save eliminated.
  54              	.L3:
  55 0000 FEE7     		b	.L3
  56              		.cfi_endproc
  57              	.LFE117:
  59              		.section	.text.MemManage_Handler,"ax",%progbits
ARM GAS  C:\Users\49542\AppData\Local\Temp\cc6QACCa.s 			page 3


  60              		.align	1
  61              		.global	MemManage_Handler
  62              		.syntax unified
  63              		.thumb
  64              		.thumb_func
  65              		.fpu fpv4-sp-d16
  67              	MemManage_Handler:
  68              	.LFB118:
  60:C:/Users/49542/Desktop/GD32F30x_Demo_Suites_V2.0.0/GD32F30x_Demo_Suites_V2.0.0/BearPi-IoT_GD32F303_Demo_Suites/Projects/12_SDMMC\gd32f30x_it.c ****     /* if Hard Fault exception occurs, go to infinite loop */
  61:C:/Users/49542/Desktop/GD32F30x_Demo_Suites_V2.0.0/GD32F30x_Demo_Suites_V2.0.0/BearPi-IoT_GD32F303_Demo_Suites/Projects/12_SDMMC\gd32f30x_it.c ****     while (1){
  62:C:/Users/49542/Desktop/GD32F30x_Demo_Suites_V2.0.0/GD32F30x_Demo_Suites_V2.0.0/BearPi-IoT_GD32F303_Demo_Suites/Projects/12_SDMMC\gd32f30x_it.c ****     }
  63:C:/Users/49542/Desktop/GD32F30x_Demo_Suites_V2.0.0/GD32F30x_Demo_Suites_V2.0.0/BearPi-IoT_GD32F303_Demo_Suites/Projects/12_SDMMC\gd32f30x_it.c **** }
  64:C:/Users/49542/Desktop/GD32F30x_Demo_Suites_V2.0.0/GD32F30x_Demo_Suites_V2.0.0/BearPi-IoT_GD32F303_Demo_Suites/Projects/12_SDMMC\gd32f30x_it.c **** 
  65:C:/Users/49542/Desktop/GD32F30x_Demo_Suites_V2.0.0/GD32F30x_Demo_Suites_V2.0.0/BearPi-IoT_GD32F303_Demo_Suites/Projects/12_SDMMC\gd32f30x_it.c **** /*!
  66:C:/Users/49542/Desktop/GD32F30x_Demo_Suites_V2.0.0/GD32F30x_Demo_Suites_V2.0.0/BearPi-IoT_GD32F303_Demo_Suites/Projects/12_SDMMC\gd32f30x_it.c ****     \brief      this function handles MemManage exception
  67:C:/Users/49542/Desktop/GD32F30x_Demo_Suites_V2.0.0/GD32F30x_Demo_Suites_V2.0.0/BearPi-IoT_GD32F303_Demo_Suites/Projects/12_SDMMC\gd32f30x_it.c ****     \param[in]  none
  68:C:/Users/49542/Desktop/GD32F30x_Demo_Suites_V2.0.0/GD32F30x_Demo_Suites_V2.0.0/BearPi-IoT_GD32F303_Demo_Suites/Projects/12_SDMMC\gd32f30x_it.c ****     \param[out] none
  69:C:/Users/49542/Desktop/GD32F30x_Demo_Suites_V2.0.0/GD32F30x_Demo_Suites_V2.0.0/BearPi-IoT_GD32F303_Demo_Suites/Projects/12_SDMMC\gd32f30x_it.c ****     \retval     none
  70:C:/Users/49542/Desktop/GD32F30x_Demo_Suites_V2.0.0/GD32F30x_Demo_Suites_V2.0.0/BearPi-IoT_GD32F303_Demo_Suites/Projects/12_SDMMC\gd32f30x_it.c **** */
  71:C:/Users/49542/Desktop/GD32F30x_Demo_Suites_V2.0.0/GD32F30x_Demo_Suites_V2.0.0/BearPi-IoT_GD32F303_Demo_Suites/Projects/12_SDMMC\gd32f30x_it.c **** void MemManage_Handler(void)
  72:C:/Users/49542/Desktop/GD32F30x_Demo_Suites_V2.0.0/GD32F30x_Demo_Suites_V2.0.0/BearPi-IoT_GD32F303_Demo_Suites/Projects/12_SDMMC\gd32f30x_it.c **** {
  69              		.loc 1 72 0
  70              		.cfi_startproc
  71              		@ Volatile: function does not return.
  72              		@ args = 0, pretend = 0, frame = 0
  73              		@ frame_needed = 0, uses_anonymous_args = 0
  74              		@ link register save eliminated.
  75              	.L5:
  76 0000 FEE7     		b	.L5
  77              		.cfi_endproc
  78              	.LFE118:
  80              		.section	.text.BusFault_Handler,"ax",%progbits
  81              		.align	1
  82              		.global	BusFault_Handler
  83              		.syntax unified
  84              		.thumb
  85              		.thumb_func
  86              		.fpu fpv4-sp-d16
  88              	BusFault_Handler:
  89              	.LFB119:
  73:C:/Users/49542/Desktop/GD32F30x_Demo_Suites_V2.0.0/GD32F30x_Demo_Suites_V2.0.0/BearPi-IoT_GD32F303_Demo_Suites/Projects/12_SDMMC\gd32f30x_it.c ****     /* if Memory Manage exception occurs, go to infinite loop */
  74:C:/Users/49542/Desktop/GD32F30x_Demo_Suites_V2.0.0/GD32F30x_Demo_Suites_V2.0.0/BearPi-IoT_GD32F303_Demo_Suites/Projects/12_SDMMC\gd32f30x_it.c ****     while (1){
  75:C:/Users/49542/Desktop/GD32F30x_Demo_Suites_V2.0.0/GD32F30x_Demo_Suites_V2.0.0/BearPi-IoT_GD32F303_Demo_Suites/Projects/12_SDMMC\gd32f30x_it.c ****     }
  76:C:/Users/49542/Desktop/GD32F30x_Demo_Suites_V2.0.0/GD32F30x_Demo_Suites_V2.0.0/BearPi-IoT_GD32F303_Demo_Suites/Projects/12_SDMMC\gd32f30x_it.c **** }
  77:C:/Users/49542/Desktop/GD32F30x_Demo_Suites_V2.0.0/GD32F30x_Demo_Suites_V2.0.0/BearPi-IoT_GD32F303_Demo_Suites/Projects/12_SDMMC\gd32f30x_it.c **** 
  78:C:/Users/49542/Desktop/GD32F30x_Demo_Suites_V2.0.0/GD32F30x_Demo_Suites_V2.0.0/BearPi-IoT_GD32F303_Demo_Suites/Projects/12_SDMMC\gd32f30x_it.c **** /*!
  79:C:/Users/49542/Desktop/GD32F30x_Demo_Suites_V2.0.0/GD32F30x_Demo_Suites_V2.0.0/BearPi-IoT_GD32F303_Demo_Suites/Projects/12_SDMMC\gd32f30x_it.c ****     \brief      this function handles BusFault exception
  80:C:/Users/49542/Desktop/GD32F30x_Demo_Suites_V2.0.0/GD32F30x_Demo_Suites_V2.0.0/BearPi-IoT_GD32F303_Demo_Suites/Projects/12_SDMMC\gd32f30x_it.c ****     \param[in]  none
  81:C:/Users/49542/Desktop/GD32F30x_Demo_Suites_V2.0.0/GD32F30x_Demo_Suites_V2.0.0/BearPi-IoT_GD32F303_Demo_Suites/Projects/12_SDMMC\gd32f30x_it.c ****     \param[out] none
  82:C:/Users/49542/Desktop/GD32F30x_Demo_Suites_V2.0.0/GD32F30x_Demo_Suites_V2.0.0/BearPi-IoT_GD32F303_Demo_Suites/Projects/12_SDMMC\gd32f30x_it.c ****     \retval     none
  83:C:/Users/49542/Desktop/GD32F30x_Demo_Suites_V2.0.0/GD32F30x_Demo_Suites_V2.0.0/BearPi-IoT_GD32F303_Demo_Suites/Projects/12_SDMMC\gd32f30x_it.c **** */
  84:C:/Users/49542/Desktop/GD32F30x_Demo_Suites_V2.0.0/GD32F30x_Demo_Suites_V2.0.0/BearPi-IoT_GD32F303_Demo_Suites/Projects/12_SDMMC\gd32f30x_it.c **** void BusFault_Handler(void)
  85:C:/Users/49542/Desktop/GD32F30x_Demo_Suites_V2.0.0/GD32F30x_Demo_Suites_V2.0.0/BearPi-IoT_GD32F303_Demo_Suites/Projects/12_SDMMC\gd32f30x_it.c **** {
  90              		.loc 1 85 0
  91              		.cfi_startproc
  92              		@ Volatile: function does not return.
  93              		@ args = 0, pretend = 0, frame = 0
ARM GAS  C:\Users\49542\AppData\Local\Temp\cc6QACCa.s 			page 4


  94              		@ frame_needed = 0, uses_anonymous_args = 0
  95              		@ link register save eliminated.
  96              	.L7:
  97 0000 FEE7     		b	.L7
  98              		.cfi_endproc
  99              	.LFE119:
 101              		.section	.text.UsageFault_Handler,"ax",%progbits
 102              		.align	1
 103              		.global	UsageFault_Handler
 104              		.syntax unified
 105              		.thumb
 106              		.thumb_func
 107              		.fpu fpv4-sp-d16
 109              	UsageFault_Handler:
 110              	.LFB120:
  86:C:/Users/49542/Desktop/GD32F30x_Demo_Suites_V2.0.0/GD32F30x_Demo_Suites_V2.0.0/BearPi-IoT_GD32F303_Demo_Suites/Projects/12_SDMMC\gd32f30x_it.c ****     /* if Bus Fault exception occurs, go to infinite loop */
  87:C:/Users/49542/Desktop/GD32F30x_Demo_Suites_V2.0.0/GD32F30x_Demo_Suites_V2.0.0/BearPi-IoT_GD32F303_Demo_Suites/Projects/12_SDMMC\gd32f30x_it.c ****     while (1){
  88:C:/Users/49542/Desktop/GD32F30x_Demo_Suites_V2.0.0/GD32F30x_Demo_Suites_V2.0.0/BearPi-IoT_GD32F303_Demo_Suites/Projects/12_SDMMC\gd32f30x_it.c ****     }
  89:C:/Users/49542/Desktop/GD32F30x_Demo_Suites_V2.0.0/GD32F30x_Demo_Suites_V2.0.0/BearPi-IoT_GD32F303_Demo_Suites/Projects/12_SDMMC\gd32f30x_it.c **** }
  90:C:/Users/49542/Desktop/GD32F30x_Demo_Suites_V2.0.0/GD32F30x_Demo_Suites_V2.0.0/BearPi-IoT_GD32F303_Demo_Suites/Projects/12_SDMMC\gd32f30x_it.c **** 
  91:C:/Users/49542/Desktop/GD32F30x_Demo_Suites_V2.0.0/GD32F30x_Demo_Suites_V2.0.0/BearPi-IoT_GD32F303_Demo_Suites/Projects/12_SDMMC\gd32f30x_it.c **** /*!
  92:C:/Users/49542/Desktop/GD32F30x_Demo_Suites_V2.0.0/GD32F30x_Demo_Suites_V2.0.0/BearPi-IoT_GD32F303_Demo_Suites/Projects/12_SDMMC\gd32f30x_it.c ****     \brief      this function handles UsageFault exception
  93:C:/Users/49542/Desktop/GD32F30x_Demo_Suites_V2.0.0/GD32F30x_Demo_Suites_V2.0.0/BearPi-IoT_GD32F303_Demo_Suites/Projects/12_SDMMC\gd32f30x_it.c ****     \param[in]  none
  94:C:/Users/49542/Desktop/GD32F30x_Demo_Suites_V2.0.0/GD32F30x_Demo_Suites_V2.0.0/BearPi-IoT_GD32F303_Demo_Suites/Projects/12_SDMMC\gd32f30x_it.c ****     \param[out] none
  95:C:/Users/49542/Desktop/GD32F30x_Demo_Suites_V2.0.0/GD32F30x_Demo_Suites_V2.0.0/BearPi-IoT_GD32F303_Demo_Suites/Projects/12_SDMMC\gd32f30x_it.c ****     \retval     none
  96:C:/Users/49542/Desktop/GD32F30x_Demo_Suites_V2.0.0/GD32F30x_Demo_Suites_V2.0.0/BearPi-IoT_GD32F303_Demo_Suites/Projects/12_SDMMC\gd32f30x_it.c **** */
  97:C:/Users/49542/Desktop/GD32F30x_Demo_Suites_V2.0.0/GD32F30x_Demo_Suites_V2.0.0/BearPi-IoT_GD32F303_Demo_Suites/Projects/12_SDMMC\gd32f30x_it.c **** void UsageFault_Handler(void)
  98:C:/Users/49542/Desktop/GD32F30x_Demo_Suites_V2.0.0/GD32F30x_Demo_Suites_V2.0.0/BearPi-IoT_GD32F303_Demo_Suites/Projects/12_SDMMC\gd32f30x_it.c **** {
 111              		.loc 1 98 0
 112              		.cfi_startproc
 113              		@ Volatile: function does not return.
 114              		@ args = 0, pretend = 0, frame = 0
 115              		@ frame_needed = 0, uses_anonymous_args = 0
 116              		@ link register save eliminated.
 117              	.L9:
 118 0000 FEE7     		b	.L9
 119              		.cfi_endproc
 120              	.LFE120:
 122              		.section	.text.SVC_Handler,"ax",%progbits
 123              		.align	1
 124              		.global	SVC_Handler
 125              		.syntax unified
 126              		.thumb
 127              		.thumb_func
 128              		.fpu fpv4-sp-d16
 130              	SVC_Handler:
 131              	.LFB121:
  99:C:/Users/49542/Desktop/GD32F30x_Demo_Suites_V2.0.0/GD32F30x_Demo_Suites_V2.0.0/BearPi-IoT_GD32F303_Demo_Suites/Projects/12_SDMMC\gd32f30x_it.c ****     /* if Usage Fault exception occurs, go to infinite loop */
 100:C:/Users/49542/Desktop/GD32F30x_Demo_Suites_V2.0.0/GD32F30x_Demo_Suites_V2.0.0/BearPi-IoT_GD32F303_Demo_Suites/Projects/12_SDMMC\gd32f30x_it.c ****     while (1){
 101:C:/Users/49542/Desktop/GD32F30x_Demo_Suites_V2.0.0/GD32F30x_Demo_Suites_V2.0.0/BearPi-IoT_GD32F303_Demo_Suites/Projects/12_SDMMC\gd32f30x_it.c ****     }
 102:C:/Users/49542/Desktop/GD32F30x_Demo_Suites_V2.0.0/GD32F30x_Demo_Suites_V2.0.0/BearPi-IoT_GD32F303_Demo_Suites/Projects/12_SDMMC\gd32f30x_it.c **** }
 103:C:/Users/49542/Desktop/GD32F30x_Demo_Suites_V2.0.0/GD32F30x_Demo_Suites_V2.0.0/BearPi-IoT_GD32F303_Demo_Suites/Projects/12_SDMMC\gd32f30x_it.c **** 
 104:C:/Users/49542/Desktop/GD32F30x_Demo_Suites_V2.0.0/GD32F30x_Demo_Suites_V2.0.0/BearPi-IoT_GD32F303_Demo_Suites/Projects/12_SDMMC\gd32f30x_it.c **** /*!
 105:C:/Users/49542/Desktop/GD32F30x_Demo_Suites_V2.0.0/GD32F30x_Demo_Suites_V2.0.0/BearPi-IoT_GD32F303_Demo_Suites/Projects/12_SDMMC\gd32f30x_it.c ****     \brief      this function handles SVC exception
 106:C:/Users/49542/Desktop/GD32F30x_Demo_Suites_V2.0.0/GD32F30x_Demo_Suites_V2.0.0/BearPi-IoT_GD32F303_Demo_Suites/Projects/12_SDMMC\gd32f30x_it.c ****     \param[in]  none
 107:C:/Users/49542/Desktop/GD32F30x_Demo_Suites_V2.0.0/GD32F30x_Demo_Suites_V2.0.0/BearPi-IoT_GD32F303_Demo_Suites/Projects/12_SDMMC\gd32f30x_it.c ****     \param[out] none
 108:C:/Users/49542/Desktop/GD32F30x_Demo_Suites_V2.0.0/GD32F30x_Demo_Suites_V2.0.0/BearPi-IoT_GD32F303_Demo_Suites/Projects/12_SDMMC\gd32f30x_it.c ****     \retval     none
ARM GAS  C:\Users\49542\AppData\Local\Temp\cc6QACCa.s 			page 5


 109:C:/Users/49542/Desktop/GD32F30x_Demo_Suites_V2.0.0/GD32F30x_Demo_Suites_V2.0.0/BearPi-IoT_GD32F303_Demo_Suites/Projects/12_SDMMC\gd32f30x_it.c **** */
 110:C:/Users/49542/Desktop/GD32F30x_Demo_Suites_V2.0.0/GD32F30x_Demo_Suites_V2.0.0/BearPi-IoT_GD32F303_Demo_Suites/Projects/12_SDMMC\gd32f30x_it.c **** void SVC_Handler(void)
 111:C:/Users/49542/Desktop/GD32F30x_Demo_Suites_V2.0.0/GD32F30x_Demo_Suites_V2.0.0/BearPi-IoT_GD32F303_Demo_Suites/Projects/12_SDMMC\gd32f30x_it.c **** {
 132              		.loc 1 111 0
 133              		.cfi_startproc
 134              		@ args = 0, pretend = 0, frame = 0
 135              		@ frame_needed = 0, uses_anonymous_args = 0
 136              		@ link register save eliminated.
 112:C:/Users/49542/Desktop/GD32F30x_Demo_Suites_V2.0.0/GD32F30x_Demo_Suites_V2.0.0/BearPi-IoT_GD32F303_Demo_Suites/Projects/12_SDMMC\gd32f30x_it.c **** }
 137              		.loc 1 112 0
 138 0000 7047     		bx	lr
 139              		.cfi_endproc
 140              	.LFE121:
 142              		.section	.text.DebugMon_Handler,"ax",%progbits
 143              		.align	1
 144              		.global	DebugMon_Handler
 145              		.syntax unified
 146              		.thumb
 147              		.thumb_func
 148              		.fpu fpv4-sp-d16
 150              	DebugMon_Handler:
 151              	.LFB122:
 113:C:/Users/49542/Desktop/GD32F30x_Demo_Suites_V2.0.0/GD32F30x_Demo_Suites_V2.0.0/BearPi-IoT_GD32F303_Demo_Suites/Projects/12_SDMMC\gd32f30x_it.c **** 
 114:C:/Users/49542/Desktop/GD32F30x_Demo_Suites_V2.0.0/GD32F30x_Demo_Suites_V2.0.0/BearPi-IoT_GD32F303_Demo_Suites/Projects/12_SDMMC\gd32f30x_it.c **** /*!
 115:C:/Users/49542/Desktop/GD32F30x_Demo_Suites_V2.0.0/GD32F30x_Demo_Suites_V2.0.0/BearPi-IoT_GD32F303_Demo_Suites/Projects/12_SDMMC\gd32f30x_it.c ****     \brief      this function handles DebugMon exception
 116:C:/Users/49542/Desktop/GD32F30x_Demo_Suites_V2.0.0/GD32F30x_Demo_Suites_V2.0.0/BearPi-IoT_GD32F303_Demo_Suites/Projects/12_SDMMC\gd32f30x_it.c ****     \param[in]  none
 117:C:/Users/49542/Desktop/GD32F30x_Demo_Suites_V2.0.0/GD32F30x_Demo_Suites_V2.0.0/BearPi-IoT_GD32F303_Demo_Suites/Projects/12_SDMMC\gd32f30x_it.c ****     \param[out] none
 118:C:/Users/49542/Desktop/GD32F30x_Demo_Suites_V2.0.0/GD32F30x_Demo_Suites_V2.0.0/BearPi-IoT_GD32F303_Demo_Suites/Projects/12_SDMMC\gd32f30x_it.c ****     \retval     none
 119:C:/Users/49542/Desktop/GD32F30x_Demo_Suites_V2.0.0/GD32F30x_Demo_Suites_V2.0.0/BearPi-IoT_GD32F303_Demo_Suites/Projects/12_SDMMC\gd32f30x_it.c **** */
 120:C:/Users/49542/Desktop/GD32F30x_Demo_Suites_V2.0.0/GD32F30x_Demo_Suites_V2.0.0/BearPi-IoT_GD32F303_Demo_Suites/Projects/12_SDMMC\gd32f30x_it.c **** void DebugMon_Handler(void)
 121:C:/Users/49542/Desktop/GD32F30x_Demo_Suites_V2.0.0/GD32F30x_Demo_Suites_V2.0.0/BearPi-IoT_GD32F303_Demo_Suites/Projects/12_SDMMC\gd32f30x_it.c **** {
 152              		.loc 1 121 0
 153              		.cfi_startproc
 154              		@ args = 0, pretend = 0, frame = 0
 155              		@ frame_needed = 0, uses_anonymous_args = 0
 156              		@ link register save eliminated.
 122:C:/Users/49542/Desktop/GD32F30x_Demo_Suites_V2.0.0/GD32F30x_Demo_Suites_V2.0.0/BearPi-IoT_GD32F303_Demo_Suites/Projects/12_SDMMC\gd32f30x_it.c **** }
 157              		.loc 1 122 0
 158 0000 7047     		bx	lr
 159              		.cfi_endproc
 160              	.LFE122:
 162              		.section	.text.PendSV_Handler,"ax",%progbits
 163              		.align	1
 164              		.global	PendSV_Handler
 165              		.syntax unified
 166              		.thumb
 167              		.thumb_func
 168              		.fpu fpv4-sp-d16
 170              	PendSV_Handler:
 171              	.LFB123:
 123:C:/Users/49542/Desktop/GD32F30x_Demo_Suites_V2.0.0/GD32F30x_Demo_Suites_V2.0.0/BearPi-IoT_GD32F303_Demo_Suites/Projects/12_SDMMC\gd32f30x_it.c **** 
 124:C:/Users/49542/Desktop/GD32F30x_Demo_Suites_V2.0.0/GD32F30x_Demo_Suites_V2.0.0/BearPi-IoT_GD32F303_Demo_Suites/Projects/12_SDMMC\gd32f30x_it.c **** /*!
 125:C:/Users/49542/Desktop/GD32F30x_Demo_Suites_V2.0.0/GD32F30x_Demo_Suites_V2.0.0/BearPi-IoT_GD32F303_Demo_Suites/Projects/12_SDMMC\gd32f30x_it.c ****     \brief      this function handles PendSV exception
 126:C:/Users/49542/Desktop/GD32F30x_Demo_Suites_V2.0.0/GD32F30x_Demo_Suites_V2.0.0/BearPi-IoT_GD32F303_Demo_Suites/Projects/12_SDMMC\gd32f30x_it.c ****     \param[in]  none
 127:C:/Users/49542/Desktop/GD32F30x_Demo_Suites_V2.0.0/GD32F30x_Demo_Suites_V2.0.0/BearPi-IoT_GD32F303_Demo_Suites/Projects/12_SDMMC\gd32f30x_it.c ****     \param[out] none
 128:C:/Users/49542/Desktop/GD32F30x_Demo_Suites_V2.0.0/GD32F30x_Demo_Suites_V2.0.0/BearPi-IoT_GD32F303_Demo_Suites/Projects/12_SDMMC\gd32f30x_it.c ****     \retval     none
 129:C:/Users/49542/Desktop/GD32F30x_Demo_Suites_V2.0.0/GD32F30x_Demo_Suites_V2.0.0/BearPi-IoT_GD32F303_Demo_Suites/Projects/12_SDMMC\gd32f30x_it.c **** */
ARM GAS  C:\Users\49542\AppData\Local\Temp\cc6QACCa.s 			page 6


 130:C:/Users/49542/Desktop/GD32F30x_Demo_Suites_V2.0.0/GD32F30x_Demo_Suites_V2.0.0/BearPi-IoT_GD32F303_Demo_Suites/Projects/12_SDMMC\gd32f30x_it.c **** void PendSV_Handler(void)
 131:C:/Users/49542/Desktop/GD32F30x_Demo_Suites_V2.0.0/GD32F30x_Demo_Suites_V2.0.0/BearPi-IoT_GD32F303_Demo_Suites/Projects/12_SDMMC\gd32f30x_it.c **** {
 172              		.loc 1 131 0
 173              		.cfi_startproc
 174              		@ args = 0, pretend = 0, frame = 0
 175              		@ frame_needed = 0, uses_anonymous_args = 0
 176              		@ link register save eliminated.
 132:C:/Users/49542/Desktop/GD32F30x_Demo_Suites_V2.0.0/GD32F30x_Demo_Suites_V2.0.0/BearPi-IoT_GD32F303_Demo_Suites/Projects/12_SDMMC\gd32f30x_it.c **** }
 177              		.loc 1 132 0
 178 0000 7047     		bx	lr
 179              		.cfi_endproc
 180              	.LFE123:
 182              		.section	.text.SysTick_Handler,"ax",%progbits
 183              		.align	1
 184              		.global	SysTick_Handler
 185              		.syntax unified
 186              		.thumb
 187              		.thumb_func
 188              		.fpu fpv4-sp-d16
 190              	SysTick_Handler:
 191              	.LFB124:
 133:C:/Users/49542/Desktop/GD32F30x_Demo_Suites_V2.0.0/GD32F30x_Demo_Suites_V2.0.0/BearPi-IoT_GD32F303_Demo_Suites/Projects/12_SDMMC\gd32f30x_it.c **** 
 134:C:/Users/49542/Desktop/GD32F30x_Demo_Suites_V2.0.0/GD32F30x_Demo_Suites_V2.0.0/BearPi-IoT_GD32F303_Demo_Suites/Projects/12_SDMMC\gd32f30x_it.c **** /*!
 135:C:/Users/49542/Desktop/GD32F30x_Demo_Suites_V2.0.0/GD32F30x_Demo_Suites_V2.0.0/BearPi-IoT_GD32F303_Demo_Suites/Projects/12_SDMMC\gd32f30x_it.c ****     \brief      this function handles SysTick exception
 136:C:/Users/49542/Desktop/GD32F30x_Demo_Suites_V2.0.0/GD32F30x_Demo_Suites_V2.0.0/BearPi-IoT_GD32F303_Demo_Suites/Projects/12_SDMMC\gd32f30x_it.c ****     \param[in]  none
 137:C:/Users/49542/Desktop/GD32F30x_Demo_Suites_V2.0.0/GD32F30x_Demo_Suites_V2.0.0/BearPi-IoT_GD32F303_Demo_Suites/Projects/12_SDMMC\gd32f30x_it.c ****     \param[out] none
 138:C:/Users/49542/Desktop/GD32F30x_Demo_Suites_V2.0.0/GD32F30x_Demo_Suites_V2.0.0/BearPi-IoT_GD32F303_Demo_Suites/Projects/12_SDMMC\gd32f30x_it.c ****     \retval     none
 139:C:/Users/49542/Desktop/GD32F30x_Demo_Suites_V2.0.0/GD32F30x_Demo_Suites_V2.0.0/BearPi-IoT_GD32F303_Demo_Suites/Projects/12_SDMMC\gd32f30x_it.c **** */
 140:C:/Users/49542/Desktop/GD32F30x_Demo_Suites_V2.0.0/GD32F30x_Demo_Suites_V2.0.0/BearPi-IoT_GD32F303_Demo_Suites/Projects/12_SDMMC\gd32f30x_it.c **** void SysTick_Handler(void)
 141:C:/Users/49542/Desktop/GD32F30x_Demo_Suites_V2.0.0/GD32F30x_Demo_Suites_V2.0.0/BearPi-IoT_GD32F303_Demo_Suites/Projects/12_SDMMC\gd32f30x_it.c **** {
 192              		.loc 1 141 0
 193              		.cfi_startproc
 194              		@ args = 0, pretend = 0, frame = 0
 195              		@ frame_needed = 0, uses_anonymous_args = 0
 196 0000 08B5     		push	{r3, lr}
 197              	.LCFI0:
 198              		.cfi_def_cfa_offset 8
 199              		.cfi_offset 3, -8
 200              		.cfi_offset 14, -4
 142:C:/Users/49542/Desktop/GD32F30x_Demo_Suites_V2.0.0/GD32F30x_Demo_Suites_V2.0.0/BearPi-IoT_GD32F303_Demo_Suites/Projects/12_SDMMC\gd32f30x_it.c ****     delay_decrement();
 201              		.loc 1 142 0
 202 0002 FFF7FEFF 		bl	delay_decrement
 203              	.LVL0:
 143:C:/Users/49542/Desktop/GD32F30x_Demo_Suites_V2.0.0/GD32F30x_Demo_Suites_V2.0.0/BearPi-IoT_GD32F303_Demo_Suites/Projects/12_SDMMC\gd32f30x_it.c **** }
 204              		.loc 1 143 0
 205 0006 08BD     		pop	{r3, pc}
 206              		.cfi_endproc
 207              	.LFE124:
 209              		.section	.text.SDIO_IRQHandler,"ax",%progbits
 210              		.align	1
 211              		.global	SDIO_IRQHandler
 212              		.syntax unified
 213              		.thumb
 214              		.thumb_func
 215              		.fpu fpv4-sp-d16
 217              	SDIO_IRQHandler:
 218              	.LFB125:
ARM GAS  C:\Users\49542\AppData\Local\Temp\cc6QACCa.s 			page 7


 144:C:/Users/49542/Desktop/GD32F30x_Demo_Suites_V2.0.0/GD32F30x_Demo_Suites_V2.0.0/BearPi-IoT_GD32F303_Demo_Suites/Projects/12_SDMMC\gd32f30x_it.c **** /*!
 145:C:/Users/49542/Desktop/GD32F30x_Demo_Suites_V2.0.0/GD32F30x_Demo_Suites_V2.0.0/BearPi-IoT_GD32F303_Demo_Suites/Projects/12_SDMMC\gd32f30x_it.c ****     \brief      this function handles SDIO interrupt request
 146:C:/Users/49542/Desktop/GD32F30x_Demo_Suites_V2.0.0/GD32F30x_Demo_Suites_V2.0.0/BearPi-IoT_GD32F303_Demo_Suites/Projects/12_SDMMC\gd32f30x_it.c ****     \param[in]  none
 147:C:/Users/49542/Desktop/GD32F30x_Demo_Suites_V2.0.0/GD32F30x_Demo_Suites_V2.0.0/BearPi-IoT_GD32F303_Demo_Suites/Projects/12_SDMMC\gd32f30x_it.c ****     \param[out] none
 148:C:/Users/49542/Desktop/GD32F30x_Demo_Suites_V2.0.0/GD32F30x_Demo_Suites_V2.0.0/BearPi-IoT_GD32F303_Demo_Suites/Projects/12_SDMMC\gd32f30x_it.c ****     \retval     none
 149:C:/Users/49542/Desktop/GD32F30x_Demo_Suites_V2.0.0/GD32F30x_Demo_Suites_V2.0.0/BearPi-IoT_GD32F303_Demo_Suites/Projects/12_SDMMC\gd32f30x_it.c **** */
 150:C:/Users/49542/Desktop/GD32F30x_Demo_Suites_V2.0.0/GD32F30x_Demo_Suites_V2.0.0/BearPi-IoT_GD32F303_Demo_Suites/Projects/12_SDMMC\gd32f30x_it.c **** void SDIO_IRQHandler(void)
 151:C:/Users/49542/Desktop/GD32F30x_Demo_Suites_V2.0.0/GD32F30x_Demo_Suites_V2.0.0/BearPi-IoT_GD32F303_Demo_Suites/Projects/12_SDMMC\gd32f30x_it.c **** {
 219              		.loc 1 151 0
 220              		.cfi_startproc
 221              		@ args = 0, pretend = 0, frame = 0
 222              		@ frame_needed = 0, uses_anonymous_args = 0
 223 0000 08B5     		push	{r3, lr}
 224              	.LCFI1:
 225              		.cfi_def_cfa_offset 8
 226              		.cfi_offset 3, -8
 227              		.cfi_offset 14, -4
 152:C:/Users/49542/Desktop/GD32F30x_Demo_Suites_V2.0.0/GD32F30x_Demo_Suites_V2.0.0/BearPi-IoT_GD32F303_Demo_Suites/Projects/12_SDMMC\gd32f30x_it.c ****     sd_interrupts_process();
 228              		.loc 1 152 0
 229 0002 FFF7FEFF 		bl	sd_interrupts_process
 230              	.LVL1:
 153:C:/Users/49542/Desktop/GD32F30x_Demo_Suites_V2.0.0/GD32F30x_Demo_Suites_V2.0.0/BearPi-IoT_GD32F303_Demo_Suites/Projects/12_SDMMC\gd32f30x_it.c **** }
 231              		.loc 1 153 0
 232 0006 08BD     		pop	{r3, pc}
 233              		.cfi_endproc
 234              	.LFE125:
 236              		.text
 237              	.Letext0:
 238              		.file 2 "c:\\users\\49542\\opensourcetools\\gnu tools arm embedded\\7 2018-q2-update\\arm-none-eab
 239              		.file 3 "c:\\users\\49542\\opensourcetools\\gnu tools arm embedded\\7 2018-q2-update\\arm-none-eab
 240              		.file 4 "C:/Users/49542/Desktop/GD32F30x_Demo_Suites_V2.0.0/GD32F30x_Demo_Suites_V2.0.0/GD32F30x_F
 241              		.file 5 "C:/Users/49542/Desktop/GD32F30x_Demo_Suites_V2.0.0/GD32F30x_Demo_Suites_V2.0.0/GD32F30x_F
 242              		.file 6 "c:\\users\\49542\\opensourcetools\\gnu tools arm embedded\\7 2018-q2-update\\arm-none-eab
 243              		.file 7 "c:\\users\\49542\\opensourcetools\\gnu tools arm embedded\\7 2018-q2-update\\arm-none-eab
 244              		.file 8 "c:\\users\\49542\\opensourcetools\\gnu tools arm embedded\\7 2018-q2-update\\lib\\gcc\\ar
 245              		.file 9 "c:\\users\\49542\\opensourcetools\\gnu tools arm embedded\\7 2018-q2-update\\arm-none-eab
 246              		.file 10 "c:\\users\\49542\\opensourcetools\\gnu tools arm embedded\\7 2018-q2-update\\arm-none-ea
 247              		.file 11 "C:/Users/49542/Desktop/GD32F30x_Demo_Suites_V2.0.0/GD32F30x_Demo_Suites_V2.0.0/BearPi-Io
 248              		.file 12 "C:/Users/49542/Desktop/GD32F30x_Demo_Suites_V2.0.0/GD32F30x_Demo_Suites_V2.0.0/BearPi-Io
ARM GAS  C:\Users\49542\AppData\Local\Temp\cc6QACCa.s 			page 8


DEFINED SYMBOLS
                            *ABS*:00000000 gd32f30x_it.c
C:\Users\49542\AppData\Local\Temp\cc6QACCa.s:18     .text.NMI_Handler:00000000 $t
C:\Users\49542\AppData\Local\Temp\cc6QACCa.s:25     .text.NMI_Handler:00000000 NMI_Handler
C:\Users\49542\AppData\Local\Temp\cc6QACCa.s:39     .text.HardFault_Handler:00000000 $t
C:\Users\49542\AppData\Local\Temp\cc6QACCa.s:46     .text.HardFault_Handler:00000000 HardFault_Handler
C:\Users\49542\AppData\Local\Temp\cc6QACCa.s:60     .text.MemManage_Handler:00000000 $t
C:\Users\49542\AppData\Local\Temp\cc6QACCa.s:67     .text.MemManage_Handler:00000000 MemManage_Handler
C:\Users\49542\AppData\Local\Temp\cc6QACCa.s:81     .text.BusFault_Handler:00000000 $t
C:\Users\49542\AppData\Local\Temp\cc6QACCa.s:88     .text.BusFault_Handler:00000000 BusFault_Handler
C:\Users\49542\AppData\Local\Temp\cc6QACCa.s:102    .text.UsageFault_Handler:00000000 $t
C:\Users\49542\AppData\Local\Temp\cc6QACCa.s:109    .text.UsageFault_Handler:00000000 UsageFault_Handler
C:\Users\49542\AppData\Local\Temp\cc6QACCa.s:123    .text.SVC_Handler:00000000 $t
C:\Users\49542\AppData\Local\Temp\cc6QACCa.s:130    .text.SVC_Handler:00000000 SVC_Handler
C:\Users\49542\AppData\Local\Temp\cc6QACCa.s:143    .text.DebugMon_Handler:00000000 $t
C:\Users\49542\AppData\Local\Temp\cc6QACCa.s:150    .text.DebugMon_Handler:00000000 DebugMon_Handler
C:\Users\49542\AppData\Local\Temp\cc6QACCa.s:163    .text.PendSV_Handler:00000000 $t
C:\Users\49542\AppData\Local\Temp\cc6QACCa.s:170    .text.PendSV_Handler:00000000 PendSV_Handler
C:\Users\49542\AppData\Local\Temp\cc6QACCa.s:183    .text.SysTick_Handler:00000000 $t
C:\Users\49542\AppData\Local\Temp\cc6QACCa.s:190    .text.SysTick_Handler:00000000 SysTick_Handler
C:\Users\49542\AppData\Local\Temp\cc6QACCa.s:210    .text.SDIO_IRQHandler:00000000 $t
C:\Users\49542\AppData\Local\Temp\cc6QACCa.s:217    .text.SDIO_IRQHandler:00000000 SDIO_IRQHandler

UNDEFINED SYMBOLS
delay_decrement
sd_interrupts_process
