ARM GAS  C:\Users\49542\AppData\Local\Temp\ccsBGNin.s 			page 1


   1              		.cpu cortex-m4
   2              		.eabi_attribute 27, 1
   3              		.eabi_attribute 28, 1
   4              		.eabi_attribute 20, 1
   5              		.eabi_attribute 21, 1
   6              		.eabi_attribute 23, 3
   7              		.eabi_attribute 24, 1
   8              		.eabi_attribute 25, 1
   9              		.eabi_attribute 26, 1
  10              		.eabi_attribute 30, 1
  11              		.eabi_attribute 34, 1
  12              		.eabi_attribute 18, 4
  13              		.file	"i2c.c"
  14              		.text
  15              	.Ltext0:
  16              		.cfi_sections	.debug_frame
  17              		.section	.text.gpio_config,"ax",%progbits
  18              		.align	1
  19              		.global	gpio_config
  20              		.syntax unified
  21              		.thumb
  22              		.thumb_func
  23              		.fpu fpv4-sp-d16
  25              	gpio_config:
  26              	.LFB119:
  27              		.file 1 "C:/Users/49542/Desktop/GD32F30x_Demo_Suites_V2.0.0/GD32F30x_Demo_Suites_V2.0.0/BearPi-IoT
   1:C:/Users/49542/Desktop/GD32F30x_Demo_Suites_V2.0.0/GD32F30x_Demo_Suites_V2.0.0/BearPi-IoT_GD32F303_Demo_Suites/Projects/13_I2C_EEPROM/Soft_Drive\i2c.c **** /*!
   2:C:/Users/49542/Desktop/GD32F30x_Demo_Suites_V2.0.0/GD32F30x_Demo_Suites_V2.0.0/BearPi-IoT_GD32F303_Demo_Suites/Projects/13_I2C_EEPROM/Soft_Drive\i2c.c ****     \file  i2c.c
   3:C:/Users/49542/Desktop/GD32F30x_Demo_Suites_V2.0.0/GD32F30x_Demo_Suites_V2.0.0/BearPi-IoT_GD32F303_Demo_Suites/Projects/13_I2C_EEPROM/Soft_Drive\i2c.c ****     \brief I2C configuration file
   4:C:/Users/49542/Desktop/GD32F30x_Demo_Suites_V2.0.0/GD32F30x_Demo_Suites_V2.0.0/BearPi-IoT_GD32F303_Demo_Suites/Projects/13_I2C_EEPROM/Soft_Drive\i2c.c ****     
   5:C:/Users/49542/Desktop/GD32F30x_Demo_Suites_V2.0.0/GD32F30x_Demo_Suites_V2.0.0/BearPi-IoT_GD32F303_Demo_Suites/Projects/13_I2C_EEPROM/Soft_Drive\i2c.c ****     \version 2019-10-30, V1.0.0, demo for BearPi-IoT_GD32F30x
   6:C:/Users/49542/Desktop/GD32F30x_Demo_Suites_V2.0.0/GD32F30x_Demo_Suites_V2.0.0/BearPi-IoT_GD32F303_Demo_Suites/Projects/13_I2C_EEPROM/Soft_Drive\i2c.c **** */
   7:C:/Users/49542/Desktop/GD32F30x_Demo_Suites_V2.0.0/GD32F30x_Demo_Suites_V2.0.0/BearPi-IoT_GD32F303_Demo_Suites/Projects/13_I2C_EEPROM/Soft_Drive\i2c.c **** 
   8:C:/Users/49542/Desktop/GD32F30x_Demo_Suites_V2.0.0/GD32F30x_Demo_Suites_V2.0.0/BearPi-IoT_GD32F303_Demo_Suites/Projects/13_I2C_EEPROM/Soft_Drive\i2c.c **** /*
   9:C:/Users/49542/Desktop/GD32F30x_Demo_Suites_V2.0.0/GD32F30x_Demo_Suites_V2.0.0/BearPi-IoT_GD32F303_Demo_Suites/Projects/13_I2C_EEPROM/Soft_Drive\i2c.c ****     Copyright (c) 2019, BearPi LIMITED.
  10:C:/Users/49542/Desktop/GD32F30x_Demo_Suites_V2.0.0/GD32F30x_Demo_Suites_V2.0.0/BearPi-IoT_GD32F303_Demo_Suites/Projects/13_I2C_EEPROM/Soft_Drive\i2c.c **** 
  11:C:/Users/49542/Desktop/GD32F30x_Demo_Suites_V2.0.0/GD32F30x_Demo_Suites_V2.0.0/BearPi-IoT_GD32F303_Demo_Suites/Projects/13_I2C_EEPROM/Soft_Drive\i2c.c ****     All rights reserved.
  12:C:/Users/49542/Desktop/GD32F30x_Demo_Suites_V2.0.0/GD32F30x_Demo_Suites_V2.0.0/BearPi-IoT_GD32F303_Demo_Suites/Projects/13_I2C_EEPROM/Soft_Drive\i2c.c **** 
  13:C:/Users/49542/Desktop/GD32F30x_Demo_Suites_V2.0.0/GD32F30x_Demo_Suites_V2.0.0/BearPi-IoT_GD32F303_Demo_Suites/Projects/13_I2C_EEPROM/Soft_Drive\i2c.c ****     Redistribution and use in source and binary forms, with or without modification, 
  14:C:/Users/49542/Desktop/GD32F30x_Demo_Suites_V2.0.0/GD32F30x_Demo_Suites_V2.0.0/BearPi-IoT_GD32F303_Demo_Suites/Projects/13_I2C_EEPROM/Soft_Drive\i2c.c **** are permitted provided that the following conditions are met:
  15:C:/Users/49542/Desktop/GD32F30x_Demo_Suites_V2.0.0/GD32F30x_Demo_Suites_V2.0.0/BearPi-IoT_GD32F303_Demo_Suites/Projects/13_I2C_EEPROM/Soft_Drive\i2c.c **** 
  16:C:/Users/49542/Desktop/GD32F30x_Demo_Suites_V2.0.0/GD32F30x_Demo_Suites_V2.0.0/BearPi-IoT_GD32F303_Demo_Suites/Projects/13_I2C_EEPROM/Soft_Drive\i2c.c ****     1. Redistributions of source code must retain the above copyright notice, this 
  17:C:/Users/49542/Desktop/GD32F30x_Demo_Suites_V2.0.0/GD32F30x_Demo_Suites_V2.0.0/BearPi-IoT_GD32F303_Demo_Suites/Projects/13_I2C_EEPROM/Soft_Drive\i2c.c ****        list of conditions and the following disclaimer.
  18:C:/Users/49542/Desktop/GD32F30x_Demo_Suites_V2.0.0/GD32F30x_Demo_Suites_V2.0.0/BearPi-IoT_GD32F303_Demo_Suites/Projects/13_I2C_EEPROM/Soft_Drive\i2c.c ****     2. Redistributions in binary form must reproduce the above copyright notice, 
  19:C:/Users/49542/Desktop/GD32F30x_Demo_Suites_V2.0.0/GD32F30x_Demo_Suites_V2.0.0/BearPi-IoT_GD32F303_Demo_Suites/Projects/13_I2C_EEPROM/Soft_Drive\i2c.c ****        this list of conditions and the following disclaimer in the documentation 
  20:C:/Users/49542/Desktop/GD32F30x_Demo_Suites_V2.0.0/GD32F30x_Demo_Suites_V2.0.0/BearPi-IoT_GD32F303_Demo_Suites/Projects/13_I2C_EEPROM/Soft_Drive\i2c.c ****        and/or other materials provided with the distribution.
  21:C:/Users/49542/Desktop/GD32F30x_Demo_Suites_V2.0.0/GD32F30x_Demo_Suites_V2.0.0/BearPi-IoT_GD32F303_Demo_Suites/Projects/13_I2C_EEPROM/Soft_Drive\i2c.c ****     3. Neither the name of the copyright holder nor the names of its contributors 
  22:C:/Users/49542/Desktop/GD32F30x_Demo_Suites_V2.0.0/GD32F30x_Demo_Suites_V2.0.0/BearPi-IoT_GD32F303_Demo_Suites/Projects/13_I2C_EEPROM/Soft_Drive\i2c.c ****        may be used to endorse or promote products derived from this software without 
  23:C:/Users/49542/Desktop/GD32F30x_Demo_Suites_V2.0.0/GD32F30x_Demo_Suites_V2.0.0/BearPi-IoT_GD32F303_Demo_Suites/Projects/13_I2C_EEPROM/Soft_Drive\i2c.c ****        specific prior written permission.
  24:C:/Users/49542/Desktop/GD32F30x_Demo_Suites_V2.0.0/GD32F30x_Demo_Suites_V2.0.0/BearPi-IoT_GD32F303_Demo_Suites/Projects/13_I2C_EEPROM/Soft_Drive\i2c.c **** 
  25:C:/Users/49542/Desktop/GD32F30x_Demo_Suites_V2.0.0/GD32F30x_Demo_Suites_V2.0.0/BearPi-IoT_GD32F303_Demo_Suites/Projects/13_I2C_EEPROM/Soft_Drive\i2c.c ****     THIS SOFTWARE IS PROVIDED BY THE COPYRIGHT HOLDERS AND CONTRIBUTORS "AS IS" 
  26:C:/Users/49542/Desktop/GD32F30x_Demo_Suites_V2.0.0/GD32F30x_Demo_Suites_V2.0.0/BearPi-IoT_GD32F303_Demo_Suites/Projects/13_I2C_EEPROM/Soft_Drive\i2c.c **** AND ANY EXPRESS OR IMPLIED WARRANTIES, INCLUDING, BUT NOT LIMITED TO, THE IMPLIED 
  27:C:/Users/49542/Desktop/GD32F30x_Demo_Suites_V2.0.0/GD32F30x_Demo_Suites_V2.0.0/BearPi-IoT_GD32F303_Demo_Suites/Projects/13_I2C_EEPROM/Soft_Drive\i2c.c **** WARRANTIES OF MERCHANTABILITY AND FITNESS FOR A PARTICULAR PURPOSE ARE DISCLAIMED. 
  28:C:/Users/49542/Desktop/GD32F30x_Demo_Suites_V2.0.0/GD32F30x_Demo_Suites_V2.0.0/BearPi-IoT_GD32F303_Demo_Suites/Projects/13_I2C_EEPROM/Soft_Drive\i2c.c **** IN NO EVENT SHALL THE COPYRIGHT HOLDER OR CONTRIBUTORS BE LIABLE FOR ANY DIRECT, 
  29:C:/Users/49542/Desktop/GD32F30x_Demo_Suites_V2.0.0/GD32F30x_Demo_Suites_V2.0.0/BearPi-IoT_GD32F303_Demo_Suites/Projects/13_I2C_EEPROM/Soft_Drive\i2c.c **** INDIRECT, INCIDENTAL, SPECIAL, EXEMPLARY, OR CONSEQUENTIAL DAMAGES (INCLUDING, BUT 
  30:C:/Users/49542/Desktop/GD32F30x_Demo_Suites_V2.0.0/GD32F30x_Demo_Suites_V2.0.0/BearPi-IoT_GD32F303_Demo_Suites/Projects/13_I2C_EEPROM/Soft_Drive\i2c.c **** NOT LIMITED TO, PROCUREMENT OF SUBSTITUTE GOODS OR SERVICES; LOSS OF USE, DATA, OR 
  31:C:/Users/49542/Desktop/GD32F30x_Demo_Suites_V2.0.0/GD32F30x_Demo_Suites_V2.0.0/BearPi-IoT_GD32F303_Demo_Suites/Projects/13_I2C_EEPROM/Soft_Drive\i2c.c **** PROFITS; OR BUSINESS INTERRUPTION) HOWEVER CAUSED AND ON ANY THEORY OF LIABILITY, 
ARM GAS  C:\Users\49542\AppData\Local\Temp\ccsBGNin.s 			page 2


  32:C:/Users/49542/Desktop/GD32F30x_Demo_Suites_V2.0.0/GD32F30x_Demo_Suites_V2.0.0/BearPi-IoT_GD32F303_Demo_Suites/Projects/13_I2C_EEPROM/Soft_Drive\i2c.c **** WHETHER IN CONTRACT, STRICT LIABILITY, OR TORT (INCLUDING NEGLIGENCE OR OTHERWISE) 
  33:C:/Users/49542/Desktop/GD32F30x_Demo_Suites_V2.0.0/GD32F30x_Demo_Suites_V2.0.0/BearPi-IoT_GD32F303_Demo_Suites/Projects/13_I2C_EEPROM/Soft_Drive\i2c.c **** ARISING IN ANY WAY OUT OF THE USE OF THIS SOFTWARE, EVEN IF ADVISED OF THE POSSIBILITY 
  34:C:/Users/49542/Desktop/GD32F30x_Demo_Suites_V2.0.0/GD32F30x_Demo_Suites_V2.0.0/BearPi-IoT_GD32F303_Demo_Suites/Projects/13_I2C_EEPROM/Soft_Drive\i2c.c **** OF SUCH DAMAGE.
  35:C:/Users/49542/Desktop/GD32F30x_Demo_Suites_V2.0.0/GD32F30x_Demo_Suites_V2.0.0/BearPi-IoT_GD32F303_Demo_Suites/Projects/13_I2C_EEPROM/Soft_Drive\i2c.c **** */
  36:C:/Users/49542/Desktop/GD32F30x_Demo_Suites_V2.0.0/GD32F30x_Demo_Suites_V2.0.0/BearPi-IoT_GD32F303_Demo_Suites/Projects/13_I2C_EEPROM/Soft_Drive\i2c.c **** 
  37:C:/Users/49542/Desktop/GD32F30x_Demo_Suites_V2.0.0/GD32F30x_Demo_Suites_V2.0.0/BearPi-IoT_GD32F303_Demo_Suites/Projects/13_I2C_EEPROM/Soft_Drive\i2c.c **** #include "gd32f30x.h"
  38:C:/Users/49542/Desktop/GD32F30x_Demo_Suites_V2.0.0/GD32F30x_Demo_Suites_V2.0.0/BearPi-IoT_GD32F303_Demo_Suites/Projects/13_I2C_EEPROM/Soft_Drive\i2c.c **** #include "i2c.h"
  39:C:/Users/49542/Desktop/GD32F30x_Demo_Suites_V2.0.0/GD32F30x_Demo_Suites_V2.0.0/BearPi-IoT_GD32F303_Demo_Suites/Projects/13_I2C_EEPROM/Soft_Drive\i2c.c **** #include <stdio.h>
  40:C:/Users/49542/Desktop/GD32F30x_Demo_Suites_V2.0.0/GD32F30x_Demo_Suites_V2.0.0/BearPi-IoT_GD32F303_Demo_Suites/Projects/13_I2C_EEPROM/Soft_Drive\i2c.c **** 
  41:C:/Users/49542/Desktop/GD32F30x_Demo_Suites_V2.0.0/GD32F30x_Demo_Suites_V2.0.0/BearPi-IoT_GD32F303_Demo_Suites/Projects/13_I2C_EEPROM/Soft_Drive\i2c.c **** /*!
  42:C:/Users/49542/Desktop/GD32F30x_Demo_Suites_V2.0.0/GD32F30x_Demo_Suites_V2.0.0/BearPi-IoT_GD32F303_Demo_Suites/Projects/13_I2C_EEPROM/Soft_Drive\i2c.c ****     \brief      configure the GPIO ports
  43:C:/Users/49542/Desktop/GD32F30x_Demo_Suites_V2.0.0/GD32F30x_Demo_Suites_V2.0.0/BearPi-IoT_GD32F303_Demo_Suites/Projects/13_I2C_EEPROM/Soft_Drive\i2c.c ****     \param[in]  none
  44:C:/Users/49542/Desktop/GD32F30x_Demo_Suites_V2.0.0/GD32F30x_Demo_Suites_V2.0.0/BearPi-IoT_GD32F303_Demo_Suites/Projects/13_I2C_EEPROM/Soft_Drive\i2c.c ****     \param[out] none
  45:C:/Users/49542/Desktop/GD32F30x_Demo_Suites_V2.0.0/GD32F30x_Demo_Suites_V2.0.0/BearPi-IoT_GD32F303_Demo_Suites/Projects/13_I2C_EEPROM/Soft_Drive\i2c.c ****     \retval     none
  46:C:/Users/49542/Desktop/GD32F30x_Demo_Suites_V2.0.0/GD32F30x_Demo_Suites_V2.0.0/BearPi-IoT_GD32F303_Demo_Suites/Projects/13_I2C_EEPROM/Soft_Drive\i2c.c **** */
  47:C:/Users/49542/Desktop/GD32F30x_Demo_Suites_V2.0.0/GD32F30x_Demo_Suites_V2.0.0/BearPi-IoT_GD32F303_Demo_Suites/Projects/13_I2C_EEPROM/Soft_Drive\i2c.c **** void gpio_config(void)
  48:C:/Users/49542/Desktop/GD32F30x_Demo_Suites_V2.0.0/GD32F30x_Demo_Suites_V2.0.0/BearPi-IoT_GD32F303_Demo_Suites/Projects/13_I2C_EEPROM/Soft_Drive\i2c.c **** {
  28              		.loc 1 48 0
  29              		.cfi_startproc
  30              		@ args = 0, pretend = 0, frame = 0
  31              		@ frame_needed = 0, uses_anonymous_args = 0
  32 0000 08B5     		push	{r3, lr}
  33              	.LCFI0:
  34              		.cfi_def_cfa_offset 8
  35              		.cfi_offset 3, -8
  36              		.cfi_offset 14, -4
  49:C:/Users/49542/Desktop/GD32F30x_Demo_Suites_V2.0.0/GD32F30x_Demo_Suites_V2.0.0/BearPi-IoT_GD32F303_Demo_Suites/Projects/13_I2C_EEPROM/Soft_Drive\i2c.c ****     /* enable GPIOC clock */
  50:C:/Users/49542/Desktop/GD32F30x_Demo_Suites_V2.0.0/GD32F30x_Demo_Suites_V2.0.0/BearPi-IoT_GD32F303_Demo_Suites/Projects/13_I2C_EEPROM/Soft_Drive\i2c.c ****     rcu_periph_clock_enable(RCU_GPIOB);
  37              		.loc 1 50 0
  38 0002 40F20360 		movw	r0, #1539
  39 0006 FFF7FEFF 		bl	rcu_periph_clock_enable
  40              	.LVL0:
  51:C:/Users/49542/Desktop/GD32F30x_Demo_Suites_V2.0.0/GD32F30x_Demo_Suites_V2.0.0/BearPi-IoT_GD32F303_Demo_Suites/Projects/13_I2C_EEPROM/Soft_Drive\i2c.c ****     /* enable I2C0 clock */
  52:C:/Users/49542/Desktop/GD32F30x_Demo_Suites_V2.0.0/GD32F30x_Demo_Suites_V2.0.0/BearPi-IoT_GD32F303_Demo_Suites/Projects/13_I2C_EEPROM/Soft_Drive\i2c.c ****     rcu_periph_clock_enable(RCU_I2C0);
  41              		.loc 1 52 0
  42 000a 40F21570 		movw	r0, #1813
  43 000e FFF7FEFF 		bl	rcu_periph_clock_enable
  44              	.LVL1:
  53:C:/Users/49542/Desktop/GD32F30x_Demo_Suites_V2.0.0/GD32F30x_Demo_Suites_V2.0.0/BearPi-IoT_GD32F303_Demo_Suites/Projects/13_I2C_EEPROM/Soft_Drive\i2c.c **** 
  54:C:/Users/49542/Desktop/GD32F30x_Demo_Suites_V2.0.0/GD32F30x_Demo_Suites_V2.0.0/BearPi-IoT_GD32F303_Demo_Suites/Projects/13_I2C_EEPROM/Soft_Drive\i2c.c ****     /* connect PB6 to I2C0_SCL */
  55:C:/Users/49542/Desktop/GD32F30x_Demo_Suites_V2.0.0/GD32F30x_Demo_Suites_V2.0.0/BearPi-IoT_GD32F303_Demo_Suites/Projects/13_I2C_EEPROM/Soft_Drive\i2c.c ****     /* connect PB7 to I2C0_SDA */
  56:C:/Users/49542/Desktop/GD32F30x_Demo_Suites_V2.0.0/GD32F30x_Demo_Suites_V2.0.0/BearPi-IoT_GD32F303_Demo_Suites/Projects/13_I2C_EEPROM/Soft_Drive\i2c.c ****     gpio_init(GPIOB, GPIO_MODE_AF_OD, GPIO_OSPEED_50MHZ, GPIO_PIN_6 | GPIO_PIN_7);
  45              		.loc 1 56 0
  46 0012 C023     		movs	r3, #192
  47 0014 0322     		movs	r2, #3
  48 0016 1C21     		movs	r1, #28
  49 0018 0148     		ldr	r0, .L3
  50 001a FFF7FEFF 		bl	gpio_init
  51              	.LVL2:
  57:C:/Users/49542/Desktop/GD32F30x_Demo_Suites_V2.0.0/GD32F30x_Demo_Suites_V2.0.0/BearPi-IoT_GD32F303_Demo_Suites/Projects/13_I2C_EEPROM/Soft_Drive\i2c.c **** }
  52              		.loc 1 57 0
  53 001e 08BD     		pop	{r3, pc}
  54              	.L4:
  55              		.align	2
  56              	.L3:
  57 0020 000C0140 		.word	1073810432
  58              		.cfi_endproc
ARM GAS  C:\Users\49542\AppData\Local\Temp\ccsBGNin.s 			page 3


  59              	.LFE119:
  61              		.section	.text.i2c_config,"ax",%progbits
  62              		.align	1
  63              		.global	i2c_config
  64              		.syntax unified
  65              		.thumb
  66              		.thumb_func
  67              		.fpu fpv4-sp-d16
  69              	i2c_config:
  70              	.LFB120:
  58:C:/Users/49542/Desktop/GD32F30x_Demo_Suites_V2.0.0/GD32F30x_Demo_Suites_V2.0.0/BearPi-IoT_GD32F303_Demo_Suites/Projects/13_I2C_EEPROM/Soft_Drive\i2c.c **** 
  59:C:/Users/49542/Desktop/GD32F30x_Demo_Suites_V2.0.0/GD32F30x_Demo_Suites_V2.0.0/BearPi-IoT_GD32F303_Demo_Suites/Projects/13_I2C_EEPROM/Soft_Drive\i2c.c **** /*!
  60:C:/Users/49542/Desktop/GD32F30x_Demo_Suites_V2.0.0/GD32F30x_Demo_Suites_V2.0.0/BearPi-IoT_GD32F303_Demo_Suites/Projects/13_I2C_EEPROM/Soft_Drive\i2c.c ****     \brief      configure the I2C0 interfaces
  61:C:/Users/49542/Desktop/GD32F30x_Demo_Suites_V2.0.0/GD32F30x_Demo_Suites_V2.0.0/BearPi-IoT_GD32F303_Demo_Suites/Projects/13_I2C_EEPROM/Soft_Drive\i2c.c ****     \param[in]  none
  62:C:/Users/49542/Desktop/GD32F30x_Demo_Suites_V2.0.0/GD32F30x_Demo_Suites_V2.0.0/BearPi-IoT_GD32F303_Demo_Suites/Projects/13_I2C_EEPROM/Soft_Drive\i2c.c ****     \param[out] none
  63:C:/Users/49542/Desktop/GD32F30x_Demo_Suites_V2.0.0/GD32F30x_Demo_Suites_V2.0.0/BearPi-IoT_GD32F303_Demo_Suites/Projects/13_I2C_EEPROM/Soft_Drive\i2c.c ****     \retval     none
  64:C:/Users/49542/Desktop/GD32F30x_Demo_Suites_V2.0.0/GD32F30x_Demo_Suites_V2.0.0/BearPi-IoT_GD32F303_Demo_Suites/Projects/13_I2C_EEPROM/Soft_Drive\i2c.c **** */
  65:C:/Users/49542/Desktop/GD32F30x_Demo_Suites_V2.0.0/GD32F30x_Demo_Suites_V2.0.0/BearPi-IoT_GD32F303_Demo_Suites/Projects/13_I2C_EEPROM/Soft_Drive\i2c.c **** void i2c_config(void)
  66:C:/Users/49542/Desktop/GD32F30x_Demo_Suites_V2.0.0/GD32F30x_Demo_Suites_V2.0.0/BearPi-IoT_GD32F303_Demo_Suites/Projects/13_I2C_EEPROM/Soft_Drive\i2c.c **** {
  71              		.loc 1 66 0
  72              		.cfi_startproc
  73              		@ args = 0, pretend = 0, frame = 0
  74              		@ frame_needed = 0, uses_anonymous_args = 0
  75 0000 10B5     		push	{r4, lr}
  76              	.LCFI1:
  77              		.cfi_def_cfa_offset 8
  78              		.cfi_offset 4, -8
  79              		.cfi_offset 14, -4
  67:C:/Users/49542/Desktop/GD32F30x_Demo_Suites_V2.0.0/GD32F30x_Demo_Suites_V2.0.0/BearPi-IoT_GD32F303_Demo_Suites/Projects/13_I2C_EEPROM/Soft_Drive\i2c.c ****     /* enable I2C clock */
  68:C:/Users/49542/Desktop/GD32F30x_Demo_Suites_V2.0.0/GD32F30x_Demo_Suites_V2.0.0/BearPi-IoT_GD32F303_Demo_Suites/Projects/13_I2C_EEPROM/Soft_Drive\i2c.c ****     rcu_periph_clock_enable(RCU_I2C0);
  80              		.loc 1 68 0
  81 0002 40F21570 		movw	r0, #1813
  82 0006 FFF7FEFF 		bl	rcu_periph_clock_enable
  83              	.LVL3:
  69:C:/Users/49542/Desktop/GD32F30x_Demo_Suites_V2.0.0/GD32F30x_Demo_Suites_V2.0.0/BearPi-IoT_GD32F303_Demo_Suites/Projects/13_I2C_EEPROM/Soft_Drive\i2c.c ****     /* configure I2C clock */
  70:C:/Users/49542/Desktop/GD32F30x_Demo_Suites_V2.0.0/GD32F30x_Demo_Suites_V2.0.0/BearPi-IoT_GD32F303_Demo_Suites/Projects/13_I2C_EEPROM/Soft_Drive\i2c.c ****     i2c_clock_config(I2C0,I2C0_SPEED,I2C_DTCY_2);
  84              		.loc 1 70 0
  85 000a 0A4C     		ldr	r4, .L7
  86 000c 0022     		movs	r2, #0
  87 000e 0A49     		ldr	r1, .L7+4
  88 0010 2046     		mov	r0, r4
  89 0012 FFF7FEFF 		bl	i2c_clock_config
  90              	.LVL4:
  71:C:/Users/49542/Desktop/GD32F30x_Demo_Suites_V2.0.0/GD32F30x_Demo_Suites_V2.0.0/BearPi-IoT_GD32F303_Demo_Suites/Projects/13_I2C_EEPROM/Soft_Drive\i2c.c ****     /* configure I2C address */
  72:C:/Users/49542/Desktop/GD32F30x_Demo_Suites_V2.0.0/GD32F30x_Demo_Suites_V2.0.0/BearPi-IoT_GD32F303_Demo_Suites/Projects/13_I2C_EEPROM/Soft_Drive\i2c.c ****     i2c_mode_addr_config(I2C0,I2C_I2CMODE_ENABLE,I2C_ADDFORMAT_7BITS,I2C0_SLAVE_ADDRESS7);
  91              		.loc 1 72 0
  92 0016 A023     		movs	r3, #160
  93 0018 0022     		movs	r2, #0
  94 001a 1146     		mov	r1, r2
  95 001c 2046     		mov	r0, r4
  96 001e FFF7FEFF 		bl	i2c_mode_addr_config
  97              	.LVL5:
  73:C:/Users/49542/Desktop/GD32F30x_Demo_Suites_V2.0.0/GD32F30x_Demo_Suites_V2.0.0/BearPi-IoT_GD32F303_Demo_Suites/Projects/13_I2C_EEPROM/Soft_Drive\i2c.c ****     /* enable I2C0 */
  74:C:/Users/49542/Desktop/GD32F30x_Demo_Suites_V2.0.0/GD32F30x_Demo_Suites_V2.0.0/BearPi-IoT_GD32F303_Demo_Suites/Projects/13_I2C_EEPROM/Soft_Drive\i2c.c ****     i2c_enable(I2C0);
  98              		.loc 1 74 0
  99 0022 2046     		mov	r0, r4
 100 0024 FFF7FEFF 		bl	i2c_enable
ARM GAS  C:\Users\49542\AppData\Local\Temp\ccsBGNin.s 			page 4


 101              	.LVL6:
  75:C:/Users/49542/Desktop/GD32F30x_Demo_Suites_V2.0.0/GD32F30x_Demo_Suites_V2.0.0/BearPi-IoT_GD32F303_Demo_Suites/Projects/13_I2C_EEPROM/Soft_Drive\i2c.c ****     /* enable acknowledge */
  76:C:/Users/49542/Desktop/GD32F30x_Demo_Suites_V2.0.0/GD32F30x_Demo_Suites_V2.0.0/BearPi-IoT_GD32F303_Demo_Suites/Projects/13_I2C_EEPROM/Soft_Drive\i2c.c ****     i2c_ack_config(I2C0,I2C_ACK_ENABLE);
 102              		.loc 1 76 0
 103 0028 0121     		movs	r1, #1
 104 002a 2046     		mov	r0, r4
 105 002c FFF7FEFF 		bl	i2c_ack_config
 106              	.LVL7:
  77:C:/Users/49542/Desktop/GD32F30x_Demo_Suites_V2.0.0/GD32F30x_Demo_Suites_V2.0.0/BearPi-IoT_GD32F303_Demo_Suites/Projects/13_I2C_EEPROM/Soft_Drive\i2c.c **** }
 107              		.loc 1 77 0
 108 0030 10BD     		pop	{r4, pc}
 109              	.L8:
 110 0032 00BF     		.align	2
 111              	.L7:
 112 0034 00540040 		.word	1073763328
 113 0038 801A0600 		.word	400000
 114              		.cfi_endproc
 115              	.LFE120:
 117              		.text
 118              	.Letext0:
 119              		.file 2 "c:\\users\\49542\\opensourcetools\\gnu tools arm embedded\\7 2018-q2-update\\arm-none-eab
 120              		.file 3 "c:\\users\\49542\\opensourcetools\\gnu tools arm embedded\\7 2018-q2-update\\arm-none-eab
 121              		.file 4 "C:/Users/49542/Desktop/GD32F30x_Demo_Suites_V2.0.0/GD32F30x_Demo_Suites_V2.0.0/GD32F30x_F
 122              		.file 5 "C:/Users/49542/Desktop/GD32F30x_Demo_Suites_V2.0.0/GD32F30x_Demo_Suites_V2.0.0/GD32F30x_F
 123              		.file 6 "c:\\users\\49542\\opensourcetools\\gnu tools arm embedded\\7 2018-q2-update\\arm-none-eab
 124              		.file 7 "c:\\users\\49542\\opensourcetools\\gnu tools arm embedded\\7 2018-q2-update\\arm-none-eab
 125              		.file 8 "c:\\users\\49542\\opensourcetools\\gnu tools arm embedded\\7 2018-q2-update\\lib\\gcc\\ar
 126              		.file 9 "c:\\users\\49542\\opensourcetools\\gnu tools arm embedded\\7 2018-q2-update\\arm-none-eab
 127              		.file 10 "C:/Users/49542/Desktop/GD32F30x_Demo_Suites_V2.0.0/GD32F30x_Demo_Suites_V2.0.0/GD32F30x_
 128              		.file 11 "C:/Users/49542/Desktop/GD32F30x_Demo_Suites_V2.0.0/GD32F30x_Demo_Suites_V2.0.0/GD32F30x_
 129              		.file 12 "C:/Users/49542/Desktop/GD32F30x_Demo_Suites_V2.0.0/GD32F30x_Demo_Suites_V2.0.0/GD32F30x_
ARM GAS  C:\Users\49542\AppData\Local\Temp\ccsBGNin.s 			page 5


DEFINED SYMBOLS
                            *ABS*:00000000 i2c.c
C:\Users\49542\AppData\Local\Temp\ccsBGNin.s:18     .text.gpio_config:00000000 $t
C:\Users\49542\AppData\Local\Temp\ccsBGNin.s:25     .text.gpio_config:00000000 gpio_config
C:\Users\49542\AppData\Local\Temp\ccsBGNin.s:57     .text.gpio_config:00000020 $d
C:\Users\49542\AppData\Local\Temp\ccsBGNin.s:62     .text.i2c_config:00000000 $t
C:\Users\49542\AppData\Local\Temp\ccsBGNin.s:69     .text.i2c_config:00000000 i2c_config
C:\Users\49542\AppData\Local\Temp\ccsBGNin.s:112    .text.i2c_config:00000034 $d

UNDEFINED SYMBOLS
rcu_periph_clock_enable
gpio_init
i2c_clock_config
i2c_mode_addr_config
i2c_enable
i2c_ack_config
