ARM GAS  C:\Users\49542\AppData\Local\Temp\ccfdmRxI.s 			page 1


   1              		.cpu cortex-m4
   2              		.eabi_attribute 27, 1
   3              		.eabi_attribute 28, 1
   4              		.eabi_attribute 20, 1
   5              		.eabi_attribute 21, 1
   6              		.eabi_attribute 23, 3
   7              		.eabi_attribute 24, 1
   8              		.eabi_attribute 25, 1
   9              		.eabi_attribute 26, 1
  10              		.eabi_attribute 30, 1
  11              		.eabi_attribute 34, 1
  12              		.eabi_attribute 18, 4
  13              		.file	"gd32f30x_it.c"
  14              		.text
  15              	.Ltext0:
  16              		.cfi_sections	.debug_frame
  17              		.section	.text.NMI_Handler,"ax",%progbits
  18              		.align	1
  19              		.global	NMI_Handler
  20              		.syntax unified
  21              		.thumb
  22              		.thumb_func
  23              		.fpu fpv4-sp-d16
  25              	NMI_Handler:
  26              	.LFB116:
  27              		.file 1 "C:/Users/49542/Desktop/GD32F30x_Demo_Suites_V2.0.0/GD32F30x_Demo_Suites_V2.0.0/BearPi-IoT
   1:C:/Users/49542/Desktop/GD32F30x_Demo_Suites_V2.0.0/GD32F30x_Demo_Suites_V2.0.0/BearPi-IoT_GD32F303_Demo_Suites/Projects/20_RTC_Calendar\gd32f30x_it.c **** /*!
   2:C:/Users/49542/Desktop/GD32F30x_Demo_Suites_V2.0.0/GD32F30x_Demo_Suites_V2.0.0/BearPi-IoT_GD32F303_Demo_Suites/Projects/20_RTC_Calendar\gd32f30x_it.c ****     \file  gd32f30x_it.c
   3:C:/Users/49542/Desktop/GD32F30x_Demo_Suites_V2.0.0/GD32F30x_Demo_Suites_V2.0.0/BearPi-IoT_GD32F303_Demo_Suites/Projects/20_RTC_Calendar\gd32f30x_it.c ****     \brief interrupt service routines
   4:C:/Users/49542/Desktop/GD32F30x_Demo_Suites_V2.0.0/GD32F30x_Demo_Suites_V2.0.0/BearPi-IoT_GD32F303_Demo_Suites/Projects/20_RTC_Calendar\gd32f30x_it.c **** \
   5:C:/Users/49542/Desktop/GD32F30x_Demo_Suites_V2.0.0/GD32F30x_Demo_Suites_V2.0.0/BearPi-IoT_GD32F303_Demo_Suites/Projects/20_RTC_Calendar\gd32f30x_it.c ****     \version 2019-10-30, V1.0.0, demo for BearPi-IoT_GD32F30x
   6:C:/Users/49542/Desktop/GD32F30x_Demo_Suites_V2.0.0/GD32F30x_Demo_Suites_V2.0.0/BearPi-IoT_GD32F303_Demo_Suites/Projects/20_RTC_Calendar\gd32f30x_it.c **** 
   7:C:/Users/49542/Desktop/GD32F30x_Demo_Suites_V2.0.0/GD32F30x_Demo_Suites_V2.0.0/BearPi-IoT_GD32F303_Demo_Suites/Projects/20_RTC_Calendar\gd32f30x_it.c **** */
   8:C:/Users/49542/Desktop/GD32F30x_Demo_Suites_V2.0.0/GD32F30x_Demo_Suites_V2.0.0/BearPi-IoT_GD32F303_Demo_Suites/Projects/20_RTC_Calendar\gd32f30x_it.c **** 
   9:C:/Users/49542/Desktop/GD32F30x_Demo_Suites_V2.0.0/GD32F30x_Demo_Suites_V2.0.0/BearPi-IoT_GD32F303_Demo_Suites/Projects/20_RTC_Calendar\gd32f30x_it.c **** /*
  10:C:/Users/49542/Desktop/GD32F30x_Demo_Suites_V2.0.0/GD32F30x_Demo_Suites_V2.0.0/BearPi-IoT_GD32F303_Demo_Suites/Projects/20_RTC_Calendar\gd32f30x_it.c ****     Copyright (c) 2019, BearPi LIMITED.
  11:C:/Users/49542/Desktop/GD32F30x_Demo_Suites_V2.0.0/GD32F30x_Demo_Suites_V2.0.0/BearPi-IoT_GD32F303_Demo_Suites/Projects/20_RTC_Calendar\gd32f30x_it.c **** 
  12:C:/Users/49542/Desktop/GD32F30x_Demo_Suites_V2.0.0/GD32F30x_Demo_Suites_V2.0.0/BearPi-IoT_GD32F303_Demo_Suites/Projects/20_RTC_Calendar\gd32f30x_it.c ****     All rights reserved.
  13:C:/Users/49542/Desktop/GD32F30x_Demo_Suites_V2.0.0/GD32F30x_Demo_Suites_V2.0.0/BearPi-IoT_GD32F303_Demo_Suites/Projects/20_RTC_Calendar\gd32f30x_it.c **** 
  14:C:/Users/49542/Desktop/GD32F30x_Demo_Suites_V2.0.0/GD32F30x_Demo_Suites_V2.0.0/BearPi-IoT_GD32F303_Demo_Suites/Projects/20_RTC_Calendar\gd32f30x_it.c ****     Redistribution and use in source and binary forms, with or without modification, 
  15:C:/Users/49542/Desktop/GD32F30x_Demo_Suites_V2.0.0/GD32F30x_Demo_Suites_V2.0.0/BearPi-IoT_GD32F303_Demo_Suites/Projects/20_RTC_Calendar\gd32f30x_it.c **** are permitted provided that the following conditions are met:
  16:C:/Users/49542/Desktop/GD32F30x_Demo_Suites_V2.0.0/GD32F30x_Demo_Suites_V2.0.0/BearPi-IoT_GD32F303_Demo_Suites/Projects/20_RTC_Calendar\gd32f30x_it.c **** 
  17:C:/Users/49542/Desktop/GD32F30x_Demo_Suites_V2.0.0/GD32F30x_Demo_Suites_V2.0.0/BearPi-IoT_GD32F303_Demo_Suites/Projects/20_RTC_Calendar\gd32f30x_it.c ****     1. Redistributions of source code must retain the above copyright notice, this 
  18:C:/Users/49542/Desktop/GD32F30x_Demo_Suites_V2.0.0/GD32F30x_Demo_Suites_V2.0.0/BearPi-IoT_GD32F303_Demo_Suites/Projects/20_RTC_Calendar\gd32f30x_it.c ****        list of conditions and the following disclaimer.
  19:C:/Users/49542/Desktop/GD32F30x_Demo_Suites_V2.0.0/GD32F30x_Demo_Suites_V2.0.0/BearPi-IoT_GD32F303_Demo_Suites/Projects/20_RTC_Calendar\gd32f30x_it.c ****     2. Redistributions in binary form must reproduce the above copyright notice, 
  20:C:/Users/49542/Desktop/GD32F30x_Demo_Suites_V2.0.0/GD32F30x_Demo_Suites_V2.0.0/BearPi-IoT_GD32F303_Demo_Suites/Projects/20_RTC_Calendar\gd32f30x_it.c ****        this list of conditions and the following disclaimer in the documentation 
  21:C:/Users/49542/Desktop/GD32F30x_Demo_Suites_V2.0.0/GD32F30x_Demo_Suites_V2.0.0/BearPi-IoT_GD32F303_Demo_Suites/Projects/20_RTC_Calendar\gd32f30x_it.c ****        and/or other materials provided with the distribution.
  22:C:/Users/49542/Desktop/GD32F30x_Demo_Suites_V2.0.0/GD32F30x_Demo_Suites_V2.0.0/BearPi-IoT_GD32F303_Demo_Suites/Projects/20_RTC_Calendar\gd32f30x_it.c ****     3. Neither the name of the copyright holder nor the names of its contributors 
  23:C:/Users/49542/Desktop/GD32F30x_Demo_Suites_V2.0.0/GD32F30x_Demo_Suites_V2.0.0/BearPi-IoT_GD32F303_Demo_Suites/Projects/20_RTC_Calendar\gd32f30x_it.c ****        may be used to endorse or promote products derived from this software without 
  24:C:/Users/49542/Desktop/GD32F30x_Demo_Suites_V2.0.0/GD32F30x_Demo_Suites_V2.0.0/BearPi-IoT_GD32F303_Demo_Suites/Projects/20_RTC_Calendar\gd32f30x_it.c ****        specific prior written permission.
  25:C:/Users/49542/Desktop/GD32F30x_Demo_Suites_V2.0.0/GD32F30x_Demo_Suites_V2.0.0/BearPi-IoT_GD32F303_Demo_Suites/Projects/20_RTC_Calendar\gd32f30x_it.c **** 
  26:C:/Users/49542/Desktop/GD32F30x_Demo_Suites_V2.0.0/GD32F30x_Demo_Suites_V2.0.0/BearPi-IoT_GD32F303_Demo_Suites/Projects/20_RTC_Calendar\gd32f30x_it.c ****     THIS SOFTWARE IS PROVIDED BY THE COPYRIGHT HOLDERS AND CONTRIBUTORS "AS IS" 
  27:C:/Users/49542/Desktop/GD32F30x_Demo_Suites_V2.0.0/GD32F30x_Demo_Suites_V2.0.0/BearPi-IoT_GD32F303_Demo_Suites/Projects/20_RTC_Calendar\gd32f30x_it.c **** AND ANY EXPRESS OR IMPLIED WARRANTIES, INCLUDING, BUT NOT LIMITED TO, THE IMPLIED 
  28:C:/Users/49542/Desktop/GD32F30x_Demo_Suites_V2.0.0/GD32F30x_Demo_Suites_V2.0.0/BearPi-IoT_GD32F303_Demo_Suites/Projects/20_RTC_Calendar\gd32f30x_it.c **** WARRANTIES OF MERCHANTABILITY AND FITNESS FOR A PARTICULAR PURPOSE ARE DISCLAIMED. 
  29:C:/Users/49542/Desktop/GD32F30x_Demo_Suites_V2.0.0/GD32F30x_Demo_Suites_V2.0.0/BearPi-IoT_GD32F303_Demo_Suites/Projects/20_RTC_Calendar\gd32f30x_it.c **** IN NO EVENT SHALL THE COPYRIGHT HOLDER OR CONTRIBUTORS BE LIABLE FOR ANY DIRECT, 
  30:C:/Users/49542/Desktop/GD32F30x_Demo_Suites_V2.0.0/GD32F30x_Demo_Suites_V2.0.0/BearPi-IoT_GD32F303_Demo_Suites/Projects/20_RTC_Calendar\gd32f30x_it.c **** INDIRECT, INCIDENTAL, SPECIAL, EXEMPLARY, OR CONSEQUENTIAL DAMAGES (INCLUDING, BUT 
  31:C:/Users/49542/Desktop/GD32F30x_Demo_Suites_V2.0.0/GD32F30x_Demo_Suites_V2.0.0/BearPi-IoT_GD32F303_Demo_Suites/Projects/20_RTC_Calendar\gd32f30x_it.c **** NOT LIMITED TO, PROCUREMENT OF SUBSTITUTE GOODS OR SERVICES; LOSS OF USE, DATA, OR 
ARM GAS  C:\Users\49542\AppData\Local\Temp\ccfdmRxI.s 			page 2


  32:C:/Users/49542/Desktop/GD32F30x_Demo_Suites_V2.0.0/GD32F30x_Demo_Suites_V2.0.0/BearPi-IoT_GD32F303_Demo_Suites/Projects/20_RTC_Calendar\gd32f30x_it.c **** PROFITS; OR BUSINESS INTERRUPTION) HOWEVER CAUSED AND ON ANY THEORY OF LIABILITY, 
  33:C:/Users/49542/Desktop/GD32F30x_Demo_Suites_V2.0.0/GD32F30x_Demo_Suites_V2.0.0/BearPi-IoT_GD32F303_Demo_Suites/Projects/20_RTC_Calendar\gd32f30x_it.c **** WHETHER IN CONTRACT, STRICT LIABILITY, OR TORT (INCLUDING NEGLIGENCE OR OTHERWISE) 
  34:C:/Users/49542/Desktop/GD32F30x_Demo_Suites_V2.0.0/GD32F30x_Demo_Suites_V2.0.0/BearPi-IoT_GD32F303_Demo_Suites/Projects/20_RTC_Calendar\gd32f30x_it.c **** ARISING IN ANY WAY OUT OF THE USE OF THIS SOFTWARE, EVEN IF ADVISED OF THE POSSIBILITY 
  35:C:/Users/49542/Desktop/GD32F30x_Demo_Suites_V2.0.0/GD32F30x_Demo_Suites_V2.0.0/BearPi-IoT_GD32F303_Demo_Suites/Projects/20_RTC_Calendar\gd32f30x_it.c **** OF SUCH DAMAGE.
  36:C:/Users/49542/Desktop/GD32F30x_Demo_Suites_V2.0.0/GD32F30x_Demo_Suites_V2.0.0/BearPi-IoT_GD32F303_Demo_Suites/Projects/20_RTC_Calendar\gd32f30x_it.c **** */
  37:C:/Users/49542/Desktop/GD32F30x_Demo_Suites_V2.0.0/GD32F30x_Demo_Suites_V2.0.0/BearPi-IoT_GD32F303_Demo_Suites/Projects/20_RTC_Calendar\gd32f30x_it.c **** 
  38:C:/Users/49542/Desktop/GD32F30x_Demo_Suites_V2.0.0/GD32F30x_Demo_Suites_V2.0.0/BearPi-IoT_GD32F303_Demo_Suites/Projects/20_RTC_Calendar\gd32f30x_it.c **** #include "gd32f30x_it.h"
  39:C:/Users/49542/Desktop/GD32F30x_Demo_Suites_V2.0.0/GD32F30x_Demo_Suites_V2.0.0/BearPi-IoT_GD32F303_Demo_Suites/Projects/20_RTC_Calendar\gd32f30x_it.c **** 
  40:C:/Users/49542/Desktop/GD32F30x_Demo_Suites_V2.0.0/GD32F30x_Demo_Suites_V2.0.0/BearPi-IoT_GD32F303_Demo_Suites/Projects/20_RTC_Calendar\gd32f30x_it.c **** extern __IO uint32_t timedisplay;
  41:C:/Users/49542/Desktop/GD32F30x_Demo_Suites_V2.0.0/GD32F30x_Demo_Suites_V2.0.0/BearPi-IoT_GD32F303_Demo_Suites/Projects/20_RTC_Calendar\gd32f30x_it.c **** /*!
  42:C:/Users/49542/Desktop/GD32F30x_Demo_Suites_V2.0.0/GD32F30x_Demo_Suites_V2.0.0/BearPi-IoT_GD32F303_Demo_Suites/Projects/20_RTC_Calendar\gd32f30x_it.c ****     \brief      this function handles NMI exception
  43:C:/Users/49542/Desktop/GD32F30x_Demo_Suites_V2.0.0/GD32F30x_Demo_Suites_V2.0.0/BearPi-IoT_GD32F303_Demo_Suites/Projects/20_RTC_Calendar\gd32f30x_it.c ****     \param[in]  none
  44:C:/Users/49542/Desktop/GD32F30x_Demo_Suites_V2.0.0/GD32F30x_Demo_Suites_V2.0.0/BearPi-IoT_GD32F303_Demo_Suites/Projects/20_RTC_Calendar\gd32f30x_it.c ****     \param[out] none
  45:C:/Users/49542/Desktop/GD32F30x_Demo_Suites_V2.0.0/GD32F30x_Demo_Suites_V2.0.0/BearPi-IoT_GD32F303_Demo_Suites/Projects/20_RTC_Calendar\gd32f30x_it.c ****     \retval     none
  46:C:/Users/49542/Desktop/GD32F30x_Demo_Suites_V2.0.0/GD32F30x_Demo_Suites_V2.0.0/BearPi-IoT_GD32F303_Demo_Suites/Projects/20_RTC_Calendar\gd32f30x_it.c **** */
  47:C:/Users/49542/Desktop/GD32F30x_Demo_Suites_V2.0.0/GD32F30x_Demo_Suites_V2.0.0/BearPi-IoT_GD32F303_Demo_Suites/Projects/20_RTC_Calendar\gd32f30x_it.c **** void NMI_Handler(void)
  48:C:/Users/49542/Desktop/GD32F30x_Demo_Suites_V2.0.0/GD32F30x_Demo_Suites_V2.0.0/BearPi-IoT_GD32F303_Demo_Suites/Projects/20_RTC_Calendar\gd32f30x_it.c **** {
  28              		.loc 1 48 0
  29              		.cfi_startproc
  30              		@ args = 0, pretend = 0, frame = 0
  31              		@ frame_needed = 0, uses_anonymous_args = 0
  32              		@ link register save eliminated.
  49:C:/Users/49542/Desktop/GD32F30x_Demo_Suites_V2.0.0/GD32F30x_Demo_Suites_V2.0.0/BearPi-IoT_GD32F303_Demo_Suites/Projects/20_RTC_Calendar\gd32f30x_it.c **** }
  33              		.loc 1 49 0
  34 0000 7047     		bx	lr
  35              		.cfi_endproc
  36              	.LFE116:
  38              		.section	.text.HardFault_Handler,"ax",%progbits
  39              		.align	1
  40              		.global	HardFault_Handler
  41              		.syntax unified
  42              		.thumb
  43              		.thumb_func
  44              		.fpu fpv4-sp-d16
  46              	HardFault_Handler:
  47              	.LFB117:
  50:C:/Users/49542/Desktop/GD32F30x_Demo_Suites_V2.0.0/GD32F30x_Demo_Suites_V2.0.0/BearPi-IoT_GD32F303_Demo_Suites/Projects/20_RTC_Calendar\gd32f30x_it.c **** 
  51:C:/Users/49542/Desktop/GD32F30x_Demo_Suites_V2.0.0/GD32F30x_Demo_Suites_V2.0.0/BearPi-IoT_GD32F303_Demo_Suites/Projects/20_RTC_Calendar\gd32f30x_it.c **** /*!
  52:C:/Users/49542/Desktop/GD32F30x_Demo_Suites_V2.0.0/GD32F30x_Demo_Suites_V2.0.0/BearPi-IoT_GD32F303_Demo_Suites/Projects/20_RTC_Calendar\gd32f30x_it.c ****     \brief      this function handles HardFault exception
  53:C:/Users/49542/Desktop/GD32F30x_Demo_Suites_V2.0.0/GD32F30x_Demo_Suites_V2.0.0/BearPi-IoT_GD32F303_Demo_Suites/Projects/20_RTC_Calendar\gd32f30x_it.c ****     \param[in]  none
  54:C:/Users/49542/Desktop/GD32F30x_Demo_Suites_V2.0.0/GD32F30x_Demo_Suites_V2.0.0/BearPi-IoT_GD32F303_Demo_Suites/Projects/20_RTC_Calendar\gd32f30x_it.c ****     \param[out] none
  55:C:/Users/49542/Desktop/GD32F30x_Demo_Suites_V2.0.0/GD32F30x_Demo_Suites_V2.0.0/BearPi-IoT_GD32F303_Demo_Suites/Projects/20_RTC_Calendar\gd32f30x_it.c ****     \retval     none
  56:C:/Users/49542/Desktop/GD32F30x_Demo_Suites_V2.0.0/GD32F30x_Demo_Suites_V2.0.0/BearPi-IoT_GD32F303_Demo_Suites/Projects/20_RTC_Calendar\gd32f30x_it.c **** */
  57:C:/Users/49542/Desktop/GD32F30x_Demo_Suites_V2.0.0/GD32F30x_Demo_Suites_V2.0.0/BearPi-IoT_GD32F303_Demo_Suites/Projects/20_RTC_Calendar\gd32f30x_it.c **** void HardFault_Handler(void)
  58:C:/Users/49542/Desktop/GD32F30x_Demo_Suites_V2.0.0/GD32F30x_Demo_Suites_V2.0.0/BearPi-IoT_GD32F303_Demo_Suites/Projects/20_RTC_Calendar\gd32f30x_it.c **** {
  48              		.loc 1 58 0
  49              		.cfi_startproc
  50              		@ Volatile: function does not return.
  51              		@ args = 0, pretend = 0, frame = 0
  52              		@ frame_needed = 0, uses_anonymous_args = 0
  53              		@ link register save eliminated.
  54              	.L3:
  55 0000 FEE7     		b	.L3
  56              		.cfi_endproc
  57              	.LFE117:
  59              		.section	.text.MemManage_Handler,"ax",%progbits
  60              		.align	1
ARM GAS  C:\Users\49542\AppData\Local\Temp\ccfdmRxI.s 			page 3


  61              		.global	MemManage_Handler
  62              		.syntax unified
  63              		.thumb
  64              		.thumb_func
  65              		.fpu fpv4-sp-d16
  67              	MemManage_Handler:
  68              	.LFB118:
  59:C:/Users/49542/Desktop/GD32F30x_Demo_Suites_V2.0.0/GD32F30x_Demo_Suites_V2.0.0/BearPi-IoT_GD32F303_Demo_Suites/Projects/20_RTC_Calendar\gd32f30x_it.c ****     /* if Hard Fault exception occurs, go to infinite loop */
  60:C:/Users/49542/Desktop/GD32F30x_Demo_Suites_V2.0.0/GD32F30x_Demo_Suites_V2.0.0/BearPi-IoT_GD32F303_Demo_Suites/Projects/20_RTC_Calendar\gd32f30x_it.c ****     while (1){
  61:C:/Users/49542/Desktop/GD32F30x_Demo_Suites_V2.0.0/GD32F30x_Demo_Suites_V2.0.0/BearPi-IoT_GD32F303_Demo_Suites/Projects/20_RTC_Calendar\gd32f30x_it.c ****     }
  62:C:/Users/49542/Desktop/GD32F30x_Demo_Suites_V2.0.0/GD32F30x_Demo_Suites_V2.0.0/BearPi-IoT_GD32F303_Demo_Suites/Projects/20_RTC_Calendar\gd32f30x_it.c **** }
  63:C:/Users/49542/Desktop/GD32F30x_Demo_Suites_V2.0.0/GD32F30x_Demo_Suites_V2.0.0/BearPi-IoT_GD32F303_Demo_Suites/Projects/20_RTC_Calendar\gd32f30x_it.c **** 
  64:C:/Users/49542/Desktop/GD32F30x_Demo_Suites_V2.0.0/GD32F30x_Demo_Suites_V2.0.0/BearPi-IoT_GD32F303_Demo_Suites/Projects/20_RTC_Calendar\gd32f30x_it.c **** /*!
  65:C:/Users/49542/Desktop/GD32F30x_Demo_Suites_V2.0.0/GD32F30x_Demo_Suites_V2.0.0/BearPi-IoT_GD32F303_Demo_Suites/Projects/20_RTC_Calendar\gd32f30x_it.c ****     \brief      this function handles MemManage exception
  66:C:/Users/49542/Desktop/GD32F30x_Demo_Suites_V2.0.0/GD32F30x_Demo_Suites_V2.0.0/BearPi-IoT_GD32F303_Demo_Suites/Projects/20_RTC_Calendar\gd32f30x_it.c ****     \param[in]  none
  67:C:/Users/49542/Desktop/GD32F30x_Demo_Suites_V2.0.0/GD32F30x_Demo_Suites_V2.0.0/BearPi-IoT_GD32F303_Demo_Suites/Projects/20_RTC_Calendar\gd32f30x_it.c ****     \param[out] none
  68:C:/Users/49542/Desktop/GD32F30x_Demo_Suites_V2.0.0/GD32F30x_Demo_Suites_V2.0.0/BearPi-IoT_GD32F303_Demo_Suites/Projects/20_RTC_Calendar\gd32f30x_it.c ****     \retval     none
  69:C:/Users/49542/Desktop/GD32F30x_Demo_Suites_V2.0.0/GD32F30x_Demo_Suites_V2.0.0/BearPi-IoT_GD32F303_Demo_Suites/Projects/20_RTC_Calendar\gd32f30x_it.c **** */
  70:C:/Users/49542/Desktop/GD32F30x_Demo_Suites_V2.0.0/GD32F30x_Demo_Suites_V2.0.0/BearPi-IoT_GD32F303_Demo_Suites/Projects/20_RTC_Calendar\gd32f30x_it.c **** void MemManage_Handler(void)
  71:C:/Users/49542/Desktop/GD32F30x_Demo_Suites_V2.0.0/GD32F30x_Demo_Suites_V2.0.0/BearPi-IoT_GD32F303_Demo_Suites/Projects/20_RTC_Calendar\gd32f30x_it.c **** {
  69              		.loc 1 71 0
  70              		.cfi_startproc
  71              		@ Volatile: function does not return.
  72              		@ args = 0, pretend = 0, frame = 0
  73              		@ frame_needed = 0, uses_anonymous_args = 0
  74              		@ link register save eliminated.
  75              	.L5:
  76 0000 FEE7     		b	.L5
  77              		.cfi_endproc
  78              	.LFE118:
  80              		.section	.text.BusFault_Handler,"ax",%progbits
  81              		.align	1
  82              		.global	BusFault_Handler
  83              		.syntax unified
  84              		.thumb
  85              		.thumb_func
  86              		.fpu fpv4-sp-d16
  88              	BusFault_Handler:
  89              	.LFB119:
  72:C:/Users/49542/Desktop/GD32F30x_Demo_Suites_V2.0.0/GD32F30x_Demo_Suites_V2.0.0/BearPi-IoT_GD32F303_Demo_Suites/Projects/20_RTC_Calendar\gd32f30x_it.c ****     /* if Memory Manage exception occurs, go to infinite loop */
  73:C:/Users/49542/Desktop/GD32F30x_Demo_Suites_V2.0.0/GD32F30x_Demo_Suites_V2.0.0/BearPi-IoT_GD32F303_Demo_Suites/Projects/20_RTC_Calendar\gd32f30x_it.c ****     while (1){
  74:C:/Users/49542/Desktop/GD32F30x_Demo_Suites_V2.0.0/GD32F30x_Demo_Suites_V2.0.0/BearPi-IoT_GD32F303_Demo_Suites/Projects/20_RTC_Calendar\gd32f30x_it.c ****     }
  75:C:/Users/49542/Desktop/GD32F30x_Demo_Suites_V2.0.0/GD32F30x_Demo_Suites_V2.0.0/BearPi-IoT_GD32F303_Demo_Suites/Projects/20_RTC_Calendar\gd32f30x_it.c **** }
  76:C:/Users/49542/Desktop/GD32F30x_Demo_Suites_V2.0.0/GD32F30x_Demo_Suites_V2.0.0/BearPi-IoT_GD32F303_Demo_Suites/Projects/20_RTC_Calendar\gd32f30x_it.c **** 
  77:C:/Users/49542/Desktop/GD32F30x_Demo_Suites_V2.0.0/GD32F30x_Demo_Suites_V2.0.0/BearPi-IoT_GD32F303_Demo_Suites/Projects/20_RTC_Calendar\gd32f30x_it.c **** /*!
  78:C:/Users/49542/Desktop/GD32F30x_Demo_Suites_V2.0.0/GD32F30x_Demo_Suites_V2.0.0/BearPi-IoT_GD32F303_Demo_Suites/Projects/20_RTC_Calendar\gd32f30x_it.c ****     \brief      this function handles BusFault exception
  79:C:/Users/49542/Desktop/GD32F30x_Demo_Suites_V2.0.0/GD32F30x_Demo_Suites_V2.0.0/BearPi-IoT_GD32F303_Demo_Suites/Projects/20_RTC_Calendar\gd32f30x_it.c ****     \param[in]  none
  80:C:/Users/49542/Desktop/GD32F30x_Demo_Suites_V2.0.0/GD32F30x_Demo_Suites_V2.0.0/BearPi-IoT_GD32F303_Demo_Suites/Projects/20_RTC_Calendar\gd32f30x_it.c ****     \param[out] none
  81:C:/Users/49542/Desktop/GD32F30x_Demo_Suites_V2.0.0/GD32F30x_Demo_Suites_V2.0.0/BearPi-IoT_GD32F303_Demo_Suites/Projects/20_RTC_Calendar\gd32f30x_it.c ****     \retval     none
  82:C:/Users/49542/Desktop/GD32F30x_Demo_Suites_V2.0.0/GD32F30x_Demo_Suites_V2.0.0/BearPi-IoT_GD32F303_Demo_Suites/Projects/20_RTC_Calendar\gd32f30x_it.c **** */
  83:C:/Users/49542/Desktop/GD32F30x_Demo_Suites_V2.0.0/GD32F30x_Demo_Suites_V2.0.0/BearPi-IoT_GD32F303_Demo_Suites/Projects/20_RTC_Calendar\gd32f30x_it.c **** void BusFault_Handler(void)
  84:C:/Users/49542/Desktop/GD32F30x_Demo_Suites_V2.0.0/GD32F30x_Demo_Suites_V2.0.0/BearPi-IoT_GD32F303_Demo_Suites/Projects/20_RTC_Calendar\gd32f30x_it.c **** {
  90              		.loc 1 84 0
  91              		.cfi_startproc
  92              		@ Volatile: function does not return.
  93              		@ args = 0, pretend = 0, frame = 0
  94              		@ frame_needed = 0, uses_anonymous_args = 0
ARM GAS  C:\Users\49542\AppData\Local\Temp\ccfdmRxI.s 			page 4


  95              		@ link register save eliminated.
  96              	.L7:
  97 0000 FEE7     		b	.L7
  98              		.cfi_endproc
  99              	.LFE119:
 101              		.section	.text.UsageFault_Handler,"ax",%progbits
 102              		.align	1
 103              		.global	UsageFault_Handler
 104              		.syntax unified
 105              		.thumb
 106              		.thumb_func
 107              		.fpu fpv4-sp-d16
 109              	UsageFault_Handler:
 110              	.LFB120:
  85:C:/Users/49542/Desktop/GD32F30x_Demo_Suites_V2.0.0/GD32F30x_Demo_Suites_V2.0.0/BearPi-IoT_GD32F303_Demo_Suites/Projects/20_RTC_Calendar\gd32f30x_it.c ****     /* if Bus Fault exception occurs, go to infinite loop */
  86:C:/Users/49542/Desktop/GD32F30x_Demo_Suites_V2.0.0/GD32F30x_Demo_Suites_V2.0.0/BearPi-IoT_GD32F303_Demo_Suites/Projects/20_RTC_Calendar\gd32f30x_it.c ****     while (1){
  87:C:/Users/49542/Desktop/GD32F30x_Demo_Suites_V2.0.0/GD32F30x_Demo_Suites_V2.0.0/BearPi-IoT_GD32F303_Demo_Suites/Projects/20_RTC_Calendar\gd32f30x_it.c ****     }
  88:C:/Users/49542/Desktop/GD32F30x_Demo_Suites_V2.0.0/GD32F30x_Demo_Suites_V2.0.0/BearPi-IoT_GD32F303_Demo_Suites/Projects/20_RTC_Calendar\gd32f30x_it.c **** }
  89:C:/Users/49542/Desktop/GD32F30x_Demo_Suites_V2.0.0/GD32F30x_Demo_Suites_V2.0.0/BearPi-IoT_GD32F303_Demo_Suites/Projects/20_RTC_Calendar\gd32f30x_it.c **** 
  90:C:/Users/49542/Desktop/GD32F30x_Demo_Suites_V2.0.0/GD32F30x_Demo_Suites_V2.0.0/BearPi-IoT_GD32F303_Demo_Suites/Projects/20_RTC_Calendar\gd32f30x_it.c **** /*!
  91:C:/Users/49542/Desktop/GD32F30x_Demo_Suites_V2.0.0/GD32F30x_Demo_Suites_V2.0.0/BearPi-IoT_GD32F303_Demo_Suites/Projects/20_RTC_Calendar\gd32f30x_it.c ****     \brief      this function handles UsageFault exception
  92:C:/Users/49542/Desktop/GD32F30x_Demo_Suites_V2.0.0/GD32F30x_Demo_Suites_V2.0.0/BearPi-IoT_GD32F303_Demo_Suites/Projects/20_RTC_Calendar\gd32f30x_it.c ****     \param[in]  none
  93:C:/Users/49542/Desktop/GD32F30x_Demo_Suites_V2.0.0/GD32F30x_Demo_Suites_V2.0.0/BearPi-IoT_GD32F303_Demo_Suites/Projects/20_RTC_Calendar\gd32f30x_it.c ****     \param[out] none
  94:C:/Users/49542/Desktop/GD32F30x_Demo_Suites_V2.0.0/GD32F30x_Demo_Suites_V2.0.0/BearPi-IoT_GD32F303_Demo_Suites/Projects/20_RTC_Calendar\gd32f30x_it.c ****     \retval     none
  95:C:/Users/49542/Desktop/GD32F30x_Demo_Suites_V2.0.0/GD32F30x_Demo_Suites_V2.0.0/BearPi-IoT_GD32F303_Demo_Suites/Projects/20_RTC_Calendar\gd32f30x_it.c **** */
  96:C:/Users/49542/Desktop/GD32F30x_Demo_Suites_V2.0.0/GD32F30x_Demo_Suites_V2.0.0/BearPi-IoT_GD32F303_Demo_Suites/Projects/20_RTC_Calendar\gd32f30x_it.c **** void UsageFault_Handler(void)
  97:C:/Users/49542/Desktop/GD32F30x_Demo_Suites_V2.0.0/GD32F30x_Demo_Suites_V2.0.0/BearPi-IoT_GD32F303_Demo_Suites/Projects/20_RTC_Calendar\gd32f30x_it.c **** {
 111              		.loc 1 97 0
 112              		.cfi_startproc
 113              		@ Volatile: function does not return.
 114              		@ args = 0, pretend = 0, frame = 0
 115              		@ frame_needed = 0, uses_anonymous_args = 0
 116              		@ link register save eliminated.
 117              	.L9:
 118 0000 FEE7     		b	.L9
 119              		.cfi_endproc
 120              	.LFE120:
 122              		.section	.text.SVC_Handler,"ax",%progbits
 123              		.align	1
 124              		.global	SVC_Handler
 125              		.syntax unified
 126              		.thumb
 127              		.thumb_func
 128              		.fpu fpv4-sp-d16
 130              	SVC_Handler:
 131              	.LFB121:
  98:C:/Users/49542/Desktop/GD32F30x_Demo_Suites_V2.0.0/GD32F30x_Demo_Suites_V2.0.0/BearPi-IoT_GD32F303_Demo_Suites/Projects/20_RTC_Calendar\gd32f30x_it.c ****     /* if Usage Fault exception occurs, go to infinite loop */
  99:C:/Users/49542/Desktop/GD32F30x_Demo_Suites_V2.0.0/GD32F30x_Demo_Suites_V2.0.0/BearPi-IoT_GD32F303_Demo_Suites/Projects/20_RTC_Calendar\gd32f30x_it.c ****     while (1){
 100:C:/Users/49542/Desktop/GD32F30x_Demo_Suites_V2.0.0/GD32F30x_Demo_Suites_V2.0.0/BearPi-IoT_GD32F303_Demo_Suites/Projects/20_RTC_Calendar\gd32f30x_it.c ****     }
 101:C:/Users/49542/Desktop/GD32F30x_Demo_Suites_V2.0.0/GD32F30x_Demo_Suites_V2.0.0/BearPi-IoT_GD32F303_Demo_Suites/Projects/20_RTC_Calendar\gd32f30x_it.c **** }
 102:C:/Users/49542/Desktop/GD32F30x_Demo_Suites_V2.0.0/GD32F30x_Demo_Suites_V2.0.0/BearPi-IoT_GD32F303_Demo_Suites/Projects/20_RTC_Calendar\gd32f30x_it.c **** 
 103:C:/Users/49542/Desktop/GD32F30x_Demo_Suites_V2.0.0/GD32F30x_Demo_Suites_V2.0.0/BearPi-IoT_GD32F303_Demo_Suites/Projects/20_RTC_Calendar\gd32f30x_it.c **** /*!
 104:C:/Users/49542/Desktop/GD32F30x_Demo_Suites_V2.0.0/GD32F30x_Demo_Suites_V2.0.0/BearPi-IoT_GD32F303_Demo_Suites/Projects/20_RTC_Calendar\gd32f30x_it.c ****     \brief      this function handles SVC exception
 105:C:/Users/49542/Desktop/GD32F30x_Demo_Suites_V2.0.0/GD32F30x_Demo_Suites_V2.0.0/BearPi-IoT_GD32F303_Demo_Suites/Projects/20_RTC_Calendar\gd32f30x_it.c ****     \param[in]  none
 106:C:/Users/49542/Desktop/GD32F30x_Demo_Suites_V2.0.0/GD32F30x_Demo_Suites_V2.0.0/BearPi-IoT_GD32F303_Demo_Suites/Projects/20_RTC_Calendar\gd32f30x_it.c ****     \param[out] none
 107:C:/Users/49542/Desktop/GD32F30x_Demo_Suites_V2.0.0/GD32F30x_Demo_Suites_V2.0.0/BearPi-IoT_GD32F303_Demo_Suites/Projects/20_RTC_Calendar\gd32f30x_it.c ****     \retval     none
 108:C:/Users/49542/Desktop/GD32F30x_Demo_Suites_V2.0.0/GD32F30x_Demo_Suites_V2.0.0/BearPi-IoT_GD32F303_Demo_Suites/Projects/20_RTC_Calendar\gd32f30x_it.c **** */
ARM GAS  C:\Users\49542\AppData\Local\Temp\ccfdmRxI.s 			page 5


 109:C:/Users/49542/Desktop/GD32F30x_Demo_Suites_V2.0.0/GD32F30x_Demo_Suites_V2.0.0/BearPi-IoT_GD32F303_Demo_Suites/Projects/20_RTC_Calendar\gd32f30x_it.c **** void SVC_Handler(void)
 110:C:/Users/49542/Desktop/GD32F30x_Demo_Suites_V2.0.0/GD32F30x_Demo_Suites_V2.0.0/BearPi-IoT_GD32F303_Demo_Suites/Projects/20_RTC_Calendar\gd32f30x_it.c **** {
 132              		.loc 1 110 0
 133              		.cfi_startproc
 134              		@ args = 0, pretend = 0, frame = 0
 135              		@ frame_needed = 0, uses_anonymous_args = 0
 136              		@ link register save eliminated.
 111:C:/Users/49542/Desktop/GD32F30x_Demo_Suites_V2.0.0/GD32F30x_Demo_Suites_V2.0.0/BearPi-IoT_GD32F303_Demo_Suites/Projects/20_RTC_Calendar\gd32f30x_it.c **** }
 137              		.loc 1 111 0
 138 0000 7047     		bx	lr
 139              		.cfi_endproc
 140              	.LFE121:
 142              		.section	.text.DebugMon_Handler,"ax",%progbits
 143              		.align	1
 144              		.global	DebugMon_Handler
 145              		.syntax unified
 146              		.thumb
 147              		.thumb_func
 148              		.fpu fpv4-sp-d16
 150              	DebugMon_Handler:
 151              	.LFB122:
 112:C:/Users/49542/Desktop/GD32F30x_Demo_Suites_V2.0.0/GD32F30x_Demo_Suites_V2.0.0/BearPi-IoT_GD32F303_Demo_Suites/Projects/20_RTC_Calendar\gd32f30x_it.c **** 
 113:C:/Users/49542/Desktop/GD32F30x_Demo_Suites_V2.0.0/GD32F30x_Demo_Suites_V2.0.0/BearPi-IoT_GD32F303_Demo_Suites/Projects/20_RTC_Calendar\gd32f30x_it.c **** /*!
 114:C:/Users/49542/Desktop/GD32F30x_Demo_Suites_V2.0.0/GD32F30x_Demo_Suites_V2.0.0/BearPi-IoT_GD32F303_Demo_Suites/Projects/20_RTC_Calendar\gd32f30x_it.c ****     \brief      this function handles DebugMon exception
 115:C:/Users/49542/Desktop/GD32F30x_Demo_Suites_V2.0.0/GD32F30x_Demo_Suites_V2.0.0/BearPi-IoT_GD32F303_Demo_Suites/Projects/20_RTC_Calendar\gd32f30x_it.c ****     \param[in]  none
 116:C:/Users/49542/Desktop/GD32F30x_Demo_Suites_V2.0.0/GD32F30x_Demo_Suites_V2.0.0/BearPi-IoT_GD32F303_Demo_Suites/Projects/20_RTC_Calendar\gd32f30x_it.c ****     \param[out] none
 117:C:/Users/49542/Desktop/GD32F30x_Demo_Suites_V2.0.0/GD32F30x_Demo_Suites_V2.0.0/BearPi-IoT_GD32F303_Demo_Suites/Projects/20_RTC_Calendar\gd32f30x_it.c ****     \retval     none
 118:C:/Users/49542/Desktop/GD32F30x_Demo_Suites_V2.0.0/GD32F30x_Demo_Suites_V2.0.0/BearPi-IoT_GD32F303_Demo_Suites/Projects/20_RTC_Calendar\gd32f30x_it.c **** */
 119:C:/Users/49542/Desktop/GD32F30x_Demo_Suites_V2.0.0/GD32F30x_Demo_Suites_V2.0.0/BearPi-IoT_GD32F303_Demo_Suites/Projects/20_RTC_Calendar\gd32f30x_it.c **** void DebugMon_Handler(void)
 120:C:/Users/49542/Desktop/GD32F30x_Demo_Suites_V2.0.0/GD32F30x_Demo_Suites_V2.0.0/BearPi-IoT_GD32F303_Demo_Suites/Projects/20_RTC_Calendar\gd32f30x_it.c **** {
 152              		.loc 1 120 0
 153              		.cfi_startproc
 154              		@ args = 0, pretend = 0, frame = 0
 155              		@ frame_needed = 0, uses_anonymous_args = 0
 156              		@ link register save eliminated.
 121:C:/Users/49542/Desktop/GD32F30x_Demo_Suites_V2.0.0/GD32F30x_Demo_Suites_V2.0.0/BearPi-IoT_GD32F303_Demo_Suites/Projects/20_RTC_Calendar\gd32f30x_it.c **** }
 157              		.loc 1 121 0
 158 0000 7047     		bx	lr
 159              		.cfi_endproc
 160              	.LFE122:
 162              		.section	.text.PendSV_Handler,"ax",%progbits
 163              		.align	1
 164              		.global	PendSV_Handler
 165              		.syntax unified
 166              		.thumb
 167              		.thumb_func
 168              		.fpu fpv4-sp-d16
 170              	PendSV_Handler:
 171              	.LFB123:
 122:C:/Users/49542/Desktop/GD32F30x_Demo_Suites_V2.0.0/GD32F30x_Demo_Suites_V2.0.0/BearPi-IoT_GD32F303_Demo_Suites/Projects/20_RTC_Calendar\gd32f30x_it.c **** 
 123:C:/Users/49542/Desktop/GD32F30x_Demo_Suites_V2.0.0/GD32F30x_Demo_Suites_V2.0.0/BearPi-IoT_GD32F303_Demo_Suites/Projects/20_RTC_Calendar\gd32f30x_it.c **** /*!
 124:C:/Users/49542/Desktop/GD32F30x_Demo_Suites_V2.0.0/GD32F30x_Demo_Suites_V2.0.0/BearPi-IoT_GD32F303_Demo_Suites/Projects/20_RTC_Calendar\gd32f30x_it.c ****     \brief      this function handles PendSV exception
 125:C:/Users/49542/Desktop/GD32F30x_Demo_Suites_V2.0.0/GD32F30x_Demo_Suites_V2.0.0/BearPi-IoT_GD32F303_Demo_Suites/Projects/20_RTC_Calendar\gd32f30x_it.c ****     \param[in]  none
 126:C:/Users/49542/Desktop/GD32F30x_Demo_Suites_V2.0.0/GD32F30x_Demo_Suites_V2.0.0/BearPi-IoT_GD32F303_Demo_Suites/Projects/20_RTC_Calendar\gd32f30x_it.c ****     \param[out] none
 127:C:/Users/49542/Desktop/GD32F30x_Demo_Suites_V2.0.0/GD32F30x_Demo_Suites_V2.0.0/BearPi-IoT_GD32F303_Demo_Suites/Projects/20_RTC_Calendar\gd32f30x_it.c ****     \retval     none
 128:C:/Users/49542/Desktop/GD32F30x_Demo_Suites_V2.0.0/GD32F30x_Demo_Suites_V2.0.0/BearPi-IoT_GD32F303_Demo_Suites/Projects/20_RTC_Calendar\gd32f30x_it.c **** */
 129:C:/Users/49542/Desktop/GD32F30x_Demo_Suites_V2.0.0/GD32F30x_Demo_Suites_V2.0.0/BearPi-IoT_GD32F303_Demo_Suites/Projects/20_RTC_Calendar\gd32f30x_it.c **** void PendSV_Handler(void)
ARM GAS  C:\Users\49542\AppData\Local\Temp\ccfdmRxI.s 			page 6


 130:C:/Users/49542/Desktop/GD32F30x_Demo_Suites_V2.0.0/GD32F30x_Demo_Suites_V2.0.0/BearPi-IoT_GD32F303_Demo_Suites/Projects/20_RTC_Calendar\gd32f30x_it.c **** {
 172              		.loc 1 130 0
 173              		.cfi_startproc
 174              		@ args = 0, pretend = 0, frame = 0
 175              		@ frame_needed = 0, uses_anonymous_args = 0
 176              		@ link register save eliminated.
 131:C:/Users/49542/Desktop/GD32F30x_Demo_Suites_V2.0.0/GD32F30x_Demo_Suites_V2.0.0/BearPi-IoT_GD32F303_Demo_Suites/Projects/20_RTC_Calendar\gd32f30x_it.c **** }
 177              		.loc 1 131 0
 178 0000 7047     		bx	lr
 179              		.cfi_endproc
 180              	.LFE123:
 182              		.section	.text.RTC_IRQHandler,"ax",%progbits
 183              		.align	1
 184              		.global	RTC_IRQHandler
 185              		.syntax unified
 186              		.thumb
 187              		.thumb_func
 188              		.fpu fpv4-sp-d16
 190              	RTC_IRQHandler:
 191              	.LFB124:
 132:C:/Users/49542/Desktop/GD32F30x_Demo_Suites_V2.0.0/GD32F30x_Demo_Suites_V2.0.0/BearPi-IoT_GD32F303_Demo_Suites/Projects/20_RTC_Calendar\gd32f30x_it.c **** 
 133:C:/Users/49542/Desktop/GD32F30x_Demo_Suites_V2.0.0/GD32F30x_Demo_Suites_V2.0.0/BearPi-IoT_GD32F303_Demo_Suites/Projects/20_RTC_Calendar\gd32f30x_it.c **** /*!
 134:C:/Users/49542/Desktop/GD32F30x_Demo_Suites_V2.0.0/GD32F30x_Demo_Suites_V2.0.0/BearPi-IoT_GD32F303_Demo_Suites/Projects/20_RTC_Calendar\gd32f30x_it.c ****     \brief      this function handles RTC global interrupt request
 135:C:/Users/49542/Desktop/GD32F30x_Demo_Suites_V2.0.0/GD32F30x_Demo_Suites_V2.0.0/BearPi-IoT_GD32F303_Demo_Suites/Projects/20_RTC_Calendar\gd32f30x_it.c ****     \param[in]  none
 136:C:/Users/49542/Desktop/GD32F30x_Demo_Suites_V2.0.0/GD32F30x_Demo_Suites_V2.0.0/BearPi-IoT_GD32F303_Demo_Suites/Projects/20_RTC_Calendar\gd32f30x_it.c ****     \param[out] none
 137:C:/Users/49542/Desktop/GD32F30x_Demo_Suites_V2.0.0/GD32F30x_Demo_Suites_V2.0.0/BearPi-IoT_GD32F303_Demo_Suites/Projects/20_RTC_Calendar\gd32f30x_it.c ****     \retval     none
 138:C:/Users/49542/Desktop/GD32F30x_Demo_Suites_V2.0.0/GD32F30x_Demo_Suites_V2.0.0/BearPi-IoT_GD32F303_Demo_Suites/Projects/20_RTC_Calendar\gd32f30x_it.c **** */
 139:C:/Users/49542/Desktop/GD32F30x_Demo_Suites_V2.0.0/GD32F30x_Demo_Suites_V2.0.0/BearPi-IoT_GD32F303_Demo_Suites/Projects/20_RTC_Calendar\gd32f30x_it.c **** void RTC_IRQHandler(void)
 140:C:/Users/49542/Desktop/GD32F30x_Demo_Suites_V2.0.0/GD32F30x_Demo_Suites_V2.0.0/BearPi-IoT_GD32F303_Demo_Suites/Projects/20_RTC_Calendar\gd32f30x_it.c **** {
 192              		.loc 1 140 0
 193              		.cfi_startproc
 194              		@ args = 0, pretend = 0, frame = 0
 195              		@ frame_needed = 0, uses_anonymous_args = 0
 196 0000 08B5     		push	{r3, lr}
 197              	.LCFI0:
 198              		.cfi_def_cfa_offset 8
 199              		.cfi_offset 3, -8
 200              		.cfi_offset 14, -4
 141:C:/Users/49542/Desktop/GD32F30x_Demo_Suites_V2.0.0/GD32F30x_Demo_Suites_V2.0.0/BearPi-IoT_GD32F303_Demo_Suites/Projects/20_RTC_Calendar\gd32f30x_it.c ****     if (rtc_flag_get(RTC_FLAG_SECOND) != RESET){
 201              		.loc 1 141 0
 202 0002 0120     		movs	r0, #1
 203 0004 FFF7FEFF 		bl	rtc_flag_get
 204              	.LVL0:
 205 0008 00B9     		cbnz	r0, .L16
 206              	.L13:
 142:C:/Users/49542/Desktop/GD32F30x_Demo_Suites_V2.0.0/GD32F30x_Demo_Suites_V2.0.0/BearPi-IoT_GD32F303_Demo_Suites/Projects/20_RTC_Calendar\gd32f30x_it.c ****         /* clear the RTC second interrupt flag*/
 143:C:/Users/49542/Desktop/GD32F30x_Demo_Suites_V2.0.0/GD32F30x_Demo_Suites_V2.0.0/BearPi-IoT_GD32F303_Demo_Suites/Projects/20_RTC_Calendar\gd32f30x_it.c ****         rtc_flag_clear(RTC_FLAG_SECOND);
 144:C:/Users/49542/Desktop/GD32F30x_Demo_Suites_V2.0.0/GD32F30x_Demo_Suites_V2.0.0/BearPi-IoT_GD32F303_Demo_Suites/Projects/20_RTC_Calendar\gd32f30x_it.c **** 
 145:C:/Users/49542/Desktop/GD32F30x_Demo_Suites_V2.0.0/GD32F30x_Demo_Suites_V2.0.0/BearPi-IoT_GD32F303_Demo_Suites/Projects/20_RTC_Calendar\gd32f30x_it.c ****         /* enable time update */
 146:C:/Users/49542/Desktop/GD32F30x_Demo_Suites_V2.0.0/GD32F30x_Demo_Suites_V2.0.0/BearPi-IoT_GD32F303_Demo_Suites/Projects/20_RTC_Calendar\gd32f30x_it.c ****         timedisplay = 1;
 147:C:/Users/49542/Desktop/GD32F30x_Demo_Suites_V2.0.0/GD32F30x_Demo_Suites_V2.0.0/BearPi-IoT_GD32F303_Demo_Suites/Projects/20_RTC_Calendar\gd32f30x_it.c **** 
 148:C:/Users/49542/Desktop/GD32F30x_Demo_Suites_V2.0.0/GD32F30x_Demo_Suites_V2.0.0/BearPi-IoT_GD32F303_Demo_Suites/Projects/20_RTC_Calendar\gd32f30x_it.c ****         /* wait until last write operation on RTC registers has finished */
 149:C:/Users/49542/Desktop/GD32F30x_Demo_Suites_V2.0.0/GD32F30x_Demo_Suites_V2.0.0/BearPi-IoT_GD32F303_Demo_Suites/Projects/20_RTC_Calendar\gd32f30x_it.c ****         rtc_lwoff_wait();
 150:C:/Users/49542/Desktop/GD32F30x_Demo_Suites_V2.0.0/GD32F30x_Demo_Suites_V2.0.0/BearPi-IoT_GD32F303_Demo_Suites/Projects/20_RTC_Calendar\gd32f30x_it.c ****         /* reset RTC counter when time is 23:59:59 */
 151:C:/Users/49542/Desktop/GD32F30x_Demo_Suites_V2.0.0/GD32F30x_Demo_Suites_V2.0.0/BearPi-IoT_GD32F303_Demo_Suites/Projects/20_RTC_Calendar\gd32f30x_it.c ****         if (rtc_counter_get() == 0x00015180){
 152:C:/Users/49542/Desktop/GD32F30x_Demo_Suites_V2.0.0/GD32F30x_Demo_Suites_V2.0.0/BearPi-IoT_GD32F303_Demo_Suites/Projects/20_RTC_Calendar\gd32f30x_it.c ****             rtc_counter_set(0x0);
 153:C:/Users/49542/Desktop/GD32F30x_Demo_Suites_V2.0.0/GD32F30x_Demo_Suites_V2.0.0/BearPi-IoT_GD32F303_Demo_Suites/Projects/20_RTC_Calendar\gd32f30x_it.c ****             /* wait until last write operation on RTC registers has finished */
ARM GAS  C:\Users\49542\AppData\Local\Temp\ccfdmRxI.s 			page 7


 154:C:/Users/49542/Desktop/GD32F30x_Demo_Suites_V2.0.0/GD32F30x_Demo_Suites_V2.0.0/BearPi-IoT_GD32F303_Demo_Suites/Projects/20_RTC_Calendar\gd32f30x_it.c ****             rtc_lwoff_wait();
 155:C:/Users/49542/Desktop/GD32F30x_Demo_Suites_V2.0.0/GD32F30x_Demo_Suites_V2.0.0/BearPi-IoT_GD32F303_Demo_Suites/Projects/20_RTC_Calendar\gd32f30x_it.c ****         }
 156:C:/Users/49542/Desktop/GD32F30x_Demo_Suites_V2.0.0/GD32F30x_Demo_Suites_V2.0.0/BearPi-IoT_GD32F303_Demo_Suites/Projects/20_RTC_Calendar\gd32f30x_it.c ****     }
 157:C:/Users/49542/Desktop/GD32F30x_Demo_Suites_V2.0.0/GD32F30x_Demo_Suites_V2.0.0/BearPi-IoT_GD32F303_Demo_Suites/Projects/20_RTC_Calendar\gd32f30x_it.c **** }
 207              		.loc 1 157 0
 208 000a 08BD     		pop	{r3, pc}
 209              	.L16:
 143:C:/Users/49542/Desktop/GD32F30x_Demo_Suites_V2.0.0/GD32F30x_Demo_Suites_V2.0.0/BearPi-IoT_GD32F303_Demo_Suites/Projects/20_RTC_Calendar\gd32f30x_it.c **** 
 210              		.loc 1 143 0
 211 000c 0120     		movs	r0, #1
 212 000e FFF7FEFF 		bl	rtc_flag_clear
 213              	.LVL1:
 146:C:/Users/49542/Desktop/GD32F30x_Demo_Suites_V2.0.0/GD32F30x_Demo_Suites_V2.0.0/BearPi-IoT_GD32F303_Demo_Suites/Projects/20_RTC_Calendar\gd32f30x_it.c **** 
 214              		.loc 1 146 0
 215 0012 084B     		ldr	r3, .L17
 216 0014 0122     		movs	r2, #1
 217 0016 1A60     		str	r2, [r3]
 149:C:/Users/49542/Desktop/GD32F30x_Demo_Suites_V2.0.0/GD32F30x_Demo_Suites_V2.0.0/BearPi-IoT_GD32F303_Demo_Suites/Projects/20_RTC_Calendar\gd32f30x_it.c ****         /* reset RTC counter when time is 23:59:59 */
 218              		.loc 1 149 0
 219 0018 FFF7FEFF 		bl	rtc_lwoff_wait
 220              	.LVL2:
 151:C:/Users/49542/Desktop/GD32F30x_Demo_Suites_V2.0.0/GD32F30x_Demo_Suites_V2.0.0/BearPi-IoT_GD32F303_Demo_Suites/Projects/20_RTC_Calendar\gd32f30x_it.c ****             rtc_counter_set(0x0);
 221              		.loc 1 151 0
 222 001c FFF7FEFF 		bl	rtc_counter_get
 223              	.LVL3:
 224 0020 054B     		ldr	r3, .L17+4
 225 0022 9842     		cmp	r0, r3
 226 0024 F1D1     		bne	.L13
 152:C:/Users/49542/Desktop/GD32F30x_Demo_Suites_V2.0.0/GD32F30x_Demo_Suites_V2.0.0/BearPi-IoT_GD32F303_Demo_Suites/Projects/20_RTC_Calendar\gd32f30x_it.c ****             /* wait until last write operation on RTC registers has finished */
 227              		.loc 1 152 0
 228 0026 0020     		movs	r0, #0
 229 0028 FFF7FEFF 		bl	rtc_counter_set
 230              	.LVL4:
 154:C:/Users/49542/Desktop/GD32F30x_Demo_Suites_V2.0.0/GD32F30x_Demo_Suites_V2.0.0/BearPi-IoT_GD32F303_Demo_Suites/Projects/20_RTC_Calendar\gd32f30x_it.c ****         }
 231              		.loc 1 154 0
 232 002c FFF7FEFF 		bl	rtc_lwoff_wait
 233              	.LVL5:
 234              		.loc 1 157 0
 235 0030 EBE7     		b	.L13
 236              	.L18:
 237 0032 00BF     		.align	2
 238              	.L17:
 239 0034 00000000 		.word	timedisplay
 240 0038 80510100 		.word	86400
 241              		.cfi_endproc
 242              	.LFE124:
 244              		.text
 245              	.Letext0:
 246              		.file 2 "c:\\users\\49542\\opensourcetools\\gnu tools arm embedded\\7 2018-q2-update\\arm-none-eab
 247              		.file 3 "c:\\users\\49542\\opensourcetools\\gnu tools arm embedded\\7 2018-q2-update\\arm-none-eab
 248              		.file 4 "C:/Users/49542/Desktop/GD32F30x_Demo_Suites_V2.0.0/GD32F30x_Demo_Suites_V2.0.0/GD32F30x_F
 249              		.file 5 "C:/Users/49542/Desktop/GD32F30x_Demo_Suites_V2.0.0/GD32F30x_Demo_Suites_V2.0.0/GD32F30x_F
 250              		.file 6 "c:\\users\\49542\\opensourcetools\\gnu tools arm embedded\\7 2018-q2-update\\arm-none-eab
 251              		.file 7 "c:\\users\\49542\\opensourcetools\\gnu tools arm embedded\\7 2018-q2-update\\arm-none-eab
 252              		.file 8 "c:\\users\\49542\\opensourcetools\\gnu tools arm embedded\\7 2018-q2-update\\lib\\gcc\\ar
 253              		.file 9 "c:\\users\\49542\\opensourcetools\\gnu tools arm embedded\\7 2018-q2-update\\arm-none-eab
 254              		.file 10 "c:\\users\\49542\\opensourcetools\\gnu tools arm embedded\\7 2018-q2-update\\arm-none-ea
ARM GAS  C:\Users\49542\AppData\Local\Temp\ccfdmRxI.s 			page 8


 255              		.file 11 "C:/Users/49542/Desktop/GD32F30x_Demo_Suites_V2.0.0/GD32F30x_Demo_Suites_V2.0.0/GD32F30x_
 256              		.file 12 "C:/Users/49542/Desktop/GD32F30x_Demo_Suites_V2.0.0/GD32F30x_Demo_Suites_V2.0.0/GD32F30x_
ARM GAS  C:\Users\49542\AppData\Local\Temp\ccfdmRxI.s 			page 9


DEFINED SYMBOLS
                            *ABS*:00000000 gd32f30x_it.c
C:\Users\49542\AppData\Local\Temp\ccfdmRxI.s:18     .text.NMI_Handler:00000000 $t
C:\Users\49542\AppData\Local\Temp\ccfdmRxI.s:25     .text.NMI_Handler:00000000 NMI_Handler
C:\Users\49542\AppData\Local\Temp\ccfdmRxI.s:39     .text.HardFault_Handler:00000000 $t
C:\Users\49542\AppData\Local\Temp\ccfdmRxI.s:46     .text.HardFault_Handler:00000000 HardFault_Handler
C:\Users\49542\AppData\Local\Temp\ccfdmRxI.s:60     .text.MemManage_Handler:00000000 $t
C:\Users\49542\AppData\Local\Temp\ccfdmRxI.s:67     .text.MemManage_Handler:00000000 MemManage_Handler
C:\Users\49542\AppData\Local\Temp\ccfdmRxI.s:81     .text.BusFault_Handler:00000000 $t
C:\Users\49542\AppData\Local\Temp\ccfdmRxI.s:88     .text.BusFault_Handler:00000000 BusFault_Handler
C:\Users\49542\AppData\Local\Temp\ccfdmRxI.s:102    .text.UsageFault_Handler:00000000 $t
C:\Users\49542\AppData\Local\Temp\ccfdmRxI.s:109    .text.UsageFault_Handler:00000000 UsageFault_Handler
C:\Users\49542\AppData\Local\Temp\ccfdmRxI.s:123    .text.SVC_Handler:00000000 $t
C:\Users\49542\AppData\Local\Temp\ccfdmRxI.s:130    .text.SVC_Handler:00000000 SVC_Handler
C:\Users\49542\AppData\Local\Temp\ccfdmRxI.s:143    .text.DebugMon_Handler:00000000 $t
C:\Users\49542\AppData\Local\Temp\ccfdmRxI.s:150    .text.DebugMon_Handler:00000000 DebugMon_Handler
C:\Users\49542\AppData\Local\Temp\ccfdmRxI.s:163    .text.PendSV_Handler:00000000 $t
C:\Users\49542\AppData\Local\Temp\ccfdmRxI.s:170    .text.PendSV_Handler:00000000 PendSV_Handler
C:\Users\49542\AppData\Local\Temp\ccfdmRxI.s:183    .text.RTC_IRQHandler:00000000 $t
C:\Users\49542\AppData\Local\Temp\ccfdmRxI.s:190    .text.RTC_IRQHandler:00000000 RTC_IRQHandler
C:\Users\49542\AppData\Local\Temp\ccfdmRxI.s:239    .text.RTC_IRQHandler:00000034 $d

UNDEFINED SYMBOLS
rtc_flag_get
rtc_flag_clear
rtc_lwoff_wait
rtc_counter_get
rtc_counter_set
timedisplay
