ARM GAS  C:\Users\49542\AppData\Local\Temp\ccfecH4U.s 			page 1


   1              		.cpu cortex-m4
   2              		.eabi_attribute 27, 1
   3              		.eabi_attribute 28, 1
   4              		.eabi_attribute 20, 1
   5              		.eabi_attribute 21, 1
   6              		.eabi_attribute 23, 3
   7              		.eabi_attribute 24, 1
   8              		.eabi_attribute 25, 1
   9              		.eabi_attribute 26, 1
  10              		.eabi_attribute 30, 6
  11              		.eabi_attribute 34, 1
  12              		.eabi_attribute 18, 4
  13              		.file	"gd32f30x_enet.c"
  14              		.text
  15              	.Ltext0:
  16              		.cfi_sections	.debug_frame
  17              	.Letext0:
  18              		.file 1 "c:\\users\\49542\\opensourcetools\\gnu tools arm embedded\\7 2018-q2-update\\arm-none-eab
  19              		.file 2 "c:\\users\\49542\\opensourcetools\\gnu tools arm embedded\\7 2018-q2-update\\arm-none-eab
  20              		.file 3 "C:/Users/49542/Desktop/GD32F30x_Demo_Suites_V2.0.0/GD32F30x_Demo_Suites_V2.0.0/GD32F30x_F
  21              		.file 4 "C:/Users/49542/Desktop/GD32F30x_Demo_Suites_V2.0.0/GD32F30x_Demo_Suites_V2.0.0/GD32F30x_F
  22              		.file 5 "c:\\users\\49542\\opensourcetools\\gnu tools arm embedded\\7 2018-q2-update\\arm-none-eab
  23              		.file 6 "c:\\users\\49542\\opensourcetools\\gnu tools arm embedded\\7 2018-q2-update\\arm-none-eab
  24              		.file 7 "c:\\users\\49542\\opensourcetools\\gnu tools arm embedded\\7 2018-q2-update\\lib\\gcc\\ar
  25              		.file 8 "c:\\users\\49542\\opensourcetools\\gnu tools arm embedded\\7 2018-q2-update\\arm-none-eab
  26              		.file 9 "c:\\users\\49542\\opensourcetools\\gnu tools arm embedded\\7 2018-q2-update\\arm-none-eab
ARM GAS  C:\Users\49542\AppData\Local\Temp\ccfecH4U.s 			page 2


DEFINED SYMBOLS
                            *ABS*:00000000 gd32f30x_enet.c

NO UNDEFINED SYMBOLS
