ARM GAS  C:\Users\49542\AppData\Local\Temp\cckSXeiQ.s 			page 1


   1              		.cpu cortex-m4
   2              		.eabi_attribute 27, 1
   3              		.eabi_attribute 28, 1
   4              		.eabi_attribute 20, 1
   5              		.eabi_attribute 21, 1
   6              		.eabi_attribute 23, 3
   7              		.eabi_attribute 24, 1
   8              		.eabi_attribute 25, 1
   9              		.eabi_attribute 26, 1
  10              		.eabi_attribute 30, 1
  11              		.eabi_attribute 34, 1
  12              		.eabi_attribute 18, 4
  13              		.file	"main.c"
  14              		.text
  15              	.Ltext0:
  16              		.cfi_sections	.debug_frame
  17              		.section	.text.gpio_config,"ax",%progbits
  18              		.align	1
  19              		.global	gpio_config
  20              		.syntax unified
  21              		.thumb
  22              		.thumb_func
  23              		.fpu fpv4-sp-d16
  25              	gpio_config:
  26              	.LFB119:
  27              		.file 1 "C:/Users/49542/Desktop/GD32F30x_Demo_Suites_V2.0.0/GD32F30x_Demo_Suites_V2.0.0/BearPi-IoT
   1:C:/Users/49542/Desktop/GD32F30x_Demo_Suites_V2.0.0/GD32F30x_Demo_Suites_V2.0.0/BearPi-IoT_GD32F303_Demo_Suites/Projects/11_TIMER_Breath_LED\main.c **** /*!
   2:C:/Users/49542/Desktop/GD32F30x_Demo_Suites_V2.0.0/GD32F30x_Demo_Suites_V2.0.0/BearPi-IoT_GD32F303_Demo_Suites/Projects/11_TIMER_Breath_LED\main.c ****     \file  main.c
   3:C:/Users/49542/Desktop/GD32F30x_Demo_Suites_V2.0.0/GD32F30x_Demo_Suites_V2.0.0/BearPi-IoT_GD32F303_Demo_Suites/Projects/11_TIMER_Breath_LED\main.c ****     \brief TIMER Breath LED demo
   4:C:/Users/49542/Desktop/GD32F30x_Demo_Suites_V2.0.0/GD32F30x_Demo_Suites_V2.0.0/BearPi-IoT_GD32F303_Demo_Suites/Projects/11_TIMER_Breath_LED\main.c ****     
   5:C:/Users/49542/Desktop/GD32F30x_Demo_Suites_V2.0.0/GD32F30x_Demo_Suites_V2.0.0/BearPi-IoT_GD32F303_Demo_Suites/Projects/11_TIMER_Breath_LED\main.c ****     \version 2019-10-30, V1.0.0, demo for BearPi-IoT_GD32F30x
   6:C:/Users/49542/Desktop/GD32F30x_Demo_Suites_V2.0.0/GD32F30x_Demo_Suites_V2.0.0/BearPi-IoT_GD32F303_Demo_Suites/Projects/11_TIMER_Breath_LED\main.c **** 
   7:C:/Users/49542/Desktop/GD32F30x_Demo_Suites_V2.0.0/GD32F30x_Demo_Suites_V2.0.0/BearPi-IoT_GD32F303_Demo_Suites/Projects/11_TIMER_Breath_LED\main.c **** */
   8:C:/Users/49542/Desktop/GD32F30x_Demo_Suites_V2.0.0/GD32F30x_Demo_Suites_V2.0.0/BearPi-IoT_GD32F303_Demo_Suites/Projects/11_TIMER_Breath_LED\main.c **** 
   9:C:/Users/49542/Desktop/GD32F30x_Demo_Suites_V2.0.0/GD32F30x_Demo_Suites_V2.0.0/BearPi-IoT_GD32F303_Demo_Suites/Projects/11_TIMER_Breath_LED\main.c **** /*
  10:C:/Users/49542/Desktop/GD32F30x_Demo_Suites_V2.0.0/GD32F30x_Demo_Suites_V2.0.0/BearPi-IoT_GD32F303_Demo_Suites/Projects/11_TIMER_Breath_LED\main.c ****     Copyright (c) 2019, BearPi LIMITED.
  11:C:/Users/49542/Desktop/GD32F30x_Demo_Suites_V2.0.0/GD32F30x_Demo_Suites_V2.0.0/BearPi-IoT_GD32F303_Demo_Suites/Projects/11_TIMER_Breath_LED\main.c **** 
  12:C:/Users/49542/Desktop/GD32F30x_Demo_Suites_V2.0.0/GD32F30x_Demo_Suites_V2.0.0/BearPi-IoT_GD32F303_Demo_Suites/Projects/11_TIMER_Breath_LED\main.c ****     All rights reserved.
  13:C:/Users/49542/Desktop/GD32F30x_Demo_Suites_V2.0.0/GD32F30x_Demo_Suites_V2.0.0/BearPi-IoT_GD32F303_Demo_Suites/Projects/11_TIMER_Breath_LED\main.c **** 
  14:C:/Users/49542/Desktop/GD32F30x_Demo_Suites_V2.0.0/GD32F30x_Demo_Suites_V2.0.0/BearPi-IoT_GD32F303_Demo_Suites/Projects/11_TIMER_Breath_LED\main.c ****     Redistribution and use in source and binary forms, with or without modification, 
  15:C:/Users/49542/Desktop/GD32F30x_Demo_Suites_V2.0.0/GD32F30x_Demo_Suites_V2.0.0/BearPi-IoT_GD32F303_Demo_Suites/Projects/11_TIMER_Breath_LED\main.c **** are permitted provided that the following conditions are met:
  16:C:/Users/49542/Desktop/GD32F30x_Demo_Suites_V2.0.0/GD32F30x_Demo_Suites_V2.0.0/BearPi-IoT_GD32F303_Demo_Suites/Projects/11_TIMER_Breath_LED\main.c **** 
  17:C:/Users/49542/Desktop/GD32F30x_Demo_Suites_V2.0.0/GD32F30x_Demo_Suites_V2.0.0/BearPi-IoT_GD32F303_Demo_Suites/Projects/11_TIMER_Breath_LED\main.c ****     1. Redistributions of source code must retain the above copyright notice, this 
  18:C:/Users/49542/Desktop/GD32F30x_Demo_Suites_V2.0.0/GD32F30x_Demo_Suites_V2.0.0/BearPi-IoT_GD32F303_Demo_Suites/Projects/11_TIMER_Breath_LED\main.c ****        list of conditions and the following disclaimer.
  19:C:/Users/49542/Desktop/GD32F30x_Demo_Suites_V2.0.0/GD32F30x_Demo_Suites_V2.0.0/BearPi-IoT_GD32F303_Demo_Suites/Projects/11_TIMER_Breath_LED\main.c ****     2. Redistributions in binary form must reproduce the above copyright notice, 
  20:C:/Users/49542/Desktop/GD32F30x_Demo_Suites_V2.0.0/GD32F30x_Demo_Suites_V2.0.0/BearPi-IoT_GD32F303_Demo_Suites/Projects/11_TIMER_Breath_LED\main.c ****        this list of conditions and the following disclaimer in the documentation 
  21:C:/Users/49542/Desktop/GD32F30x_Demo_Suites_V2.0.0/GD32F30x_Demo_Suites_V2.0.0/BearPi-IoT_GD32F303_Demo_Suites/Projects/11_TIMER_Breath_LED\main.c ****        and/or other materials provided with the distribution.
  22:C:/Users/49542/Desktop/GD32F30x_Demo_Suites_V2.0.0/GD32F30x_Demo_Suites_V2.0.0/BearPi-IoT_GD32F303_Demo_Suites/Projects/11_TIMER_Breath_LED\main.c ****     3. Neither the name of the copyright holder nor the names of its contributors 
  23:C:/Users/49542/Desktop/GD32F30x_Demo_Suites_V2.0.0/GD32F30x_Demo_Suites_V2.0.0/BearPi-IoT_GD32F303_Demo_Suites/Projects/11_TIMER_Breath_LED\main.c ****        may be used to endorse or promote products derived from this software without 
  24:C:/Users/49542/Desktop/GD32F30x_Demo_Suites_V2.0.0/GD32F30x_Demo_Suites_V2.0.0/BearPi-IoT_GD32F303_Demo_Suites/Projects/11_TIMER_Breath_LED\main.c ****        specific prior written permission.
  25:C:/Users/49542/Desktop/GD32F30x_Demo_Suites_V2.0.0/GD32F30x_Demo_Suites_V2.0.0/BearPi-IoT_GD32F303_Demo_Suites/Projects/11_TIMER_Breath_LED\main.c **** 
  26:C:/Users/49542/Desktop/GD32F30x_Demo_Suites_V2.0.0/GD32F30x_Demo_Suites_V2.0.0/BearPi-IoT_GD32F303_Demo_Suites/Projects/11_TIMER_Breath_LED\main.c ****     THIS SOFTWARE IS PROVIDED BY THE COPYRIGHT HOLDERS AND CONTRIBUTORS "AS IS" 
  27:C:/Users/49542/Desktop/GD32F30x_Demo_Suites_V2.0.0/GD32F30x_Demo_Suites_V2.0.0/BearPi-IoT_GD32F303_Demo_Suites/Projects/11_TIMER_Breath_LED\main.c **** AND ANY EXPRESS OR IMPLIED WARRANTIES, INCLUDING, BUT NOT LIMITED TO, THE IMPLIED 
  28:C:/Users/49542/Desktop/GD32F30x_Demo_Suites_V2.0.0/GD32F30x_Demo_Suites_V2.0.0/BearPi-IoT_GD32F303_Demo_Suites/Projects/11_TIMER_Breath_LED\main.c **** WARRANTIES OF MERCHANTABILITY AND FITNESS FOR A PARTICULAR PURPOSE ARE DISCLAIMED. 
  29:C:/Users/49542/Desktop/GD32F30x_Demo_Suites_V2.0.0/GD32F30x_Demo_Suites_V2.0.0/BearPi-IoT_GD32F303_Demo_Suites/Projects/11_TIMER_Breath_LED\main.c **** IN NO EVENT SHALL THE COPYRIGHT HOLDER OR CONTRIBUTORS BE LIABLE FOR ANY DIRECT, 
  30:C:/Users/49542/Desktop/GD32F30x_Demo_Suites_V2.0.0/GD32F30x_Demo_Suites_V2.0.0/BearPi-IoT_GD32F303_Demo_Suites/Projects/11_TIMER_Breath_LED\main.c **** INDIRECT, INCIDENTAL, SPECIAL, EXEMPLARY, OR CONSEQUENTIAL DAMAGES (INCLUDING, BUT 
  31:C:/Users/49542/Desktop/GD32F30x_Demo_Suites_V2.0.0/GD32F30x_Demo_Suites_V2.0.0/BearPi-IoT_GD32F303_Demo_Suites/Projects/11_TIMER_Breath_LED\main.c **** NOT LIMITED TO, PROCUREMENT OF SUBSTITUTE GOODS OR SERVICES; LOSS OF USE, DATA, OR 
ARM GAS  C:\Users\49542\AppData\Local\Temp\cckSXeiQ.s 			page 2


  32:C:/Users/49542/Desktop/GD32F30x_Demo_Suites_V2.0.0/GD32F30x_Demo_Suites_V2.0.0/BearPi-IoT_GD32F303_Demo_Suites/Projects/11_TIMER_Breath_LED\main.c **** PROFITS; OR BUSINESS INTERRUPTION) HOWEVER CAUSED AND ON ANY THEORY OF LIABILITY, 
  33:C:/Users/49542/Desktop/GD32F30x_Demo_Suites_V2.0.0/GD32F30x_Demo_Suites_V2.0.0/BearPi-IoT_GD32F303_Demo_Suites/Projects/11_TIMER_Breath_LED\main.c **** WHETHER IN CONTRACT, STRICT LIABILITY, OR TORT (INCLUDING NEGLIGENCE OR OTHERWISE) 
  34:C:/Users/49542/Desktop/GD32F30x_Demo_Suites_V2.0.0/GD32F30x_Demo_Suites_V2.0.0/BearPi-IoT_GD32F303_Demo_Suites/Projects/11_TIMER_Breath_LED\main.c **** ARISING IN ANY WAY OUT OF THE USE OF THIS SOFTWARE, EVEN IF ADVISED OF THE POSSIBILITY 
  35:C:/Users/49542/Desktop/GD32F30x_Demo_Suites_V2.0.0/GD32F30x_Demo_Suites_V2.0.0/BearPi-IoT_GD32F303_Demo_Suites/Projects/11_TIMER_Breath_LED\main.c **** OF SUCH DAMAGE.
  36:C:/Users/49542/Desktop/GD32F30x_Demo_Suites_V2.0.0/GD32F30x_Demo_Suites_V2.0.0/BearPi-IoT_GD32F303_Demo_Suites/Projects/11_TIMER_Breath_LED\main.c **** */
  37:C:/Users/49542/Desktop/GD32F30x_Demo_Suites_V2.0.0/GD32F30x_Demo_Suites_V2.0.0/BearPi-IoT_GD32F303_Demo_Suites/Projects/11_TIMER_Breath_LED\main.c **** 
  38:C:/Users/49542/Desktop/GD32F30x_Demo_Suites_V2.0.0/GD32F30x_Demo_Suites_V2.0.0/BearPi-IoT_GD32F303_Demo_Suites/Projects/11_TIMER_Breath_LED\main.c **** #include "gd32f30x.h"
  39:C:/Users/49542/Desktop/GD32F30x_Demo_Suites_V2.0.0/GD32F30x_Demo_Suites_V2.0.0/BearPi-IoT_GD32F303_Demo_Suites/Projects/11_TIMER_Breath_LED\main.c **** #include "BearPi-IoT_gd32f303.h"
  40:C:/Users/49542/Desktop/GD32F30x_Demo_Suites_V2.0.0/GD32F30x_Demo_Suites_V2.0.0/BearPi-IoT_GD32F303_Demo_Suites/Projects/11_TIMER_Breath_LED\main.c **** #include <stdio.h>
  41:C:/Users/49542/Desktop/GD32F30x_Demo_Suites_V2.0.0/GD32F30x_Demo_Suites_V2.0.0/BearPi-IoT_GD32F303_Demo_Suites/Projects/11_TIMER_Breath_LED\main.c **** #include "systick.h"
  42:C:/Users/49542/Desktop/GD32F30x_Demo_Suites_V2.0.0/GD32F30x_Demo_Suites_V2.0.0/BearPi-IoT_GD32F303_Demo_Suites/Projects/11_TIMER_Breath_LED\main.c **** 
  43:C:/Users/49542/Desktop/GD32F30x_Demo_Suites_V2.0.0/GD32F30x_Demo_Suites_V2.0.0/BearPi-IoT_GD32F303_Demo_Suites/Projects/11_TIMER_Breath_LED\main.c **** void gpio_config(void);
  44:C:/Users/49542/Desktop/GD32F30x_Demo_Suites_V2.0.0/GD32F30x_Demo_Suites_V2.0.0/BearPi-IoT_GD32F303_Demo_Suites/Projects/11_TIMER_Breath_LED\main.c **** void timer_config(void);
  45:C:/Users/49542/Desktop/GD32F30x_Demo_Suites_V2.0.0/GD32F30x_Demo_Suites_V2.0.0/BearPi-IoT_GD32F303_Demo_Suites/Projects/11_TIMER_Breath_LED\main.c **** 
  46:C:/Users/49542/Desktop/GD32F30x_Demo_Suites_V2.0.0/GD32F30x_Demo_Suites_V2.0.0/BearPi-IoT_GD32F303_Demo_Suites/Projects/11_TIMER_Breath_LED\main.c **** /**
  47:C:/Users/49542/Desktop/GD32F30x_Demo_Suites_V2.0.0/GD32F30x_Demo_Suites_V2.0.0/BearPi-IoT_GD32F303_Demo_Suites/Projects/11_TIMER_Breath_LED\main.c ****     \brief      configure the GPIO ports
  48:C:/Users/49542/Desktop/GD32F30x_Demo_Suites_V2.0.0/GD32F30x_Demo_Suites_V2.0.0/BearPi-IoT_GD32F303_Demo_Suites/Projects/11_TIMER_Breath_LED\main.c ****     \param[in]  none
  49:C:/Users/49542/Desktop/GD32F30x_Demo_Suites_V2.0.0/GD32F30x_Demo_Suites_V2.0.0/BearPi-IoT_GD32F303_Demo_Suites/Projects/11_TIMER_Breath_LED\main.c ****     \param[out] none
  50:C:/Users/49542/Desktop/GD32F30x_Demo_Suites_V2.0.0/GD32F30x_Demo_Suites_V2.0.0/BearPi-IoT_GD32F303_Demo_Suites/Projects/11_TIMER_Breath_LED\main.c ****     \retval     none
  51:C:/Users/49542/Desktop/GD32F30x_Demo_Suites_V2.0.0/GD32F30x_Demo_Suites_V2.0.0/BearPi-IoT_GD32F303_Demo_Suites/Projects/11_TIMER_Breath_LED\main.c ****   */
  52:C:/Users/49542/Desktop/GD32F30x_Demo_Suites_V2.0.0/GD32F30x_Demo_Suites_V2.0.0/BearPi-IoT_GD32F303_Demo_Suites/Projects/11_TIMER_Breath_LED\main.c **** void gpio_config(void)
  53:C:/Users/49542/Desktop/GD32F30x_Demo_Suites_V2.0.0/GD32F30x_Demo_Suites_V2.0.0/BearPi-IoT_GD32F303_Demo_Suites/Projects/11_TIMER_Breath_LED\main.c **** {
  28              		.loc 1 53 0
  29              		.cfi_startproc
  30              		@ args = 0, pretend = 0, frame = 0
  31              		@ frame_needed = 0, uses_anonymous_args = 0
  32 0000 08B5     		push	{r3, lr}
  33              	.LCFI0:
  34              		.cfi_def_cfa_offset 8
  35              		.cfi_offset 3, -8
  36              		.cfi_offset 14, -4
  54:C:/Users/49542/Desktop/GD32F30x_Demo_Suites_V2.0.0/GD32F30x_Demo_Suites_V2.0.0/BearPi-IoT_GD32F303_Demo_Suites/Projects/11_TIMER_Breath_LED\main.c ****     rcu_periph_clock_enable(RCU_GPIOB);
  37              		.loc 1 54 0
  38 0002 40F20360 		movw	r0, #1539
  39 0006 FFF7FEFF 		bl	rcu_periph_clock_enable
  40              	.LVL0:
  55:C:/Users/49542/Desktop/GD32F30x_Demo_Suites_V2.0.0/GD32F30x_Demo_Suites_V2.0.0/BearPi-IoT_GD32F303_Demo_Suites/Projects/11_TIMER_Breath_LED\main.c ****     
  56:C:/Users/49542/Desktop/GD32F30x_Demo_Suites_V2.0.0/GD32F30x_Demo_Suites_V2.0.0/BearPi-IoT_GD32F303_Demo_Suites/Projects/11_TIMER_Breath_LED\main.c ****     /*Configure PB0(TIMER2_CH2) as alternate function*/
  57:C:/Users/49542/Desktop/GD32F30x_Demo_Suites_V2.0.0/GD32F30x_Demo_Suites_V2.0.0/BearPi-IoT_GD32F303_Demo_Suites/Projects/11_TIMER_Breath_LED\main.c ****     gpio_init(GPIOB, GPIO_MODE_AF_PP, GPIO_OSPEED_50MHZ, GPIO_PIN_0);
  41              		.loc 1 57 0
  42 000a 0123     		movs	r3, #1
  43 000c 0322     		movs	r2, #3
  44 000e 1821     		movs	r1, #24
  45 0010 0148     		ldr	r0, .L3
  46 0012 FFF7FEFF 		bl	gpio_init
  47              	.LVL1:
  58:C:/Users/49542/Desktop/GD32F30x_Demo_Suites_V2.0.0/GD32F30x_Demo_Suites_V2.0.0/BearPi-IoT_GD32F303_Demo_Suites/Projects/11_TIMER_Breath_LED\main.c **** }
  48              		.loc 1 58 0
  49 0016 08BD     		pop	{r3, pc}
  50              	.L4:
  51              		.align	2
  52              	.L3:
  53 0018 000C0140 		.word	1073810432
  54              		.cfi_endproc
  55              	.LFE119:
  57              		.section	.text.timer_config,"ax",%progbits
  58              		.align	1
ARM GAS  C:\Users\49542\AppData\Local\Temp\cckSXeiQ.s 			page 3


  59              		.global	timer_config
  60              		.syntax unified
  61              		.thumb
  62              		.thumb_func
  63              		.fpu fpv4-sp-d16
  65              	timer_config:
  66              	.LFB120:
  59:C:/Users/49542/Desktop/GD32F30x_Demo_Suites_V2.0.0/GD32F30x_Demo_Suites_V2.0.0/BearPi-IoT_GD32F303_Demo_Suites/Projects/11_TIMER_Breath_LED\main.c **** 
  60:C:/Users/49542/Desktop/GD32F30x_Demo_Suites_V2.0.0/GD32F30x_Demo_Suites_V2.0.0/BearPi-IoT_GD32F303_Demo_Suites/Projects/11_TIMER_Breath_LED\main.c **** /**
  61:C:/Users/49542/Desktop/GD32F30x_Demo_Suites_V2.0.0/GD32F30x_Demo_Suites_V2.0.0/BearPi-IoT_GD32F303_Demo_Suites/Projects/11_TIMER_Breath_LED\main.c ****     \brief      configure the TIMER peripheral
  62:C:/Users/49542/Desktop/GD32F30x_Demo_Suites_V2.0.0/GD32F30x_Demo_Suites_V2.0.0/BearPi-IoT_GD32F303_Demo_Suites/Projects/11_TIMER_Breath_LED\main.c ****     \param[in]  none
  63:C:/Users/49542/Desktop/GD32F30x_Demo_Suites_V2.0.0/GD32F30x_Demo_Suites_V2.0.0/BearPi-IoT_GD32F303_Demo_Suites/Projects/11_TIMER_Breath_LED\main.c ****     \param[out] none
  64:C:/Users/49542/Desktop/GD32F30x_Demo_Suites_V2.0.0/GD32F30x_Demo_Suites_V2.0.0/BearPi-IoT_GD32F303_Demo_Suites/Projects/11_TIMER_Breath_LED\main.c ****     \retval     none
  65:C:/Users/49542/Desktop/GD32F30x_Demo_Suites_V2.0.0/GD32F30x_Demo_Suites_V2.0.0/BearPi-IoT_GD32F303_Demo_Suites/Projects/11_TIMER_Breath_LED\main.c ****   */
  66:C:/Users/49542/Desktop/GD32F30x_Demo_Suites_V2.0.0/GD32F30x_Demo_Suites_V2.0.0/BearPi-IoT_GD32F303_Demo_Suites/Projects/11_TIMER_Breath_LED\main.c **** void timer_config(void)
  67:C:/Users/49542/Desktop/GD32F30x_Demo_Suites_V2.0.0/GD32F30x_Demo_Suites_V2.0.0/BearPi-IoT_GD32F303_Demo_Suites/Projects/11_TIMER_Breath_LED\main.c **** {
  67              		.loc 1 67 0
  68              		.cfi_startproc
  69              		@ args = 0, pretend = 0, frame = 32
  70              		@ frame_needed = 0, uses_anonymous_args = 0
  71 0000 70B5     		push	{r4, r5, r6, lr}
  72              	.LCFI1:
  73              		.cfi_def_cfa_offset 16
  74              		.cfi_offset 4, -16
  75              		.cfi_offset 5, -12
  76              		.cfi_offset 6, -8
  77              		.cfi_offset 14, -4
  78 0002 88B0     		sub	sp, sp, #32
  79              	.LCFI2:
  80              		.cfi_def_cfa_offset 48
  68:C:/Users/49542/Desktop/GD32F30x_Demo_Suites_V2.0.0/GD32F30x_Demo_Suites_V2.0.0/BearPi-IoT_GD32F303_Demo_Suites/Projects/11_TIMER_Breath_LED\main.c ****     /* TIMER2 configuration: generate PWM signals with different duty cycles:
  69:C:/Users/49542/Desktop/GD32F30x_Demo_Suites_V2.0.0/GD32F30x_Demo_Suites_V2.0.0/BearPi-IoT_GD32F303_Demo_Suites/Projects/11_TIMER_Breath_LED\main.c ****        TIMER2CLK = SystemCoreClock / 120 = 1MHz */
  70:C:/Users/49542/Desktop/GD32F30x_Demo_Suites_V2.0.0/GD32F30x_Demo_Suites_V2.0.0/BearPi-IoT_GD32F303_Demo_Suites/Projects/11_TIMER_Breath_LED\main.c ****     timer_oc_parameter_struct timer_ocintpara;
  71:C:/Users/49542/Desktop/GD32F30x_Demo_Suites_V2.0.0/GD32F30x_Demo_Suites_V2.0.0/BearPi-IoT_GD32F303_Demo_Suites/Projects/11_TIMER_Breath_LED\main.c ****     timer_parameter_struct timer_initpara;
  72:C:/Users/49542/Desktop/GD32F30x_Demo_Suites_V2.0.0/GD32F30x_Demo_Suites_V2.0.0/BearPi-IoT_GD32F303_Demo_Suites/Projects/11_TIMER_Breath_LED\main.c **** 
  73:C:/Users/49542/Desktop/GD32F30x_Demo_Suites_V2.0.0/GD32F30x_Demo_Suites_V2.0.0/BearPi-IoT_GD32F303_Demo_Suites/Projects/11_TIMER_Breath_LED\main.c ****     rcu_periph_clock_enable(RCU_TIMER2);
  81              		.loc 1 73 0
  82 0004 40F20170 		movw	r0, #1793
  83 0008 FFF7FEFF 		bl	rcu_periph_clock_enable
  84              	.LVL2:
  74:C:/Users/49542/Desktop/GD32F30x_Demo_Suites_V2.0.0/GD32F30x_Demo_Suites_V2.0.0/BearPi-IoT_GD32F303_Demo_Suites/Projects/11_TIMER_Breath_LED\main.c ****     timer_deinit(TIMER2);
  85              		.loc 1 74 0
  86 000c 214D     		ldr	r5, .L7
  87 000e 2846     		mov	r0, r5
  88 0010 FFF7FEFF 		bl	timer_deinit
  89              	.LVL3:
  75:C:/Users/49542/Desktop/GD32F30x_Demo_Suites_V2.0.0/GD32F30x_Demo_Suites_V2.0.0/BearPi-IoT_GD32F303_Demo_Suites/Projects/11_TIMER_Breath_LED\main.c **** 
  76:C:/Users/49542/Desktop/GD32F30x_Demo_Suites_V2.0.0/GD32F30x_Demo_Suites_V2.0.0/BearPi-IoT_GD32F303_Demo_Suites/Projects/11_TIMER_Breath_LED\main.c ****     /* TIMER2 configuration */
  77:C:/Users/49542/Desktop/GD32F30x_Demo_Suites_V2.0.0/GD32F30x_Demo_Suites_V2.0.0/BearPi-IoT_GD32F303_Demo_Suites/Projects/11_TIMER_Breath_LED\main.c ****     timer_initpara.prescaler         = 119;
  90              		.loc 1 77 0
  91 0014 7723     		movs	r3, #119
  92 0016 ADF80430 		strh	r3, [sp, #4]	@ movhi
  78:C:/Users/49542/Desktop/GD32F30x_Demo_Suites_V2.0.0/GD32F30x_Demo_Suites_V2.0.0/BearPi-IoT_GD32F303_Demo_Suites/Projects/11_TIMER_Breath_LED\main.c ****     timer_initpara.alignedmode       = TIMER_COUNTER_EDGE;
  93              		.loc 1 78 0
  94 001a 0024     		movs	r4, #0
  95 001c ADF80640 		strh	r4, [sp, #6]	@ movhi
  79:C:/Users/49542/Desktop/GD32F30x_Demo_Suites_V2.0.0/GD32F30x_Demo_Suites_V2.0.0/BearPi-IoT_GD32F303_Demo_Suites/Projects/11_TIMER_Breath_LED\main.c ****     timer_initpara.counterdirection  = TIMER_COUNTER_UP;
ARM GAS  C:\Users\49542\AppData\Local\Temp\cckSXeiQ.s 			page 4


  96              		.loc 1 79 0
  97 0020 ADF80840 		strh	r4, [sp, #8]	@ movhi
  80:C:/Users/49542/Desktop/GD32F30x_Demo_Suites_V2.0.0/GD32F30x_Demo_Suites_V2.0.0/BearPi-IoT_GD32F303_Demo_Suites/Projects/11_TIMER_Breath_LED\main.c ****     timer_initpara.period            = 500;
  98              		.loc 1 80 0
  99 0024 4FF4FA73 		mov	r3, #500
 100 0028 0393     		str	r3, [sp, #12]
  81:C:/Users/49542/Desktop/GD32F30x_Demo_Suites_V2.0.0/GD32F30x_Demo_Suites_V2.0.0/BearPi-IoT_GD32F303_Demo_Suites/Projects/11_TIMER_Breath_LED\main.c ****     timer_initpara.clockdivision     = TIMER_CKDIV_DIV1;
 101              		.loc 1 81 0
 102 002a ADF80A40 		strh	r4, [sp, #10]	@ movhi
  82:C:/Users/49542/Desktop/GD32F30x_Demo_Suites_V2.0.0/GD32F30x_Demo_Suites_V2.0.0/BearPi-IoT_GD32F303_Demo_Suites/Projects/11_TIMER_Breath_LED\main.c ****     timer_initpara.repetitioncounter = 0;
 103              		.loc 1 82 0
 104 002e 8DF81040 		strb	r4, [sp, #16]
  83:C:/Users/49542/Desktop/GD32F30x_Demo_Suites_V2.0.0/GD32F30x_Demo_Suites_V2.0.0/BearPi-IoT_GD32F303_Demo_Suites/Projects/11_TIMER_Breath_LED\main.c ****     timer_init(TIMER2,&timer_initpara);
 105              		.loc 1 83 0
 106 0032 01A9     		add	r1, sp, #4
 107 0034 2846     		mov	r0, r5
 108 0036 FFF7FEFF 		bl	timer_init
 109              	.LVL4:
  84:C:/Users/49542/Desktop/GD32F30x_Demo_Suites_V2.0.0/GD32F30x_Demo_Suites_V2.0.0/BearPi-IoT_GD32F303_Demo_Suites/Projects/11_TIMER_Breath_LED\main.c **** 
  85:C:/Users/49542/Desktop/GD32F30x_Demo_Suites_V2.0.0/GD32F30x_Demo_Suites_V2.0.0/BearPi-IoT_GD32F303_Demo_Suites/Projects/11_TIMER_Breath_LED\main.c ****      /* CH0 configuration in PWM mode */
  86:C:/Users/49542/Desktop/GD32F30x_Demo_Suites_V2.0.0/GD32F30x_Demo_Suites_V2.0.0/BearPi-IoT_GD32F303_Demo_Suites/Projects/11_TIMER_Breath_LED\main.c ****     timer_ocintpara.outputstate  = TIMER_CCX_ENABLE;
 110              		.loc 1 86 0
 111 003a 0126     		movs	r6, #1
 112 003c ADF81460 		strh	r6, [sp, #20]	@ movhi
  87:C:/Users/49542/Desktop/GD32F30x_Demo_Suites_V2.0.0/GD32F30x_Demo_Suites_V2.0.0/BearPi-IoT_GD32F303_Demo_Suites/Projects/11_TIMER_Breath_LED\main.c ****     timer_ocintpara.outputnstate = TIMER_CCXN_DISABLE;
 113              		.loc 1 87 0
 114 0040 ADF81640 		strh	r4, [sp, #22]	@ movhi
  88:C:/Users/49542/Desktop/GD32F30x_Demo_Suites_V2.0.0/GD32F30x_Demo_Suites_V2.0.0/BearPi-IoT_GD32F303_Demo_Suites/Projects/11_TIMER_Breath_LED\main.c ****     timer_ocintpara.ocpolarity   = TIMER_OC_POLARITY_HIGH;
 115              		.loc 1 88 0
 116 0044 ADF81840 		strh	r4, [sp, #24]	@ movhi
  89:C:/Users/49542/Desktop/GD32F30x_Demo_Suites_V2.0.0/GD32F30x_Demo_Suites_V2.0.0/BearPi-IoT_GD32F303_Demo_Suites/Projects/11_TIMER_Breath_LED\main.c ****     timer_ocintpara.ocnpolarity  = TIMER_OCN_POLARITY_HIGH;
 117              		.loc 1 89 0
 118 0048 ADF81A40 		strh	r4, [sp, #26]	@ movhi
  90:C:/Users/49542/Desktop/GD32F30x_Demo_Suites_V2.0.0/GD32F30x_Demo_Suites_V2.0.0/BearPi-IoT_GD32F303_Demo_Suites/Projects/11_TIMER_Breath_LED\main.c ****     timer_ocintpara.ocidlestate  = TIMER_OC_IDLE_STATE_LOW;
 119              		.loc 1 90 0
 120 004c ADF81C40 		strh	r4, [sp, #28]	@ movhi
  91:C:/Users/49542/Desktop/GD32F30x_Demo_Suites_V2.0.0/GD32F30x_Demo_Suites_V2.0.0/BearPi-IoT_GD32F303_Demo_Suites/Projects/11_TIMER_Breath_LED\main.c ****     timer_ocintpara.ocnidlestate = TIMER_OCN_IDLE_STATE_LOW;
 121              		.loc 1 91 0
 122 0050 ADF81E40 		strh	r4, [sp, #30]	@ movhi
  92:C:/Users/49542/Desktop/GD32F30x_Demo_Suites_V2.0.0/GD32F30x_Demo_Suites_V2.0.0/BearPi-IoT_GD32F303_Demo_Suites/Projects/11_TIMER_Breath_LED\main.c ****     timer_channel_output_config(TIMER2,TIMER_CH_2,&timer_ocintpara);
 123              		.loc 1 92 0
 124 0054 05AA     		add	r2, sp, #20
 125 0056 0221     		movs	r1, #2
 126 0058 2846     		mov	r0, r5
 127 005a FFF7FEFF 		bl	timer_channel_output_config
 128              	.LVL5:
  93:C:/Users/49542/Desktop/GD32F30x_Demo_Suites_V2.0.0/GD32F30x_Demo_Suites_V2.0.0/BearPi-IoT_GD32F303_Demo_Suites/Projects/11_TIMER_Breath_LED\main.c **** 
  94:C:/Users/49542/Desktop/GD32F30x_Demo_Suites_V2.0.0/GD32F30x_Demo_Suites_V2.0.0/BearPi-IoT_GD32F303_Demo_Suites/Projects/11_TIMER_Breath_LED\main.c ****     timer_channel_output_pulse_value_config(TIMER2,TIMER_CH_2,250);
 129              		.loc 1 94 0
 130 005e FA22     		movs	r2, #250
 131 0060 0221     		movs	r1, #2
 132 0062 2846     		mov	r0, r5
 133 0064 FFF7FEFF 		bl	timer_channel_output_pulse_value_config
 134              	.LVL6:
  95:C:/Users/49542/Desktop/GD32F30x_Demo_Suites_V2.0.0/GD32F30x_Demo_Suites_V2.0.0/BearPi-IoT_GD32F303_Demo_Suites/Projects/11_TIMER_Breath_LED\main.c ****     timer_channel_output_mode_config(TIMER2,TIMER_CH_2,TIMER_OC_MODE_PWM0);
 135              		.loc 1 95 0
 136 0068 6022     		movs	r2, #96
ARM GAS  C:\Users\49542\AppData\Local\Temp\cckSXeiQ.s 			page 5


 137 006a 0221     		movs	r1, #2
 138 006c 2846     		mov	r0, r5
 139 006e FFF7FEFF 		bl	timer_channel_output_mode_config
 140              	.LVL7:
  96:C:/Users/49542/Desktop/GD32F30x_Demo_Suites_V2.0.0/GD32F30x_Demo_Suites_V2.0.0/BearPi-IoT_GD32F303_Demo_Suites/Projects/11_TIMER_Breath_LED\main.c ****     timer_channel_output_shadow_config(TIMER2,TIMER_CH_2,TIMER_OC_SHADOW_DISABLE);
 141              		.loc 1 96 0
 142 0072 2246     		mov	r2, r4
 143 0074 0221     		movs	r1, #2
 144 0076 2846     		mov	r0, r5
 145 0078 FFF7FEFF 		bl	timer_channel_output_shadow_config
 146              	.LVL8:
  97:C:/Users/49542/Desktop/GD32F30x_Demo_Suites_V2.0.0/GD32F30x_Demo_Suites_V2.0.0/BearPi-IoT_GD32F303_Demo_Suites/Projects/11_TIMER_Breath_LED\main.c **** 
  98:C:/Users/49542/Desktop/GD32F30x_Demo_Suites_V2.0.0/GD32F30x_Demo_Suites_V2.0.0/BearPi-IoT_GD32F303_Demo_Suites/Projects/11_TIMER_Breath_LED\main.c ****     timer_primary_output_config(TIMER2,ENABLE);
 147              		.loc 1 98 0
 148 007c 3146     		mov	r1, r6
 149 007e 2846     		mov	r0, r5
 150 0080 FFF7FEFF 		bl	timer_primary_output_config
 151              	.LVL9:
  99:C:/Users/49542/Desktop/GD32F30x_Demo_Suites_V2.0.0/GD32F30x_Demo_Suites_V2.0.0/BearPi-IoT_GD32F303_Demo_Suites/Projects/11_TIMER_Breath_LED\main.c ****     /* auto-reload preload enable */
 100:C:/Users/49542/Desktop/GD32F30x_Demo_Suites_V2.0.0/GD32F30x_Demo_Suites_V2.0.0/BearPi-IoT_GD32F303_Demo_Suites/Projects/11_TIMER_Breath_LED\main.c ****     timer_auto_reload_shadow_enable(TIMER2);
 152              		.loc 1 100 0
 153 0084 2846     		mov	r0, r5
 154 0086 FFF7FEFF 		bl	timer_auto_reload_shadow_enable
 155              	.LVL10:
 101:C:/Users/49542/Desktop/GD32F30x_Demo_Suites_V2.0.0/GD32F30x_Demo_Suites_V2.0.0/BearPi-IoT_GD32F303_Demo_Suites/Projects/11_TIMER_Breath_LED\main.c ****     timer_enable(TIMER2);
 156              		.loc 1 101 0
 157 008a 2846     		mov	r0, r5
 158 008c FFF7FEFF 		bl	timer_enable
 159              	.LVL11:
 102:C:/Users/49542/Desktop/GD32F30x_Demo_Suites_V2.0.0/GD32F30x_Demo_Suites_V2.0.0/BearPi-IoT_GD32F303_Demo_Suites/Projects/11_TIMER_Breath_LED\main.c **** }
 160              		.loc 1 102 0
 161 0090 08B0     		add	sp, sp, #32
 162              	.LCFI3:
 163              		.cfi_def_cfa_offset 16
 164              		@ sp needed
 165 0092 70BD     		pop	{r4, r5, r6, pc}
 166              	.L8:
 167              		.align	2
 168              	.L7:
 169 0094 00040040 		.word	1073742848
 170              		.cfi_endproc
 171              	.LFE120:
 173              		.section	.text.main,"ax",%progbits
 174              		.align	1
 175              		.global	main
 176              		.syntax unified
 177              		.thumb
 178              		.thumb_func
 179              		.fpu fpv4-sp-d16
 181              	main:
 182              	.LFB121:
 103:C:/Users/49542/Desktop/GD32F30x_Demo_Suites_V2.0.0/GD32F30x_Demo_Suites_V2.0.0/BearPi-IoT_GD32F303_Demo_Suites/Projects/11_TIMER_Breath_LED\main.c **** 
 104:C:/Users/49542/Desktop/GD32F30x_Demo_Suites_V2.0.0/GD32F30x_Demo_Suites_V2.0.0/BearPi-IoT_GD32F303_Demo_Suites/Projects/11_TIMER_Breath_LED\main.c **** /*!
 105:C:/Users/49542/Desktop/GD32F30x_Demo_Suites_V2.0.0/GD32F30x_Demo_Suites_V2.0.0/BearPi-IoT_GD32F303_Demo_Suites/Projects/11_TIMER_Breath_LED\main.c ****     \brief      main function
 106:C:/Users/49542/Desktop/GD32F30x_Demo_Suites_V2.0.0/GD32F30x_Demo_Suites_V2.0.0/BearPi-IoT_GD32F303_Demo_Suites/Projects/11_TIMER_Breath_LED\main.c ****     \param[in]  none
 107:C:/Users/49542/Desktop/GD32F30x_Demo_Suites_V2.0.0/GD32F30x_Demo_Suites_V2.0.0/BearPi-IoT_GD32F303_Demo_Suites/Projects/11_TIMER_Breath_LED\main.c ****     \param[out] none
 108:C:/Users/49542/Desktop/GD32F30x_Demo_Suites_V2.0.0/GD32F30x_Demo_Suites_V2.0.0/BearPi-IoT_GD32F303_Demo_Suites/Projects/11_TIMER_Breath_LED\main.c ****     \retval     none
ARM GAS  C:\Users\49542\AppData\Local\Temp\cckSXeiQ.s 			page 6


 109:C:/Users/49542/Desktop/GD32F30x_Demo_Suites_V2.0.0/GD32F30x_Demo_Suites_V2.0.0/BearPi-IoT_GD32F303_Demo_Suites/Projects/11_TIMER_Breath_LED\main.c **** */
 110:C:/Users/49542/Desktop/GD32F30x_Demo_Suites_V2.0.0/GD32F30x_Demo_Suites_V2.0.0/BearPi-IoT_GD32F303_Demo_Suites/Projects/11_TIMER_Breath_LED\main.c **** int main(void)
 111:C:/Users/49542/Desktop/GD32F30x_Demo_Suites_V2.0.0/GD32F30x_Demo_Suites_V2.0.0/BearPi-IoT_GD32F303_Demo_Suites/Projects/11_TIMER_Breath_LED\main.c **** {
 183              		.loc 1 111 0
 184              		.cfi_startproc
 185              		@ args = 0, pretend = 0, frame = 0
 186              		@ frame_needed = 0, uses_anonymous_args = 0
 187 0000 38B5     		push	{r3, r4, r5, lr}
 188              	.LCFI4:
 189              		.cfi_def_cfa_offset 16
 190              		.cfi_offset 3, -16
 191              		.cfi_offset 4, -12
 192              		.cfi_offset 5, -8
 193              		.cfi_offset 14, -4
 194              	.LVL12:
 112:C:/Users/49542/Desktop/GD32F30x_Demo_Suites_V2.0.0/GD32F30x_Demo_Suites_V2.0.0/BearPi-IoT_GD32F303_Demo_Suites/Projects/11_TIMER_Breath_LED\main.c ****     int16_t i = 0;
 113:C:/Users/49542/Desktop/GD32F30x_Demo_Suites_V2.0.0/GD32F30x_Demo_Suites_V2.0.0/BearPi-IoT_GD32F303_Demo_Suites/Projects/11_TIMER_Breath_LED\main.c ****     FlagStatus breathe_flag = SET;
 114:C:/Users/49542/Desktop/GD32F30x_Demo_Suites_V2.0.0/GD32F30x_Demo_Suites_V2.0.0/BearPi-IoT_GD32F303_Demo_Suites/Projects/11_TIMER_Breath_LED\main.c ****     
 115:C:/Users/49542/Desktop/GD32F30x_Demo_Suites_V2.0.0/GD32F30x_Demo_Suites_V2.0.0/BearPi-IoT_GD32F303_Demo_Suites/Projects/11_TIMER_Breath_LED\main.c ****     /* configure the GPIO ports */
 116:C:/Users/49542/Desktop/GD32F30x_Demo_Suites_V2.0.0/GD32F30x_Demo_Suites_V2.0.0/BearPi-IoT_GD32F303_Demo_Suites/Projects/11_TIMER_Breath_LED\main.c ****     gpio_config();
 195              		.loc 1 116 0
 196 0002 FFF7FEFF 		bl	gpio_config
 197              	.LVL13:
 117:C:/Users/49542/Desktop/GD32F30x_Demo_Suites_V2.0.0/GD32F30x_Demo_Suites_V2.0.0/BearPi-IoT_GD32F303_Demo_Suites/Projects/11_TIMER_Breath_LED\main.c ****     
 118:C:/Users/49542/Desktop/GD32F30x_Demo_Suites_V2.0.0/GD32F30x_Demo_Suites_V2.0.0/BearPi-IoT_GD32F303_Demo_Suites/Projects/11_TIMER_Breath_LED\main.c ****     /* configure the TIMER peripheral */
 119:C:/Users/49542/Desktop/GD32F30x_Demo_Suites_V2.0.0/GD32F30x_Demo_Suites_V2.0.0/BearPi-IoT_GD32F303_Demo_Suites/Projects/11_TIMER_Breath_LED\main.c ****     timer_config();
 198              		.loc 1 119 0
 199 0006 FFF7FEFF 		bl	timer_config
 200              	.LVL14:
 120:C:/Users/49542/Desktop/GD32F30x_Demo_Suites_V2.0.0/GD32F30x_Demo_Suites_V2.0.0/BearPi-IoT_GD32F303_Demo_Suites/Projects/11_TIMER_Breath_LED\main.c ****     
 121:C:/Users/49542/Desktop/GD32F30x_Demo_Suites_V2.0.0/GD32F30x_Demo_Suites_V2.0.0/BearPi-IoT_GD32F303_Demo_Suites/Projects/11_TIMER_Breath_LED\main.c ****     /* configure systick */
 122:C:/Users/49542/Desktop/GD32F30x_Demo_Suites_V2.0.0/GD32F30x_Demo_Suites_V2.0.0/BearPi-IoT_GD32F303_Demo_Suites/Projects/11_TIMER_Breath_LED\main.c ****     systick_config();
 201              		.loc 1 122 0
 202 000a FFF7FEFF 		bl	systick_config
 203              	.LVL15:
 113:C:/Users/49542/Desktop/GD32F30x_Demo_Suites_V2.0.0/GD32F30x_Demo_Suites_V2.0.0/BearPi-IoT_GD32F303_Demo_Suites/Projects/11_TIMER_Breath_LED\main.c ****     
 204              		.loc 1 113 0
 205 000e 0125     		movs	r5, #1
 112:C:/Users/49542/Desktop/GD32F30x_Demo_Suites_V2.0.0/GD32F30x_Demo_Suites_V2.0.0/BearPi-IoT_GD32F303_Demo_Suites/Projects/11_TIMER_Breath_LED\main.c ****     FlagStatus breathe_flag = SET;
 206              		.loc 1 112 0
 207 0010 0024     		movs	r4, #0
 208 0012 09E0     		b	.L14
 209              	.LVL16:
 210              	.L19:
 123:C:/Users/49542/Desktop/GD32F30x_Demo_Suites_V2.0.0/GD32F30x_Demo_Suites_V2.0.0/BearPi-IoT_GD32F303_Demo_Suites/Projects/11_TIMER_Breath_LED\main.c **** 
 124:C:/Users/49542/Desktop/GD32F30x_Demo_Suites_V2.0.0/GD32F30x_Demo_Suites_V2.0.0/BearPi-IoT_GD32F303_Demo_Suites/Projects/11_TIMER_Breath_LED\main.c ****     while (1){
 125:C:/Users/49542/Desktop/GD32F30x_Demo_Suites_V2.0.0/GD32F30x_Demo_Suites_V2.0.0/BearPi-IoT_GD32F303_Demo_Suites/Projects/11_TIMER_Breath_LED\main.c ****         /* delay a time in milliseconds */
 126:C:/Users/49542/Desktop/GD32F30x_Demo_Suites_V2.0.0/GD32F30x_Demo_Suites_V2.0.0/BearPi-IoT_GD32F303_Demo_Suites/Projects/11_TIMER_Breath_LED\main.c ****         delay_1ms(40);
 127:C:/Users/49542/Desktop/GD32F30x_Demo_Suites_V2.0.0/GD32F30x_Demo_Suites_V2.0.0/BearPi-IoT_GD32F303_Demo_Suites/Projects/11_TIMER_Breath_LED\main.c ****         if (SET == breathe_flag){
 128:C:/Users/49542/Desktop/GD32F30x_Demo_Suites_V2.0.0/GD32F30x_Demo_Suites_V2.0.0/BearPi-IoT_GD32F303_Demo_Suites/Projects/11_TIMER_Breath_LED\main.c ****              i = i + 10;
 211              		.loc 1 128 0
 212 0014 0A34     		adds	r4, r4, #10
 213              	.LVL17:
 214 0016 24B2     		sxth	r4, r4
 215              	.LVL18:
 216 0018 0DE0     		b	.L11
 217              	.LVL19:
ARM GAS  C:\Users\49542\AppData\Local\Temp\cckSXeiQ.s 			page 7


 218              	.L12:
 129:C:/Users/49542/Desktop/GD32F30x_Demo_Suites_V2.0.0/GD32F30x_Demo_Suites_V2.0.0/BearPi-IoT_GD32F303_Demo_Suites/Projects/11_TIMER_Breath_LED\main.c ****         }else{
 130:C:/Users/49542/Desktop/GD32F30x_Demo_Suites_V2.0.0/GD32F30x_Demo_Suites_V2.0.0/BearPi-IoT_GD32F303_Demo_Suites/Projects/11_TIMER_Breath_LED\main.c ****             i = i - 10;
 131:C:/Users/49542/Desktop/GD32F30x_Demo_Suites_V2.0.0/GD32F30x_Demo_Suites_V2.0.0/BearPi-IoT_GD32F303_Demo_Suites/Projects/11_TIMER_Breath_LED\main.c ****         }
 132:C:/Users/49542/Desktop/GD32F30x_Demo_Suites_V2.0.0/GD32F30x_Demo_Suites_V2.0.0/BearPi-IoT_GD32F303_Demo_Suites/Projects/11_TIMER_Breath_LED\main.c ****         if(500 < i){
 133:C:/Users/49542/Desktop/GD32F30x_Demo_Suites_V2.0.0/GD32F30x_Demo_Suites_V2.0.0/BearPi-IoT_GD32F303_Demo_Suites/Projects/11_TIMER_Breath_LED\main.c ****             breathe_flag = RESET;
 134:C:/Users/49542/Desktop/GD32F30x_Demo_Suites_V2.0.0/GD32F30x_Demo_Suites_V2.0.0/BearPi-IoT_GD32F303_Demo_Suites/Projects/11_TIMER_Breath_LED\main.c ****         }
 135:C:/Users/49542/Desktop/GD32F30x_Demo_Suites_V2.0.0/GD32F30x_Demo_Suites_V2.0.0/BearPi-IoT_GD32F303_Demo_Suites/Projects/11_TIMER_Breath_LED\main.c ****         if(0 >= i){
 219              		.loc 1 135 0
 220 001a 002C     		cmp	r4, #0
 221 001c 10DD     		ble	.L18
 222              	.LVL20:
 223              	.L13:
 136:C:/Users/49542/Desktop/GD32F30x_Demo_Suites_V2.0.0/GD32F30x_Demo_Suites_V2.0.0/BearPi-IoT_GD32F303_Demo_Suites/Projects/11_TIMER_Breath_LED\main.c ****             breathe_flag = SET;
 137:C:/Users/49542/Desktop/GD32F30x_Demo_Suites_V2.0.0/GD32F30x_Demo_Suites_V2.0.0/BearPi-IoT_GD32F303_Demo_Suites/Projects/11_TIMER_Breath_LED\main.c ****         }
 138:C:/Users/49542/Desktop/GD32F30x_Demo_Suites_V2.0.0/GD32F30x_Demo_Suites_V2.0.0/BearPi-IoT_GD32F303_Demo_Suites/Projects/11_TIMER_Breath_LED\main.c ****         /* configure TIMER channel output pulse value */
 139:C:/Users/49542/Desktop/GD32F30x_Demo_Suites_V2.0.0/GD32F30x_Demo_Suites_V2.0.0/BearPi-IoT_GD32F303_Demo_Suites/Projects/11_TIMER_Breath_LED\main.c ****         timer_channel_output_pulse_value_config(TIMER2,TIMER_CH_2,i);
 224              		.loc 1 139 0
 225 001e 2246     		mov	r2, r4
 226 0020 0221     		movs	r1, #2
 227 0022 0848     		ldr	r0, .L20
 228 0024 FFF7FEFF 		bl	timer_channel_output_pulse_value_config
 229              	.LVL21:
 230              	.L14:
 126:C:/Users/49542/Desktop/GD32F30x_Demo_Suites_V2.0.0/GD32F30x_Demo_Suites_V2.0.0/BearPi-IoT_GD32F303_Demo_Suites/Projects/11_TIMER_Breath_LED\main.c ****         if (SET == breathe_flag){
 231              		.loc 1 126 0
 232 0028 2820     		movs	r0, #40
 233 002a FFF7FEFF 		bl	delay_1ms
 234              	.LVL22:
 127:C:/Users/49542/Desktop/GD32F30x_Demo_Suites_V2.0.0/GD32F30x_Demo_Suites_V2.0.0/BearPi-IoT_GD32F303_Demo_Suites/Projects/11_TIMER_Breath_LED\main.c ****              i = i + 10;
 235              		.loc 1 127 0
 236 002e 002D     		cmp	r5, #0
 237 0030 F0D1     		bne	.L19
 130:C:/Users/49542/Desktop/GD32F30x_Demo_Suites_V2.0.0/GD32F30x_Demo_Suites_V2.0.0/BearPi-IoT_GD32F303_Demo_Suites/Projects/11_TIMER_Breath_LED\main.c ****         }
 238              		.loc 1 130 0
 239 0032 0A3C     		subs	r4, r4, #10
 240              	.LVL23:
 241 0034 24B2     		sxth	r4, r4
 242              	.LVL24:
 243              	.L11:
 132:C:/Users/49542/Desktop/GD32F30x_Demo_Suites_V2.0.0/GD32F30x_Demo_Suites_V2.0.0/BearPi-IoT_GD32F303_Demo_Suites/Projects/11_TIMER_Breath_LED\main.c ****             breathe_flag = RESET;
 244              		.loc 1 132 0
 245 0036 B4F5FA7F 		cmp	r4, #500
 246 003a EEDD     		ble	.L12
 133:C:/Users/49542/Desktop/GD32F30x_Demo_Suites_V2.0.0/GD32F30x_Demo_Suites_V2.0.0/BearPi-IoT_GD32F303_Demo_Suites/Projects/11_TIMER_Breath_LED\main.c ****         }
 247              		.loc 1 133 0
 248 003c 0025     		movs	r5, #0
 249              	.LVL25:
 250 003e ECE7     		b	.L12
 251              	.LVL26:
 252              	.L18:
 136:C:/Users/49542/Desktop/GD32F30x_Demo_Suites_V2.0.0/GD32F30x_Demo_Suites_V2.0.0/BearPi-IoT_GD32F303_Demo_Suites/Projects/11_TIMER_Breath_LED\main.c ****         }
 253              		.loc 1 136 0
 254 0040 0125     		movs	r5, #1
 255              	.LVL27:
 256 0042 ECE7     		b	.L13
 257              	.L21:
ARM GAS  C:\Users\49542\AppData\Local\Temp\cckSXeiQ.s 			page 8


 258              		.align	2
 259              	.L20:
 260 0044 00040040 		.word	1073742848
 261              		.cfi_endproc
 262              	.LFE121:
 264              		.text
 265              	.Letext0:
 266              		.file 2 "c:\\users\\49542\\opensourcetools\\gnu tools arm embedded\\7 2018-q2-update\\arm-none-eab
 267              		.file 3 "c:\\users\\49542\\opensourcetools\\gnu tools arm embedded\\7 2018-q2-update\\arm-none-eab
 268              		.file 4 "C:/Users/49542/Desktop/GD32F30x_Demo_Suites_V2.0.0/GD32F30x_Demo_Suites_V2.0.0/GD32F30x_F
 269              		.file 5 "C:/Users/49542/Desktop/GD32F30x_Demo_Suites_V2.0.0/GD32F30x_Demo_Suites_V2.0.0/GD32F30x_F
 270              		.file 6 "C:/Users/49542/Desktop/GD32F30x_Demo_Suites_V2.0.0/GD32F30x_Demo_Suites_V2.0.0/GD32F30x_F
 271              		.file 7 "C:/Users/49542/Desktop/GD32F30x_Demo_Suites_V2.0.0/GD32F30x_Demo_Suites_V2.0.0/GD32F30x_F
 272              		.file 8 "C:/Users/49542/Desktop/GD32F30x_Demo_Suites_V2.0.0/GD32F30x_Demo_Suites_V2.0.0/GD32F30x_F
 273              		.file 9 "c:\\users\\49542\\opensourcetools\\gnu tools arm embedded\\7 2018-q2-update\\arm-none-eab
 274              		.file 10 "c:\\users\\49542\\opensourcetools\\gnu tools arm embedded\\7 2018-q2-update\\arm-none-ea
 275              		.file 11 "c:\\users\\49542\\opensourcetools\\gnu tools arm embedded\\7 2018-q2-update\\lib\\gcc\\a
 276              		.file 12 "c:\\users\\49542\\opensourcetools\\gnu tools arm embedded\\7 2018-q2-update\\arm-none-ea
 277              		.file 13 "c:\\users\\49542\\opensourcetools\\gnu tools arm embedded\\7 2018-q2-update\\arm-none-ea
 278              		.file 14 "C:/Users/49542/Desktop/GD32F30x_Demo_Suites_V2.0.0/GD32F30x_Demo_Suites_V2.0.0/BearPi-Io
 279              		.file 15 "C:/Users/49542/Desktop/GD32F30x_Demo_Suites_V2.0.0/GD32F30x_Demo_Suites_V2.0.0/GD32F30x_
ARM GAS  C:\Users\49542\AppData\Local\Temp\cckSXeiQ.s 			page 9


DEFINED SYMBOLS
                            *ABS*:00000000 main.c
C:\Users\49542\AppData\Local\Temp\cckSXeiQ.s:18     .text.gpio_config:00000000 $t
C:\Users\49542\AppData\Local\Temp\cckSXeiQ.s:25     .text.gpio_config:00000000 gpio_config
C:\Users\49542\AppData\Local\Temp\cckSXeiQ.s:53     .text.gpio_config:00000018 $d
C:\Users\49542\AppData\Local\Temp\cckSXeiQ.s:58     .text.timer_config:00000000 $t
C:\Users\49542\AppData\Local\Temp\cckSXeiQ.s:65     .text.timer_config:00000000 timer_config
C:\Users\49542\AppData\Local\Temp\cckSXeiQ.s:169    .text.timer_config:00000094 $d
C:\Users\49542\AppData\Local\Temp\cckSXeiQ.s:174    .text.main:00000000 $t
C:\Users\49542\AppData\Local\Temp\cckSXeiQ.s:181    .text.main:00000000 main
C:\Users\49542\AppData\Local\Temp\cckSXeiQ.s:260    .text.main:00000044 $d

UNDEFINED SYMBOLS
rcu_periph_clock_enable
gpio_init
timer_deinit
timer_init
timer_channel_output_config
timer_channel_output_pulse_value_config
timer_channel_output_mode_config
timer_channel_output_shadow_config
timer_primary_output_config
timer_auto_reload_shadow_enable
timer_enable
systick_config
delay_1ms
